[2024-05-28T17:18:09.294+0000] {processor.py:154} INFO - Started process (PID=46) to work on /opt/airflow/dags/dag_extract_new.py
[2024-05-28T17:18:09.295+0000] {processor.py:756} INFO - Processing file /opt/airflow/dags/dag_extract_new.py for tasks to queue
[2024-05-28T17:18:09.296+0000] {logging_mixin.py:120} INFO - [2024-05-28T17:18:09.295+0000] {dagbag.py:537} INFO - Filling up the DagBag from /opt/airflow/dags/dag_extract_new.py
[2024-05-28T17:18:09.343+0000] {processor.py:766} INFO - DAG(s) dict_keys(['dag_extract_new']) retrieved from /opt/airflow/dags/dag_extract_new.py
[2024-05-28T17:18:09.386+0000] {logging_mixin.py:120} INFO - [2024-05-28T17:18:09.386+0000] {dag.py:2585} INFO - Sync 1 DAGs
[2024-05-28T17:18:09.417+0000] {logging_mixin.py:120} INFO - [2024-05-28T17:18:09.416+0000] {dag.py:3340} INFO - Setting next_dagrun for dag_extract_new to 2024-05-27T19:02:05.366803+00:00, run_after=2024-05-28T19:02:05.366803+00:00
[2024-05-28T17:18:09.444+0000] {processor.py:176} INFO - Processing /opt/airflow/dags/dag_extract_new.py took 0.153 seconds
[2024-05-28T17:18:39.687+0000] {processor.py:154} INFO - Started process (PID=111) to work on /opt/airflow/dags/dag_extract_new.py
[2024-05-28T17:18:39.688+0000] {processor.py:756} INFO - Processing file /opt/airflow/dags/dag_extract_new.py for tasks to queue
[2024-05-28T17:18:39.689+0000] {logging_mixin.py:120} INFO - [2024-05-28T17:18:39.689+0000] {dagbag.py:537} INFO - Filling up the DagBag from /opt/airflow/dags/dag_extract_new.py
[2024-05-28T17:18:39.736+0000] {processor.py:766} INFO - DAG(s) dict_keys(['dag_extract_new']) retrieved from /opt/airflow/dags/dag_extract_new.py
[2024-05-28T17:18:39.770+0000] {logging_mixin.py:120} INFO - [2024-05-28T17:18:39.769+0000] {dag.py:2585} INFO - Sync 1 DAGs
[2024-05-28T17:18:39.795+0000] {logging_mixin.py:120} INFO - [2024-05-28T17:18:39.795+0000] {dag.py:3340} INFO - Setting next_dagrun for dag_extract_new to 2024-05-27T19:02:05.366803+00:00, run_after=2024-05-28T19:02:05.366803+00:00
[2024-05-28T17:18:39.814+0000] {processor.py:176} INFO - Processing /opt/airflow/dags/dag_extract_new.py took 0.129 seconds
[2024-05-28T17:19:17.268+0000] {processor.py:154} INFO - Started process (PID=46) to work on /opt/airflow/dags/dag_extract_new.py
[2024-05-28T17:19:17.269+0000] {processor.py:756} INFO - Processing file /opt/airflow/dags/dag_extract_new.py for tasks to queue
[2024-05-28T17:19:17.270+0000] {logging_mixin.py:120} INFO - [2024-05-28T17:19:17.270+0000] {dagbag.py:537} INFO - Filling up the DagBag from /opt/airflow/dags/dag_extract_new.py
[2024-05-28T17:19:17.326+0000] {processor.py:766} INFO - DAG(s) dict_keys(['dag_extract_new']) retrieved from /opt/airflow/dags/dag_extract_new.py
[2024-05-28T17:19:17.377+0000] {logging_mixin.py:120} INFO - [2024-05-28T17:19:17.377+0000] {dag.py:2585} INFO - Sync 1 DAGs
[2024-05-28T17:19:17.403+0000] {logging_mixin.py:120} INFO - [2024-05-28T17:19:17.403+0000] {dag.py:3340} INFO - Setting next_dagrun for dag_extract_new to 2024-05-27T19:02:05.366803+00:00, run_after=2024-05-28T19:02:05.366803+00:00
[2024-05-28T17:19:17.424+0000] {processor.py:176} INFO - Processing /opt/airflow/dags/dag_extract_new.py took 0.158 seconds
[2024-05-28T17:19:48.219+0000] {processor.py:154} INFO - Started process (PID=111) to work on /opt/airflow/dags/dag_extract_new.py
[2024-05-28T17:19:48.220+0000] {processor.py:756} INFO - Processing file /opt/airflow/dags/dag_extract_new.py for tasks to queue
[2024-05-28T17:19:48.220+0000] {logging_mixin.py:120} INFO - [2024-05-28T17:19:48.220+0000] {dagbag.py:537} INFO - Filling up the DagBag from /opt/airflow/dags/dag_extract_new.py
[2024-05-28T17:19:48.262+0000] {processor.py:766} INFO - DAG(s) dict_keys(['dag_extract_new']) retrieved from /opt/airflow/dags/dag_extract_new.py
[2024-05-28T17:19:48.333+0000] {logging_mixin.py:120} INFO - [2024-05-28T17:19:48.333+0000] {dag.py:2585} INFO - Sync 1 DAGs
[2024-05-28T17:19:48.356+0000] {logging_mixin.py:120} INFO - [2024-05-28T17:19:48.356+0000] {dag.py:3340} INFO - Setting next_dagrun for dag_extract_new to 2024-05-27T19:02:05.366803+00:00, run_after=2024-05-28T19:02:05.366803+00:00
[2024-05-28T17:19:48.380+0000] {processor.py:176} INFO - Processing /opt/airflow/dags/dag_extract_new.py took 0.163 seconds
[2024-05-28T17:20:18.475+0000] {processor.py:154} INFO - Started process (PID=168) to work on /opt/airflow/dags/dag_extract_new.py
[2024-05-28T17:20:18.476+0000] {processor.py:756} INFO - Processing file /opt/airflow/dags/dag_extract_new.py for tasks to queue
[2024-05-28T17:20:18.477+0000] {logging_mixin.py:120} INFO - [2024-05-28T17:20:18.477+0000] {dagbag.py:537} INFO - Filling up the DagBag from /opt/airflow/dags/dag_extract_new.py
[2024-05-28T17:20:18.519+0000] {processor.py:766} INFO - DAG(s) dict_keys(['dag_extract_new']) retrieved from /opt/airflow/dags/dag_extract_new.py
[2024-05-28T17:20:18.558+0000] {logging_mixin.py:120} INFO - [2024-05-28T17:20:18.558+0000] {dag.py:2585} INFO - Sync 1 DAGs
[2024-05-28T17:20:18.585+0000] {logging_mixin.py:120} INFO - [2024-05-28T17:20:18.585+0000] {dag.py:3340} INFO - Setting next_dagrun for dag_extract_new to 2024-05-27T19:02:05.366803+00:00, run_after=2024-05-28T19:02:05.366803+00:00
[2024-05-28T17:20:18.606+0000] {processor.py:176} INFO - Processing /opt/airflow/dags/dag_extract_new.py took 0.132 seconds
[2024-05-28T17:20:48.761+0000] {processor.py:154} INFO - Started process (PID=233) to work on /opt/airflow/dags/dag_extract_new.py
[2024-05-28T17:20:48.762+0000] {processor.py:756} INFO - Processing file /opt/airflow/dags/dag_extract_new.py for tasks to queue
[2024-05-28T17:20:48.762+0000] {logging_mixin.py:120} INFO - [2024-05-28T17:20:48.762+0000] {dagbag.py:537} INFO - Filling up the DagBag from /opt/airflow/dags/dag_extract_new.py
[2024-05-28T17:20:48.806+0000] {processor.py:766} INFO - DAG(s) dict_keys(['dag_extract_new']) retrieved from /opt/airflow/dags/dag_extract_new.py
[2024-05-28T17:20:48.840+0000] {logging_mixin.py:120} INFO - [2024-05-28T17:20:48.840+0000] {dag.py:2585} INFO - Sync 1 DAGs
[2024-05-28T17:20:48.864+0000] {logging_mixin.py:120} INFO - [2024-05-28T17:20:48.864+0000] {dag.py:3340} INFO - Setting next_dagrun for dag_extract_new to 2024-05-27T19:02:05.366803+00:00, run_after=2024-05-28T19:02:05.366803+00:00
[2024-05-28T17:20:48.885+0000] {processor.py:176} INFO - Processing /opt/airflow/dags/dag_extract_new.py took 0.126 seconds
[2024-05-28T17:21:19.180+0000] {processor.py:154} INFO - Started process (PID=298) to work on /opt/airflow/dags/dag_extract_new.py
[2024-05-28T17:21:19.182+0000] {processor.py:756} INFO - Processing file /opt/airflow/dags/dag_extract_new.py for tasks to queue
[2024-05-28T17:21:19.183+0000] {logging_mixin.py:120} INFO - [2024-05-28T17:21:19.182+0000] {dagbag.py:537} INFO - Filling up the DagBag from /opt/airflow/dags/dag_extract_new.py
[2024-05-28T17:21:19.228+0000] {processor.py:766} INFO - DAG(s) dict_keys(['dag_extract_new']) retrieved from /opt/airflow/dags/dag_extract_new.py
[2024-05-28T17:21:19.261+0000] {logging_mixin.py:120} INFO - [2024-05-28T17:21:19.261+0000] {dag.py:2585} INFO - Sync 1 DAGs
[2024-05-28T17:21:19.287+0000] {logging_mixin.py:120} INFO - [2024-05-28T17:21:19.287+0000] {dag.py:3340} INFO - Setting next_dagrun for dag_extract_new to 2024-05-27T19:02:05.366803+00:00, run_after=2024-05-28T19:02:05.366803+00:00
[2024-05-28T17:21:19.309+0000] {processor.py:176} INFO - Processing /opt/airflow/dags/dag_extract_new.py took 0.131 seconds
[2024-05-28T17:21:49.504+0000] {processor.py:154} INFO - Started process (PID=354) to work on /opt/airflow/dags/dag_extract_new.py
[2024-05-28T17:21:49.505+0000] {processor.py:756} INFO - Processing file /opt/airflow/dags/dag_extract_new.py for tasks to queue
[2024-05-28T17:21:49.506+0000] {logging_mixin.py:120} INFO - [2024-05-28T17:21:49.506+0000] {dagbag.py:537} INFO - Filling up the DagBag from /opt/airflow/dags/dag_extract_new.py
[2024-05-28T17:21:49.548+0000] {processor.py:766} INFO - DAG(s) dict_keys(['dag_extract_new']) retrieved from /opt/airflow/dags/dag_extract_new.py
[2024-05-28T17:21:49.580+0000] {logging_mixin.py:120} INFO - [2024-05-28T17:21:49.580+0000] {dag.py:2585} INFO - Sync 1 DAGs
[2024-05-28T17:21:49.606+0000] {logging_mixin.py:120} INFO - [2024-05-28T17:21:49.606+0000] {dag.py:3340} INFO - Setting next_dagrun for dag_extract_new to 2024-05-27T19:02:05.366803+00:00, run_after=2024-05-28T19:02:05.366803+00:00
[2024-05-28T17:21:49.625+0000] {processor.py:176} INFO - Processing /opt/airflow/dags/dag_extract_new.py took 0.122 seconds
[2024-05-28T17:22:19.855+0000] {processor.py:154} INFO - Started process (PID=419) to work on /opt/airflow/dags/dag_extract_new.py
[2024-05-28T17:22:19.856+0000] {processor.py:756} INFO - Processing file /opt/airflow/dags/dag_extract_new.py for tasks to queue
[2024-05-28T17:22:19.857+0000] {logging_mixin.py:120} INFO - [2024-05-28T17:22:19.857+0000] {dagbag.py:537} INFO - Filling up the DagBag from /opt/airflow/dags/dag_extract_new.py
[2024-05-28T17:22:19.899+0000] {processor.py:766} INFO - DAG(s) dict_keys(['dag_extract_new']) retrieved from /opt/airflow/dags/dag_extract_new.py
[2024-05-28T17:22:19.933+0000] {logging_mixin.py:120} INFO - [2024-05-28T17:22:19.933+0000] {dag.py:2585} INFO - Sync 1 DAGs
[2024-05-28T17:22:19.958+0000] {logging_mixin.py:120} INFO - [2024-05-28T17:22:19.958+0000] {dag.py:3340} INFO - Setting next_dagrun for dag_extract_new to 2024-05-27T19:02:05.366803+00:00, run_after=2024-05-28T19:02:05.366803+00:00
[2024-05-28T17:22:19.980+0000] {processor.py:176} INFO - Processing /opt/airflow/dags/dag_extract_new.py took 0.127 seconds
[2024-05-28T17:22:50.772+0000] {processor.py:154} INFO - Started process (PID=484) to work on /opt/airflow/dags/dag_extract_new.py
[2024-05-28T17:22:50.773+0000] {processor.py:756} INFO - Processing file /opt/airflow/dags/dag_extract_new.py for tasks to queue
[2024-05-28T17:22:50.774+0000] {logging_mixin.py:120} INFO - [2024-05-28T17:22:50.774+0000] {dagbag.py:537} INFO - Filling up the DagBag from /opt/airflow/dags/dag_extract_new.py
[2024-05-28T17:22:50.844+0000] {processor.py:766} INFO - DAG(s) dict_keys(['dag_extract_new']) retrieved from /opt/airflow/dags/dag_extract_new.py
[2024-05-28T17:22:50.881+0000] {logging_mixin.py:120} INFO - [2024-05-28T17:22:50.881+0000] {dag.py:2585} INFO - Sync 1 DAGs
[2024-05-28T17:22:50.916+0000] {logging_mixin.py:120} INFO - [2024-05-28T17:22:50.916+0000] {dag.py:3340} INFO - Setting next_dagrun for dag_extract_new to 2024-05-27T19:02:05.366803+00:00, run_after=2024-05-28T19:02:05.366803+00:00
[2024-05-28T17:22:50.938+0000] {processor.py:176} INFO - Processing /opt/airflow/dags/dag_extract_new.py took 0.169 seconds
[2024-05-28T17:23:21.610+0000] {processor.py:154} INFO - Started process (PID=549) to work on /opt/airflow/dags/dag_extract_new.py
[2024-05-28T17:23:21.611+0000] {processor.py:756} INFO - Processing file /opt/airflow/dags/dag_extract_new.py for tasks to queue
[2024-05-28T17:23:21.613+0000] {logging_mixin.py:120} INFO - [2024-05-28T17:23:21.612+0000] {dagbag.py:537} INFO - Filling up the DagBag from /opt/airflow/dags/dag_extract_new.py
[2024-05-28T17:23:21.661+0000] {processor.py:766} INFO - DAG(s) dict_keys(['dag_extract_new']) retrieved from /opt/airflow/dags/dag_extract_new.py
[2024-05-28T17:23:21.695+0000] {logging_mixin.py:120} INFO - [2024-05-28T17:23:21.695+0000] {dag.py:2585} INFO - Sync 1 DAGs
[2024-05-28T17:23:21.719+0000] {logging_mixin.py:120} INFO - [2024-05-28T17:23:21.719+0000] {dag.py:3340} INFO - Setting next_dagrun for dag_extract_new to 2024-05-27T19:02:05.366803+00:00, run_after=2024-05-28T19:02:05.366803+00:00
[2024-05-28T17:23:21.744+0000] {processor.py:176} INFO - Processing /opt/airflow/dags/dag_extract_new.py took 0.137 seconds
[2024-05-28T17:23:52.549+0000] {processor.py:154} INFO - Started process (PID=605) to work on /opt/airflow/dags/dag_extract_new.py
[2024-05-28T17:23:52.550+0000] {processor.py:756} INFO - Processing file /opt/airflow/dags/dag_extract_new.py for tasks to queue
[2024-05-28T17:23:52.551+0000] {logging_mixin.py:120} INFO - [2024-05-28T17:23:52.551+0000] {dagbag.py:537} INFO - Filling up the DagBag from /opt/airflow/dags/dag_extract_new.py
[2024-05-28T17:23:52.591+0000] {processor.py:766} INFO - DAG(s) dict_keys(['dag_extract_new']) retrieved from /opt/airflow/dags/dag_extract_new.py
[2024-05-28T17:23:52.624+0000] {logging_mixin.py:120} INFO - [2024-05-28T17:23:52.624+0000] {dag.py:2585} INFO - Sync 1 DAGs
[2024-05-28T17:23:52.651+0000] {logging_mixin.py:120} INFO - [2024-05-28T17:23:52.651+0000] {dag.py:3340} INFO - Setting next_dagrun for dag_extract_new to 2024-05-27T19:02:05.366803+00:00, run_after=2024-05-28T19:02:05.366803+00:00
[2024-05-28T17:23:52.673+0000] {processor.py:176} INFO - Processing /opt/airflow/dags/dag_extract_new.py took 0.126 seconds
[2024-05-28T17:24:23.374+0000] {processor.py:154} INFO - Started process (PID=675) to work on /opt/airflow/dags/dag_extract_new.py
[2024-05-28T17:24:23.375+0000] {processor.py:756} INFO - Processing file /opt/airflow/dags/dag_extract_new.py for tasks to queue
[2024-05-28T17:24:23.376+0000] {logging_mixin.py:120} INFO - [2024-05-28T17:24:23.376+0000] {dagbag.py:537} INFO - Filling up the DagBag from /opt/airflow/dags/dag_extract_new.py
[2024-05-28T17:24:23.418+0000] {processor.py:766} INFO - DAG(s) dict_keys(['dag_extract_new']) retrieved from /opt/airflow/dags/dag_extract_new.py
[2024-05-28T17:24:23.453+0000] {logging_mixin.py:120} INFO - [2024-05-28T17:24:23.453+0000] {dag.py:2585} INFO - Sync 1 DAGs
[2024-05-28T17:24:23.479+0000] {logging_mixin.py:120} INFO - [2024-05-28T17:24:23.479+0000] {dag.py:3340} INFO - Setting next_dagrun for dag_extract_new to 2024-05-27T19:02:05.366803+00:00, run_after=2024-05-28T19:02:05.366803+00:00
[2024-05-28T17:24:23.501+0000] {processor.py:176} INFO - Processing /opt/airflow/dags/dag_extract_new.py took 0.130 seconds
[2024-05-28T17:24:53.647+0000] {processor.py:154} INFO - Started process (PID=740) to work on /opt/airflow/dags/dag_extract_new.py
[2024-05-28T17:24:53.648+0000] {processor.py:756} INFO - Processing file /opt/airflow/dags/dag_extract_new.py for tasks to queue
[2024-05-28T17:24:53.648+0000] {logging_mixin.py:120} INFO - [2024-05-28T17:24:53.648+0000] {dagbag.py:537} INFO - Filling up the DagBag from /opt/airflow/dags/dag_extract_new.py
[2024-05-28T17:24:53.688+0000] {processor.py:766} INFO - DAG(s) dict_keys(['dag_extract_new']) retrieved from /opt/airflow/dags/dag_extract_new.py
[2024-05-28T17:24:53.722+0000] {logging_mixin.py:120} INFO - [2024-05-28T17:24:53.722+0000] {dag.py:2585} INFO - Sync 1 DAGs
[2024-05-28T17:24:53.748+0000] {logging_mixin.py:120} INFO - [2024-05-28T17:24:53.748+0000] {dag.py:3340} INFO - Setting next_dagrun for dag_extract_new to 2024-05-27T19:02:05.366803+00:00, run_after=2024-05-28T19:02:05.366803+00:00
[2024-05-28T17:24:53.769+0000] {processor.py:176} INFO - Processing /opt/airflow/dags/dag_extract_new.py took 0.125 seconds
[2024-05-28T17:25:24.534+0000] {processor.py:154} INFO - Started process (PID=796) to work on /opt/airflow/dags/dag_extract_new.py
[2024-05-28T17:25:24.534+0000] {processor.py:756} INFO - Processing file /opt/airflow/dags/dag_extract_new.py for tasks to queue
[2024-05-28T17:25:24.535+0000] {logging_mixin.py:120} INFO - [2024-05-28T17:25:24.535+0000] {dagbag.py:537} INFO - Filling up the DagBag from /opt/airflow/dags/dag_extract_new.py
[2024-05-28T17:25:24.576+0000] {processor.py:766} INFO - DAG(s) dict_keys(['dag_extract_new']) retrieved from /opt/airflow/dags/dag_extract_new.py
[2024-05-28T17:25:24.652+0000] {logging_mixin.py:120} INFO - [2024-05-28T17:25:24.652+0000] {dag.py:2585} INFO - Sync 1 DAGs
[2024-05-28T17:25:24.678+0000] {logging_mixin.py:120} INFO - [2024-05-28T17:25:24.678+0000] {dag.py:3340} INFO - Setting next_dagrun for dag_extract_new to 2024-05-27T19:02:05.366803+00:00, run_after=2024-05-28T19:02:05.366803+00:00
[2024-05-28T17:25:24.699+0000] {processor.py:176} INFO - Processing /opt/airflow/dags/dag_extract_new.py took 0.168 seconds
[2024-05-28T17:25:55.518+0000] {processor.py:154} INFO - Started process (PID=861) to work on /opt/airflow/dags/dag_extract_new.py
[2024-05-28T17:25:55.519+0000] {processor.py:756} INFO - Processing file /opt/airflow/dags/dag_extract_new.py for tasks to queue
[2024-05-28T17:25:55.519+0000] {logging_mixin.py:120} INFO - [2024-05-28T17:25:55.519+0000] {dagbag.py:537} INFO - Filling up the DagBag from /opt/airflow/dags/dag_extract_new.py
[2024-05-28T17:25:55.558+0000] {processor.py:766} INFO - DAG(s) dict_keys(['dag_extract_new']) retrieved from /opt/airflow/dags/dag_extract_new.py
[2024-05-28T17:25:55.591+0000] {logging_mixin.py:120} INFO - [2024-05-28T17:25:55.591+0000] {dag.py:2585} INFO - Sync 1 DAGs
[2024-05-28T17:25:55.616+0000] {logging_mixin.py:120} INFO - [2024-05-28T17:25:55.616+0000] {dag.py:3340} INFO - Setting next_dagrun for dag_extract_new to 2024-05-27T19:02:05.366803+00:00, run_after=2024-05-28T19:02:05.366803+00:00
[2024-05-28T17:25:55.635+0000] {processor.py:176} INFO - Processing /opt/airflow/dags/dag_extract_new.py took 0.120 seconds
[2024-05-28T17:26:25.862+0000] {processor.py:154} INFO - Started process (PID=927) to work on /opt/airflow/dags/dag_extract_new.py
[2024-05-28T17:26:25.863+0000] {processor.py:756} INFO - Processing file /opt/airflow/dags/dag_extract_new.py for tasks to queue
[2024-05-28T17:26:25.864+0000] {logging_mixin.py:120} INFO - [2024-05-28T17:26:25.863+0000] {dagbag.py:537} INFO - Filling up the DagBag from /opt/airflow/dags/dag_extract_new.py
[2024-05-28T17:26:25.903+0000] {processor.py:766} INFO - DAG(s) dict_keys(['dag_extract_new']) retrieved from /opt/airflow/dags/dag_extract_new.py
[2024-05-28T17:26:25.939+0000] {logging_mixin.py:120} INFO - [2024-05-28T17:26:25.939+0000] {dag.py:2585} INFO - Sync 1 DAGs
[2024-05-28T17:26:25.966+0000] {logging_mixin.py:120} INFO - [2024-05-28T17:26:25.966+0000] {dag.py:3340} INFO - Setting next_dagrun for dag_extract_new to 2024-05-27T19:02:05.366803+00:00, run_after=2024-05-28T19:02:05.366803+00:00
[2024-05-28T17:26:25.989+0000] {processor.py:176} INFO - Processing /opt/airflow/dags/dag_extract_new.py took 0.129 seconds
[2024-05-28T17:26:56.072+0000] {processor.py:154} INFO - Started process (PID=983) to work on /opt/airflow/dags/dag_extract_new.py
[2024-05-28T17:26:56.073+0000] {processor.py:756} INFO - Processing file /opt/airflow/dags/dag_extract_new.py for tasks to queue
[2024-05-28T17:26:56.074+0000] {logging_mixin.py:120} INFO - [2024-05-28T17:26:56.074+0000] {dagbag.py:537} INFO - Filling up the DagBag from /opt/airflow/dags/dag_extract_new.py
[2024-05-28T17:26:56.113+0000] {processor.py:766} INFO - DAG(s) dict_keys(['dag_extract_new']) retrieved from /opt/airflow/dags/dag_extract_new.py
[2024-05-28T17:26:56.162+0000] {logging_mixin.py:120} INFO - [2024-05-28T17:26:56.162+0000] {dag.py:2585} INFO - Sync 1 DAGs
[2024-05-28T17:26:56.188+0000] {logging_mixin.py:120} INFO - [2024-05-28T17:26:56.188+0000] {dag.py:3340} INFO - Setting next_dagrun for dag_extract_new to 2024-05-27T19:02:05.366803+00:00, run_after=2024-05-28T19:02:05.366803+00:00
[2024-05-28T17:26:56.207+0000] {processor.py:176} INFO - Processing /opt/airflow/dags/dag_extract_new.py took 0.137 seconds
[2024-05-28T17:27:26.510+0000] {processor.py:154} INFO - Started process (PID=1047) to work on /opt/airflow/dags/dag_extract_new.py
[2024-05-28T17:27:26.511+0000] {processor.py:756} INFO - Processing file /opt/airflow/dags/dag_extract_new.py for tasks to queue
[2024-05-28T17:27:26.512+0000] {logging_mixin.py:120} INFO - [2024-05-28T17:27:26.512+0000] {dagbag.py:537} INFO - Filling up the DagBag from /opt/airflow/dags/dag_extract_new.py
[2024-05-28T17:27:26.550+0000] {processor.py:766} INFO - DAG(s) dict_keys(['dag_extract_new']) retrieved from /opt/airflow/dags/dag_extract_new.py
[2024-05-28T17:27:26.583+0000] {logging_mixin.py:120} INFO - [2024-05-28T17:27:26.583+0000] {dag.py:2585} INFO - Sync 1 DAGs
[2024-05-28T17:27:26.609+0000] {logging_mixin.py:120} INFO - [2024-05-28T17:27:26.608+0000] {dag.py:3340} INFO - Setting next_dagrun for dag_extract_new to 2024-05-27T19:02:05.366803+00:00, run_after=2024-05-28T19:02:05.366803+00:00
[2024-05-28T17:27:26.629+0000] {processor.py:176} INFO - Processing /opt/airflow/dags/dag_extract_new.py took 0.121 seconds
[2024-05-28T17:27:56.767+0000] {processor.py:154} INFO - Started process (PID=1112) to work on /opt/airflow/dags/dag_extract_new.py
[2024-05-28T17:27:56.768+0000] {processor.py:756} INFO - Processing file /opt/airflow/dags/dag_extract_new.py for tasks to queue
[2024-05-28T17:27:56.769+0000] {logging_mixin.py:120} INFO - [2024-05-28T17:27:56.769+0000] {dagbag.py:537} INFO - Filling up the DagBag from /opt/airflow/dags/dag_extract_new.py
[2024-05-28T17:27:56.809+0000] {processor.py:766} INFO - DAG(s) dict_keys(['dag_extract_new']) retrieved from /opt/airflow/dags/dag_extract_new.py
[2024-05-28T17:27:56.842+0000] {logging_mixin.py:120} INFO - [2024-05-28T17:27:56.842+0000] {dag.py:2585} INFO - Sync 1 DAGs
[2024-05-28T17:27:56.872+0000] {logging_mixin.py:120} INFO - [2024-05-28T17:27:56.871+0000] {dag.py:3340} INFO - Setting next_dagrun for dag_extract_new to 2024-05-27T19:02:05.366803+00:00, run_after=2024-05-28T19:02:05.366803+00:00
[2024-05-28T17:27:56.892+0000] {processor.py:176} INFO - Processing /opt/airflow/dags/dag_extract_new.py took 0.127 seconds
[2024-05-28T17:28:26.925+0000] {processor.py:154} INFO - Started process (PID=1169) to work on /opt/airflow/dags/dag_extract_new.py
[2024-05-28T17:28:26.926+0000] {processor.py:756} INFO - Processing file /opt/airflow/dags/dag_extract_new.py for tasks to queue
[2024-05-28T17:28:26.927+0000] {logging_mixin.py:120} INFO - [2024-05-28T17:28:26.927+0000] {dagbag.py:537} INFO - Filling up the DagBag from /opt/airflow/dags/dag_extract_new.py
[2024-05-28T17:28:26.965+0000] {processor.py:766} INFO - DAG(s) dict_keys(['dag_extract_new']) retrieved from /opt/airflow/dags/dag_extract_new.py
[2024-05-28T17:28:26.998+0000] {logging_mixin.py:120} INFO - [2024-05-28T17:28:26.998+0000] {dag.py:2585} INFO - Sync 1 DAGs
[2024-05-28T17:28:27.022+0000] {logging_mixin.py:120} INFO - [2024-05-28T17:28:27.022+0000] {dag.py:3340} INFO - Setting next_dagrun for dag_extract_new to 2024-05-27T19:02:05.366803+00:00, run_after=2024-05-28T19:02:05.366803+00:00
[2024-05-28T17:28:27.042+0000] {processor.py:176} INFO - Processing /opt/airflow/dags/dag_extract_new.py took 0.119 seconds
[2024-05-28T17:28:57.457+0000] {processor.py:154} INFO - Started process (PID=1234) to work on /opt/airflow/dags/dag_extract_new.py
[2024-05-28T17:28:57.458+0000] {processor.py:756} INFO - Processing file /opt/airflow/dags/dag_extract_new.py for tasks to queue
[2024-05-28T17:28:57.459+0000] {logging_mixin.py:120} INFO - [2024-05-28T17:28:57.459+0000] {dagbag.py:537} INFO - Filling up the DagBag from /opt/airflow/dags/dag_extract_new.py
[2024-05-28T17:28:57.497+0000] {processor.py:766} INFO - DAG(s) dict_keys(['dag_extract_new']) retrieved from /opt/airflow/dags/dag_extract_new.py
[2024-05-28T17:28:57.531+0000] {logging_mixin.py:120} INFO - [2024-05-28T17:28:57.530+0000] {dag.py:2585} INFO - Sync 1 DAGs
[2024-05-28T17:28:57.556+0000] {logging_mixin.py:120} INFO - [2024-05-28T17:28:57.556+0000] {dag.py:3340} INFO - Setting next_dagrun for dag_extract_new to 2024-05-27T19:02:05.366803+00:00, run_after=2024-05-28T19:02:05.366803+00:00
[2024-05-28T17:28:57.576+0000] {processor.py:176} INFO - Processing /opt/airflow/dags/dag_extract_new.py took 0.122 seconds
[2024-05-28T17:29:28.019+0000] {processor.py:154} INFO - Started process (PID=1299) to work on /opt/airflow/dags/dag_extract_new.py
[2024-05-28T17:29:28.020+0000] {processor.py:756} INFO - Processing file /opt/airflow/dags/dag_extract_new.py for tasks to queue
[2024-05-28T17:29:28.021+0000] {logging_mixin.py:120} INFO - [2024-05-28T17:29:28.021+0000] {dagbag.py:537} INFO - Filling up the DagBag from /opt/airflow/dags/dag_extract_new.py
[2024-05-28T17:29:28.060+0000] {processor.py:766} INFO - DAG(s) dict_keys(['dag_extract_new']) retrieved from /opt/airflow/dags/dag_extract_new.py
[2024-05-28T17:29:28.092+0000] {logging_mixin.py:120} INFO - [2024-05-28T17:29:28.092+0000] {dag.py:2585} INFO - Sync 1 DAGs
[2024-05-28T17:29:28.117+0000] {logging_mixin.py:120} INFO - [2024-05-28T17:29:28.117+0000] {dag.py:3340} INFO - Setting next_dagrun for dag_extract_new to 2024-05-27T19:02:05.366803+00:00, run_after=2024-05-28T19:02:05.366803+00:00
[2024-05-28T17:29:28.136+0000] {processor.py:176} INFO - Processing /opt/airflow/dags/dag_extract_new.py took 0.119 seconds
[2024-05-28T17:29:58.235+0000] {processor.py:154} INFO - Started process (PID=1364) to work on /opt/airflow/dags/dag_extract_new.py
[2024-05-28T17:29:58.236+0000] {processor.py:756} INFO - Processing file /opt/airflow/dags/dag_extract_new.py for tasks to queue
[2024-05-28T17:29:58.237+0000] {logging_mixin.py:120} INFO - [2024-05-28T17:29:58.237+0000] {dagbag.py:537} INFO - Filling up the DagBag from /opt/airflow/dags/dag_extract_new.py
[2024-05-28T17:29:58.275+0000] {processor.py:766} INFO - DAG(s) dict_keys(['dag_extract_new']) retrieved from /opt/airflow/dags/dag_extract_new.py
[2024-05-28T17:29:58.308+0000] {logging_mixin.py:120} INFO - [2024-05-28T17:29:58.308+0000] {dag.py:2585} INFO - Sync 1 DAGs
[2024-05-28T17:29:58.336+0000] {logging_mixin.py:120} INFO - [2024-05-28T17:29:58.336+0000] {dag.py:3340} INFO - Setting next_dagrun for dag_extract_new to 2024-05-27T19:02:05.366803+00:00, run_after=2024-05-28T19:02:05.366803+00:00
[2024-05-28T17:29:58.358+0000] {processor.py:176} INFO - Processing /opt/airflow/dags/dag_extract_new.py took 0.126 seconds
[2024-05-28T17:30:28.650+0000] {processor.py:154} INFO - Started process (PID=1420) to work on /opt/airflow/dags/dag_extract_new.py
[2024-05-28T17:30:28.651+0000] {processor.py:756} INFO - Processing file /opt/airflow/dags/dag_extract_new.py for tasks to queue
[2024-05-28T17:30:28.652+0000] {logging_mixin.py:120} INFO - [2024-05-28T17:30:28.651+0000] {dagbag.py:537} INFO - Filling up the DagBag from /opt/airflow/dags/dag_extract_new.py
[2024-05-28T17:30:28.690+0000] {processor.py:766} INFO - DAG(s) dict_keys(['dag_extract_new']) retrieved from /opt/airflow/dags/dag_extract_new.py
[2024-05-28T17:30:28.723+0000] {logging_mixin.py:120} INFO - [2024-05-28T17:30:28.723+0000] {dag.py:2585} INFO - Sync 1 DAGs
[2024-05-28T17:30:28.750+0000] {logging_mixin.py:120} INFO - [2024-05-28T17:30:28.750+0000] {dag.py:3340} INFO - Setting next_dagrun for dag_extract_new to 2024-05-27T19:02:05.366803+00:00, run_after=2024-05-28T19:02:05.366803+00:00
[2024-05-28T17:30:28.771+0000] {processor.py:176} INFO - Processing /opt/airflow/dags/dag_extract_new.py took 0.124 seconds
[2024-05-28T17:30:58.927+0000] {processor.py:154} INFO - Started process (PID=1485) to work on /opt/airflow/dags/dag_extract_new.py
[2024-05-28T17:30:58.928+0000] {processor.py:756} INFO - Processing file /opt/airflow/dags/dag_extract_new.py for tasks to queue
[2024-05-28T17:30:58.929+0000] {logging_mixin.py:120} INFO - [2024-05-28T17:30:58.929+0000] {dagbag.py:537} INFO - Filling up the DagBag from /opt/airflow/dags/dag_extract_new.py
[2024-05-28T17:30:58.967+0000] {processor.py:766} INFO - DAG(s) dict_keys(['dag_extract_new']) retrieved from /opt/airflow/dags/dag_extract_new.py
[2024-05-28T17:30:59.001+0000] {logging_mixin.py:120} INFO - [2024-05-28T17:30:59.001+0000] {dag.py:2585} INFO - Sync 1 DAGs
[2024-05-28T17:30:59.024+0000] {logging_mixin.py:120} INFO - [2024-05-28T17:30:59.024+0000] {dag.py:3340} INFO - Setting next_dagrun for dag_extract_new to 2024-05-27T19:02:05.366803+00:00, run_after=2024-05-28T19:02:05.366803+00:00
[2024-05-28T17:30:59.043+0000] {processor.py:176} INFO - Processing /opt/airflow/dags/dag_extract_new.py took 0.118 seconds
[2024-05-28T17:31:29.802+0000] {processor.py:154} INFO - Started process (PID=1550) to work on /opt/airflow/dags/dag_extract_new.py
[2024-05-28T17:31:29.803+0000] {processor.py:756} INFO - Processing file /opt/airflow/dags/dag_extract_new.py for tasks to queue
[2024-05-28T17:31:29.804+0000] {logging_mixin.py:120} INFO - [2024-05-28T17:31:29.804+0000] {dagbag.py:537} INFO - Filling up the DagBag from /opt/airflow/dags/dag_extract_new.py
[2024-05-28T17:31:29.843+0000] {processor.py:766} INFO - DAG(s) dict_keys(['dag_extract_new']) retrieved from /opt/airflow/dags/dag_extract_new.py
[2024-05-28T17:31:29.876+0000] {logging_mixin.py:120} INFO - [2024-05-28T17:31:29.876+0000] {dag.py:2585} INFO - Sync 1 DAGs
[2024-05-28T17:31:29.900+0000] {logging_mixin.py:120} INFO - [2024-05-28T17:31:29.900+0000] {dag.py:3340} INFO - Setting next_dagrun for dag_extract_new to 2024-05-27T19:02:05.366803+00:00, run_after=2024-05-28T19:02:05.366803+00:00
[2024-05-28T17:31:29.922+0000] {processor.py:176} INFO - Processing /opt/airflow/dags/dag_extract_new.py took 0.122 seconds
[2024-05-28T17:31:59.980+0000] {processor.py:154} INFO - Started process (PID=1606) to work on /opt/airflow/dags/dag_extract_new.py
[2024-05-28T17:31:59.981+0000] {processor.py:756} INFO - Processing file /opt/airflow/dags/dag_extract_new.py for tasks to queue
[2024-05-28T17:31:59.982+0000] {logging_mixin.py:120} INFO - [2024-05-28T17:31:59.982+0000] {dagbag.py:537} INFO - Filling up the DagBag from /opt/airflow/dags/dag_extract_new.py
[2024-05-28T17:32:00.022+0000] {processor.py:766} INFO - DAG(s) dict_keys(['dag_extract_new']) retrieved from /opt/airflow/dags/dag_extract_new.py
[2024-05-28T17:32:00.054+0000] {logging_mixin.py:120} INFO - [2024-05-28T17:32:00.054+0000] {dag.py:2585} INFO - Sync 1 DAGs
[2024-05-28T17:32:00.080+0000] {logging_mixin.py:120} INFO - [2024-05-28T17:32:00.080+0000] {dag.py:3340} INFO - Setting next_dagrun for dag_extract_new to 2024-05-27T19:02:05.366803+00:00, run_after=2024-05-28T19:02:05.366803+00:00
[2024-05-28T17:32:00.099+0000] {processor.py:176} INFO - Processing /opt/airflow/dags/dag_extract_new.py took 0.122 seconds
[2024-05-28T17:32:30.244+0000] {processor.py:154} INFO - Started process (PID=1671) to work on /opt/airflow/dags/dag_extract_new.py
[2024-05-28T17:32:30.245+0000] {processor.py:756} INFO - Processing file /opt/airflow/dags/dag_extract_new.py for tasks to queue
[2024-05-28T17:32:30.246+0000] {logging_mixin.py:120} INFO - [2024-05-28T17:32:30.246+0000] {dagbag.py:537} INFO - Filling up the DagBag from /opt/airflow/dags/dag_extract_new.py
[2024-05-28T17:32:30.284+0000] {processor.py:766} INFO - DAG(s) dict_keys(['dag_extract_new']) retrieved from /opt/airflow/dags/dag_extract_new.py
[2024-05-28T17:32:30.317+0000] {logging_mixin.py:120} INFO - [2024-05-28T17:32:30.317+0000] {dag.py:2585} INFO - Sync 1 DAGs
[2024-05-28T17:32:30.342+0000] {logging_mixin.py:120} INFO - [2024-05-28T17:32:30.342+0000] {dag.py:3340} INFO - Setting next_dagrun for dag_extract_new to 2024-05-27T19:02:05.366803+00:00, run_after=2024-05-28T19:02:05.366803+00:00
[2024-05-28T17:32:30.361+0000] {processor.py:176} INFO - Processing /opt/airflow/dags/dag_extract_new.py took 0.119 seconds
[2024-05-28T17:33:00.778+0000] {processor.py:154} INFO - Started process (PID=1736) to work on /opt/airflow/dags/dag_extract_new.py
[2024-05-28T17:33:00.779+0000] {processor.py:756} INFO - Processing file /opt/airflow/dags/dag_extract_new.py for tasks to queue
[2024-05-28T17:33:00.780+0000] {logging_mixin.py:120} INFO - [2024-05-28T17:33:00.780+0000] {dagbag.py:537} INFO - Filling up the DagBag from /opt/airflow/dags/dag_extract_new.py
[2024-05-28T17:33:00.819+0000] {processor.py:766} INFO - DAG(s) dict_keys(['dag_extract_new']) retrieved from /opt/airflow/dags/dag_extract_new.py
[2024-05-28T17:33:00.854+0000] {logging_mixin.py:120} INFO - [2024-05-28T17:33:00.854+0000] {dag.py:2585} INFO - Sync 1 DAGs
[2024-05-28T17:33:00.880+0000] {logging_mixin.py:120} INFO - [2024-05-28T17:33:00.880+0000] {dag.py:3340} INFO - Setting next_dagrun for dag_extract_new to 2024-05-27T19:02:05.366803+00:00, run_after=2024-05-28T19:02:05.366803+00:00
[2024-05-28T17:33:00.900+0000] {processor.py:176} INFO - Processing /opt/airflow/dags/dag_extract_new.py took 0.124 seconds
[2024-05-28T17:33:31.224+0000] {processor.py:154} INFO - Started process (PID=1792) to work on /opt/airflow/dags/dag_extract_new.py
[2024-05-28T17:33:31.225+0000] {processor.py:756} INFO - Processing file /opt/airflow/dags/dag_extract_new.py for tasks to queue
[2024-05-28T17:33:31.225+0000] {logging_mixin.py:120} INFO - [2024-05-28T17:33:31.225+0000] {dagbag.py:537} INFO - Filling up the DagBag from /opt/airflow/dags/dag_extract_new.py
[2024-05-28T17:33:31.264+0000] {processor.py:766} INFO - DAG(s) dict_keys(['dag_extract_new']) retrieved from /opt/airflow/dags/dag_extract_new.py
[2024-05-28T17:33:31.297+0000] {logging_mixin.py:120} INFO - [2024-05-28T17:33:31.296+0000] {dag.py:2585} INFO - Sync 1 DAGs
[2024-05-28T17:33:31.322+0000] {logging_mixin.py:120} INFO - [2024-05-28T17:33:31.321+0000] {dag.py:3340} INFO - Setting next_dagrun for dag_extract_new to 2024-05-27T19:02:05.366803+00:00, run_after=2024-05-28T19:02:05.366803+00:00
[2024-05-28T17:33:31.342+0000] {processor.py:176} INFO - Processing /opt/airflow/dags/dag_extract_new.py took 0.121 seconds
[2024-05-28T17:34:01.423+0000] {processor.py:154} INFO - Started process (PID=1857) to work on /opt/airflow/dags/dag_extract_new.py
[2024-05-28T17:34:01.424+0000] {processor.py:756} INFO - Processing file /opt/airflow/dags/dag_extract_new.py for tasks to queue
[2024-05-28T17:34:01.425+0000] {logging_mixin.py:120} INFO - [2024-05-28T17:34:01.425+0000] {dagbag.py:537} INFO - Filling up the DagBag from /opt/airflow/dags/dag_extract_new.py
[2024-05-28T17:34:01.467+0000] {processor.py:766} INFO - DAG(s) dict_keys(['dag_extract_new']) retrieved from /opt/airflow/dags/dag_extract_new.py
[2024-05-28T17:34:01.501+0000] {logging_mixin.py:120} INFO - [2024-05-28T17:34:01.501+0000] {dag.py:2585} INFO - Sync 1 DAGs
[2024-05-28T17:34:01.528+0000] {logging_mixin.py:120} INFO - [2024-05-28T17:34:01.527+0000] {dag.py:3340} INFO - Setting next_dagrun for dag_extract_new to 2024-05-27T19:02:05.366803+00:00, run_after=2024-05-28T19:02:05.366803+00:00
[2024-05-28T17:34:01.546+0000] {processor.py:176} INFO - Processing /opt/airflow/dags/dag_extract_new.py took 0.127 seconds
[2024-05-28T17:34:31.952+0000] {processor.py:154} INFO - Started process (PID=1922) to work on /opt/airflow/dags/dag_extract_new.py
[2024-05-28T17:34:31.953+0000] {processor.py:756} INFO - Processing file /opt/airflow/dags/dag_extract_new.py for tasks to queue
[2024-05-28T17:34:31.954+0000] {logging_mixin.py:120} INFO - [2024-05-28T17:34:31.953+0000] {dagbag.py:537} INFO - Filling up the DagBag from /opt/airflow/dags/dag_extract_new.py
[2024-05-28T17:34:31.990+0000] {processor.py:766} INFO - DAG(s) dict_keys(['dag_extract_new']) retrieved from /opt/airflow/dags/dag_extract_new.py
[2024-05-28T17:34:32.023+0000] {logging_mixin.py:120} INFO - [2024-05-28T17:34:32.023+0000] {dag.py:2585} INFO - Sync 1 DAGs
[2024-05-28T17:34:32.047+0000] {logging_mixin.py:120} INFO - [2024-05-28T17:34:32.047+0000] {dag.py:3340} INFO - Setting next_dagrun for dag_extract_new to 2024-05-27T19:02:05.366803+00:00, run_after=2024-05-28T19:02:05.366803+00:00
[2024-05-28T17:34:32.068+0000] {processor.py:176} INFO - Processing /opt/airflow/dags/dag_extract_new.py took 0.120 seconds
[2024-05-28T17:35:02.139+0000] {processor.py:154} INFO - Started process (PID=1978) to work on /opt/airflow/dags/dag_extract_new.py
[2024-05-28T17:35:02.140+0000] {processor.py:756} INFO - Processing file /opt/airflow/dags/dag_extract_new.py for tasks to queue
[2024-05-28T17:35:02.140+0000] {logging_mixin.py:120} INFO - [2024-05-28T17:35:02.140+0000] {dagbag.py:537} INFO - Filling up the DagBag from /opt/airflow/dags/dag_extract_new.py
[2024-05-28T17:35:02.189+0000] {processor.py:766} INFO - DAG(s) dict_keys(['dag_extract_new']) retrieved from /opt/airflow/dags/dag_extract_new.py
[2024-05-28T17:35:02.222+0000] {logging_mixin.py:120} INFO - [2024-05-28T17:35:02.222+0000] {dag.py:2585} INFO - Sync 1 DAGs
[2024-05-28T17:35:02.248+0000] {logging_mixin.py:120} INFO - [2024-05-28T17:35:02.247+0000] {dag.py:3340} INFO - Setting next_dagrun for dag_extract_new to 2024-05-27T19:02:05.366803+00:00, run_after=2024-05-28T19:02:05.366803+00:00
[2024-05-28T17:35:02.269+0000] {processor.py:176} INFO - Processing /opt/airflow/dags/dag_extract_new.py took 0.132 seconds
[2024-05-28T17:35:32.428+0000] {processor.py:154} INFO - Started process (PID=2043) to work on /opt/airflow/dags/dag_extract_new.py
[2024-05-28T17:35:32.429+0000] {processor.py:756} INFO - Processing file /opt/airflow/dags/dag_extract_new.py for tasks to queue
[2024-05-28T17:35:32.430+0000] {logging_mixin.py:120} INFO - [2024-05-28T17:35:32.430+0000] {dagbag.py:537} INFO - Filling up the DagBag from /opt/airflow/dags/dag_extract_new.py
[2024-05-28T17:35:32.468+0000] {processor.py:766} INFO - DAG(s) dict_keys(['dag_extract_new']) retrieved from /opt/airflow/dags/dag_extract_new.py
[2024-05-28T17:35:32.502+0000] {logging_mixin.py:120} INFO - [2024-05-28T17:35:32.502+0000] {dag.py:2585} INFO - Sync 1 DAGs
[2024-05-28T17:35:32.527+0000] {logging_mixin.py:120} INFO - [2024-05-28T17:35:32.527+0000] {dag.py:3340} INFO - Setting next_dagrun for dag_extract_new to 2024-05-27T19:02:05.366803+00:00, run_after=2024-05-28T19:02:05.366803+00:00
[2024-05-28T17:35:32.547+0000] {processor.py:176} INFO - Processing /opt/airflow/dags/dag_extract_new.py took 0.122 seconds
[2024-05-28T17:36:03.239+0000] {processor.py:154} INFO - Started process (PID=2108) to work on /opt/airflow/dags/dag_extract_new.py
[2024-05-28T17:36:03.240+0000] {processor.py:756} INFO - Processing file /opt/airflow/dags/dag_extract_new.py for tasks to queue
[2024-05-28T17:36:03.241+0000] {logging_mixin.py:120} INFO - [2024-05-28T17:36:03.241+0000] {dagbag.py:537} INFO - Filling up the DagBag from /opt/airflow/dags/dag_extract_new.py
[2024-05-28T17:36:03.284+0000] {processor.py:766} INFO - DAG(s) dict_keys(['dag_extract_new']) retrieved from /opt/airflow/dags/dag_extract_new.py
[2024-05-28T17:36:03.323+0000] {logging_mixin.py:120} INFO - [2024-05-28T17:36:03.323+0000] {dag.py:2585} INFO - Sync 1 DAGs
[2024-05-28T17:36:03.353+0000] {logging_mixin.py:120} INFO - [2024-05-28T17:36:03.352+0000] {dag.py:3340} INFO - Setting next_dagrun for dag_extract_new to 2024-05-27T19:02:05.366803+00:00, run_after=2024-05-28T19:02:05.366803+00:00
[2024-05-28T17:36:03.373+0000] {processor.py:176} INFO - Processing /opt/airflow/dags/dag_extract_new.py took 0.137 seconds
[2024-05-28T17:36:33.962+0000] {processor.py:154} INFO - Started process (PID=2164) to work on /opt/airflow/dags/dag_extract_new.py
[2024-05-28T17:36:33.962+0000] {processor.py:756} INFO - Processing file /opt/airflow/dags/dag_extract_new.py for tasks to queue
[2024-05-28T17:36:33.963+0000] {logging_mixin.py:120} INFO - [2024-05-28T17:36:33.963+0000] {dagbag.py:537} INFO - Filling up the DagBag from /opt/airflow/dags/dag_extract_new.py
[2024-05-28T17:36:34.004+0000] {processor.py:766} INFO - DAG(s) dict_keys(['dag_extract_new']) retrieved from /opt/airflow/dags/dag_extract_new.py
[2024-05-28T17:36:34.039+0000] {logging_mixin.py:120} INFO - [2024-05-28T17:36:34.039+0000] {dag.py:2585} INFO - Sync 1 DAGs
[2024-05-28T17:36:34.065+0000] {logging_mixin.py:120} INFO - [2024-05-28T17:36:34.064+0000] {dag.py:3340} INFO - Setting next_dagrun for dag_extract_new to 2024-05-27T19:02:05.366803+00:00, run_after=2024-05-28T19:02:05.366803+00:00
[2024-05-28T17:36:34.087+0000] {processor.py:176} INFO - Processing /opt/airflow/dags/dag_extract_new.py took 0.128 seconds
[2024-05-28T17:37:04.253+0000] {processor.py:154} INFO - Started process (PID=2231) to work on /opt/airflow/dags/dag_extract_new.py
[2024-05-28T17:37:04.254+0000] {processor.py:756} INFO - Processing file /opt/airflow/dags/dag_extract_new.py for tasks to queue
[2024-05-28T17:37:04.255+0000] {logging_mixin.py:120} INFO - [2024-05-28T17:37:04.255+0000] {dagbag.py:537} INFO - Filling up the DagBag from /opt/airflow/dags/dag_extract_new.py
[2024-05-28T17:37:04.294+0000] {processor.py:766} INFO - DAG(s) dict_keys(['dag_extract_new']) retrieved from /opt/airflow/dags/dag_extract_new.py
[2024-05-28T17:37:04.327+0000] {logging_mixin.py:120} INFO - [2024-05-28T17:37:04.327+0000] {dag.py:2585} INFO - Sync 1 DAGs
[2024-05-28T17:37:04.351+0000] {logging_mixin.py:120} INFO - [2024-05-28T17:37:04.351+0000] {dag.py:3340} INFO - Setting next_dagrun for dag_extract_new to 2024-05-27T19:02:05.366803+00:00, run_after=2024-05-28T19:02:05.366803+00:00
[2024-05-28T17:37:04.372+0000] {processor.py:176} INFO - Processing /opt/airflow/dags/dag_extract_new.py took 0.122 seconds
[2024-05-28T17:37:35.022+0000] {processor.py:154} INFO - Started process (PID=2295) to work on /opt/airflow/dags/dag_extract_new.py
[2024-05-28T17:37:35.023+0000] {processor.py:756} INFO - Processing file /opt/airflow/dags/dag_extract_new.py for tasks to queue
[2024-05-28T17:37:35.023+0000] {logging_mixin.py:120} INFO - [2024-05-28T17:37:35.023+0000] {dagbag.py:537} INFO - Filling up the DagBag from /opt/airflow/dags/dag_extract_new.py
[2024-05-28T17:37:35.064+0000] {processor.py:766} INFO - DAG(s) dict_keys(['dag_extract_new']) retrieved from /opt/airflow/dags/dag_extract_new.py
[2024-05-28T17:37:35.098+0000] {logging_mixin.py:120} INFO - [2024-05-28T17:37:35.097+0000] {dag.py:2585} INFO - Sync 1 DAGs
[2024-05-28T17:37:35.123+0000] {logging_mixin.py:120} INFO - [2024-05-28T17:37:35.123+0000] {dag.py:3340} INFO - Setting next_dagrun for dag_extract_new to 2024-05-27T19:02:05.366803+00:00, run_after=2024-05-28T19:02:05.366803+00:00
[2024-05-28T17:37:35.142+0000] {processor.py:176} INFO - Processing /opt/airflow/dags/dag_extract_new.py took 0.123 seconds
[2024-05-28T17:38:05.648+0000] {processor.py:154} INFO - Started process (PID=2351) to work on /opt/airflow/dags/dag_extract_new.py
[2024-05-28T17:38:05.649+0000] {processor.py:756} INFO - Processing file /opt/airflow/dags/dag_extract_new.py for tasks to queue
[2024-05-28T17:38:05.650+0000] {logging_mixin.py:120} INFO - [2024-05-28T17:38:05.650+0000] {dagbag.py:537} INFO - Filling up the DagBag from /opt/airflow/dags/dag_extract_new.py
[2024-05-28T17:38:05.688+0000] {processor.py:766} INFO - DAG(s) dict_keys(['dag_extract_new']) retrieved from /opt/airflow/dags/dag_extract_new.py
[2024-05-28T17:38:05.745+0000] {logging_mixin.py:120} INFO - [2024-05-28T17:38:05.745+0000] {dag.py:2585} INFO - Sync 1 DAGs
[2024-05-28T17:38:05.771+0000] {logging_mixin.py:120} INFO - [2024-05-28T17:38:05.771+0000] {dag.py:3340} INFO - Setting next_dagrun for dag_extract_new to 2024-05-27T19:02:05.366803+00:00, run_after=2024-05-28T19:02:05.366803+00:00
[2024-05-28T17:38:05.791+0000] {processor.py:176} INFO - Processing /opt/airflow/dags/dag_extract_new.py took 0.146 seconds
[2024-05-28T17:38:36.470+0000] {processor.py:154} INFO - Started process (PID=2416) to work on /opt/airflow/dags/dag_extract_new.py
[2024-05-28T17:38:36.471+0000] {processor.py:756} INFO - Processing file /opt/airflow/dags/dag_extract_new.py for tasks to queue
[2024-05-28T17:38:36.472+0000] {logging_mixin.py:120} INFO - [2024-05-28T17:38:36.472+0000] {dagbag.py:537} INFO - Filling up the DagBag from /opt/airflow/dags/dag_extract_new.py
[2024-05-28T17:38:36.509+0000] {processor.py:766} INFO - DAG(s) dict_keys(['dag_extract_new']) retrieved from /opt/airflow/dags/dag_extract_new.py
[2024-05-28T17:38:36.543+0000] {logging_mixin.py:120} INFO - [2024-05-28T17:38:36.542+0000] {dag.py:2585} INFO - Sync 1 DAGs
[2024-05-28T17:38:36.567+0000] {logging_mixin.py:120} INFO - [2024-05-28T17:38:36.567+0000] {dag.py:3340} INFO - Setting next_dagrun for dag_extract_new to 2024-05-27T19:02:05.366803+00:00, run_after=2024-05-28T19:02:05.366803+00:00
[2024-05-28T17:38:36.588+0000] {processor.py:176} INFO - Processing /opt/airflow/dags/dag_extract_new.py took 0.121 seconds
[2024-05-28T17:39:07.367+0000] {processor.py:154} INFO - Started process (PID=2481) to work on /opt/airflow/dags/dag_extract_new.py
[2024-05-28T17:39:07.368+0000] {processor.py:756} INFO - Processing file /opt/airflow/dags/dag_extract_new.py for tasks to queue
[2024-05-28T17:39:07.369+0000] {logging_mixin.py:120} INFO - [2024-05-28T17:39:07.369+0000] {dagbag.py:537} INFO - Filling up the DagBag from /opt/airflow/dags/dag_extract_new.py
[2024-05-28T17:39:07.409+0000] {processor.py:766} INFO - DAG(s) dict_keys(['dag_extract_new']) retrieved from /opt/airflow/dags/dag_extract_new.py
[2024-05-28T17:39:07.443+0000] {logging_mixin.py:120} INFO - [2024-05-28T17:39:07.443+0000] {dag.py:2585} INFO - Sync 1 DAGs
[2024-05-28T17:39:07.467+0000] {logging_mixin.py:120} INFO - [2024-05-28T17:39:07.467+0000] {dag.py:3340} INFO - Setting next_dagrun for dag_extract_new to 2024-05-27T19:02:05.366803+00:00, run_after=2024-05-28T19:02:05.366803+00:00
[2024-05-28T17:39:07.487+0000] {processor.py:176} INFO - Processing /opt/airflow/dags/dag_extract_new.py took 0.123 seconds
[2024-05-28T17:39:37.595+0000] {processor.py:154} INFO - Started process (PID=2546) to work on /opt/airflow/dags/dag_extract_new.py
[2024-05-28T17:39:37.597+0000] {processor.py:756} INFO - Processing file /opt/airflow/dags/dag_extract_new.py for tasks to queue
[2024-05-28T17:39:37.598+0000] {logging_mixin.py:120} INFO - [2024-05-28T17:39:37.597+0000] {dagbag.py:537} INFO - Filling up the DagBag from /opt/airflow/dags/dag_extract_new.py
[2024-05-28T17:39:37.640+0000] {processor.py:766} INFO - DAG(s) dict_keys(['dag_extract_new']) retrieved from /opt/airflow/dags/dag_extract_new.py
[2024-05-28T17:39:37.721+0000] {logging_mixin.py:120} INFO - [2024-05-28T17:39:37.721+0000] {dag.py:2585} INFO - Sync 1 DAGs
[2024-05-28T17:39:37.747+0000] {logging_mixin.py:120} INFO - [2024-05-28T17:39:37.746+0000] {dag.py:3340} INFO - Setting next_dagrun for dag_extract_new to 2024-05-27T19:02:05.366803+00:00, run_after=2024-05-28T19:02:05.366803+00:00
[2024-05-28T17:39:37.766+0000] {processor.py:176} INFO - Processing /opt/airflow/dags/dag_extract_new.py took 0.173 seconds
[2024-05-28T17:40:08.295+0000] {processor.py:154} INFO - Started process (PID=2602) to work on /opt/airflow/dags/dag_extract_new.py
[2024-05-28T17:40:08.296+0000] {processor.py:756} INFO - Processing file /opt/airflow/dags/dag_extract_new.py for tasks to queue
[2024-05-28T17:40:08.297+0000] {logging_mixin.py:120} INFO - [2024-05-28T17:40:08.297+0000] {dagbag.py:537} INFO - Filling up the DagBag from /opt/airflow/dags/dag_extract_new.py
[2024-05-28T17:40:08.335+0000] {processor.py:766} INFO - DAG(s) dict_keys(['dag_extract_new']) retrieved from /opt/airflow/dags/dag_extract_new.py
[2024-05-28T17:40:08.371+0000] {logging_mixin.py:120} INFO - [2024-05-28T17:40:08.371+0000] {dag.py:2585} INFO - Sync 1 DAGs
[2024-05-28T17:40:08.395+0000] {logging_mixin.py:120} INFO - [2024-05-28T17:40:08.395+0000] {dag.py:3340} INFO - Setting next_dagrun for dag_extract_new to 2024-05-27T19:02:05.366803+00:00, run_after=2024-05-28T19:02:05.366803+00:00
[2024-05-28T17:40:08.413+0000] {processor.py:176} INFO - Processing /opt/airflow/dags/dag_extract_new.py took 0.120 seconds
[2024-05-28T17:40:38.994+0000] {processor.py:154} INFO - Started process (PID=2667) to work on /opt/airflow/dags/dag_extract_new.py
[2024-05-28T17:40:38.995+0000] {processor.py:756} INFO - Processing file /opt/airflow/dags/dag_extract_new.py for tasks to queue
[2024-05-28T17:40:38.996+0000] {logging_mixin.py:120} INFO - [2024-05-28T17:40:38.996+0000] {dagbag.py:537} INFO - Filling up the DagBag from /opt/airflow/dags/dag_extract_new.py
[2024-05-28T17:40:39.035+0000] {processor.py:766} INFO - DAG(s) dict_keys(['dag_extract_new']) retrieved from /opt/airflow/dags/dag_extract_new.py
[2024-05-28T17:40:39.068+0000] {logging_mixin.py:120} INFO - [2024-05-28T17:40:39.068+0000] {dag.py:2585} INFO - Sync 1 DAGs
[2024-05-28T17:40:39.092+0000] {logging_mixin.py:120} INFO - [2024-05-28T17:40:39.092+0000] {dag.py:3340} INFO - Setting next_dagrun for dag_extract_new to 2024-05-27T19:02:05.366803+00:00, run_after=2024-05-28T19:02:05.366803+00:00
[2024-05-28T17:40:39.112+0000] {processor.py:176} INFO - Processing /opt/airflow/dags/dag_extract_new.py took 0.120 seconds
[2024-05-28T17:41:09.711+0000] {processor.py:154} INFO - Started process (PID=2732) to work on /opt/airflow/dags/dag_extract_new.py
[2024-05-28T17:41:09.712+0000] {processor.py:756} INFO - Processing file /opt/airflow/dags/dag_extract_new.py for tasks to queue
[2024-05-28T17:41:09.713+0000] {logging_mixin.py:120} INFO - [2024-05-28T17:41:09.713+0000] {dagbag.py:537} INFO - Filling up the DagBag from /opt/airflow/dags/dag_extract_new.py
[2024-05-28T17:41:09.757+0000] {processor.py:766} INFO - DAG(s) dict_keys(['dag_extract_new']) retrieved from /opt/airflow/dags/dag_extract_new.py
[2024-05-28T17:41:09.790+0000] {logging_mixin.py:120} INFO - [2024-05-28T17:41:09.790+0000] {dag.py:2585} INFO - Sync 1 DAGs
[2024-05-28T17:41:09.815+0000] {logging_mixin.py:120} INFO - [2024-05-28T17:41:09.815+0000] {dag.py:3340} INFO - Setting next_dagrun for dag_extract_new to 2024-05-27T19:02:05.366803+00:00, run_after=2024-05-28T19:02:05.366803+00:00
[2024-05-28T17:41:09.835+0000] {processor.py:176} INFO - Processing /opt/airflow/dags/dag_extract_new.py took 0.126 seconds
[2024-05-28T17:41:40.646+0000] {processor.py:154} INFO - Started process (PID=2788) to work on /opt/airflow/dags/dag_extract_new.py
[2024-05-28T17:41:40.647+0000] {processor.py:756} INFO - Processing file /opt/airflow/dags/dag_extract_new.py for tasks to queue
[2024-05-28T17:41:40.648+0000] {logging_mixin.py:120} INFO - [2024-05-28T17:41:40.647+0000] {dagbag.py:537} INFO - Filling up the DagBag from /opt/airflow/dags/dag_extract_new.py
[2024-05-28T17:41:40.687+0000] {processor.py:766} INFO - DAG(s) dict_keys(['dag_extract_new']) retrieved from /opt/airflow/dags/dag_extract_new.py
[2024-05-28T17:41:40.720+0000] {logging_mixin.py:120} INFO - [2024-05-28T17:41:40.720+0000] {dag.py:2585} INFO - Sync 1 DAGs
[2024-05-28T17:41:40.746+0000] {logging_mixin.py:120} INFO - [2024-05-28T17:41:40.746+0000] {dag.py:3340} INFO - Setting next_dagrun for dag_extract_new to 2024-05-27T19:02:05.366803+00:00, run_after=2024-05-28T19:02:05.366803+00:00
[2024-05-28T17:41:40.765+0000] {processor.py:176} INFO - Processing /opt/airflow/dags/dag_extract_new.py took 0.122 seconds
[2024-05-28T17:42:11.324+0000] {processor.py:154} INFO - Started process (PID=2853) to work on /opt/airflow/dags/dag_extract_new.py
[2024-05-28T17:42:11.325+0000] {processor.py:756} INFO - Processing file /opt/airflow/dags/dag_extract_new.py for tasks to queue
[2024-05-28T17:42:11.326+0000] {logging_mixin.py:120} INFO - [2024-05-28T17:42:11.325+0000] {dagbag.py:537} INFO - Filling up the DagBag from /opt/airflow/dags/dag_extract_new.py
[2024-05-28T17:42:11.364+0000] {processor.py:766} INFO - DAG(s) dict_keys(['dag_extract_new']) retrieved from /opt/airflow/dags/dag_extract_new.py
[2024-05-28T17:42:11.397+0000] {logging_mixin.py:120} INFO - [2024-05-28T17:42:11.397+0000] {dag.py:2585} INFO - Sync 1 DAGs
[2024-05-28T17:42:11.422+0000] {logging_mixin.py:120} INFO - [2024-05-28T17:42:11.422+0000] {dag.py:3340} INFO - Setting next_dagrun for dag_extract_new to 2024-05-27T19:02:05.366803+00:00, run_after=2024-05-28T19:02:05.366803+00:00
[2024-05-28T17:42:11.442+0000] {processor.py:176} INFO - Processing /opt/airflow/dags/dag_extract_new.py took 0.121 seconds
[2024-05-28T17:42:42.070+0000] {processor.py:154} INFO - Started process (PID=2918) to work on /opt/airflow/dags/dag_extract_new.py
[2024-05-28T17:42:42.071+0000] {processor.py:756} INFO - Processing file /opt/airflow/dags/dag_extract_new.py for tasks to queue
[2024-05-28T17:42:42.071+0000] {logging_mixin.py:120} INFO - [2024-05-28T17:42:42.071+0000] {dagbag.py:537} INFO - Filling up the DagBag from /opt/airflow/dags/dag_extract_new.py
[2024-05-28T17:42:42.109+0000] {processor.py:766} INFO - DAG(s) dict_keys(['dag_extract_new']) retrieved from /opt/airflow/dags/dag_extract_new.py
[2024-05-28T17:42:42.143+0000] {logging_mixin.py:120} INFO - [2024-05-28T17:42:42.142+0000] {dag.py:2585} INFO - Sync 1 DAGs
[2024-05-28T17:42:42.166+0000] {logging_mixin.py:120} INFO - [2024-05-28T17:42:42.166+0000] {dag.py:3340} INFO - Setting next_dagrun for dag_extract_new to 2024-05-27T19:02:05.366803+00:00, run_after=2024-05-28T19:02:05.366803+00:00
[2024-05-28T17:42:42.184+0000] {processor.py:176} INFO - Processing /opt/airflow/dags/dag_extract_new.py took 0.117 seconds
[2024-05-28T17:43:12.763+0000] {processor.py:154} INFO - Started process (PID=2983) to work on /opt/airflow/dags/dag_extract_new.py
[2024-05-28T17:43:12.764+0000] {processor.py:756} INFO - Processing file /opt/airflow/dags/dag_extract_new.py for tasks to queue
[2024-05-28T17:43:12.765+0000] {logging_mixin.py:120} INFO - [2024-05-28T17:43:12.765+0000] {dagbag.py:537} INFO - Filling up the DagBag from /opt/airflow/dags/dag_extract_new.py
[2024-05-28T17:43:12.811+0000] {processor.py:766} INFO - DAG(s) dict_keys(['dag_extract_new']) retrieved from /opt/airflow/dags/dag_extract_new.py
[2024-05-28T17:43:12.844+0000] {logging_mixin.py:120} INFO - [2024-05-28T17:43:12.844+0000] {dag.py:2585} INFO - Sync 1 DAGs
[2024-05-28T17:43:12.870+0000] {logging_mixin.py:120} INFO - [2024-05-28T17:43:12.870+0000] {dag.py:3340} INFO - Setting next_dagrun for dag_extract_new to 2024-05-27T19:02:05.366803+00:00, run_after=2024-05-28T19:02:05.366803+00:00
[2024-05-28T17:43:12.890+0000] {processor.py:176} INFO - Processing /opt/airflow/dags/dag_extract_new.py took 0.129 seconds
[2024-05-28T17:43:43.682+0000] {processor.py:154} INFO - Started process (PID=3039) to work on /opt/airflow/dags/dag_extract_new.py
[2024-05-28T17:43:43.684+0000] {processor.py:756} INFO - Processing file /opt/airflow/dags/dag_extract_new.py for tasks to queue
[2024-05-28T17:43:43.685+0000] {logging_mixin.py:120} INFO - [2024-05-28T17:43:43.685+0000] {dagbag.py:537} INFO - Filling up the DagBag from /opt/airflow/dags/dag_extract_new.py
[2024-05-28T17:43:43.732+0000] {processor.py:766} INFO - DAG(s) dict_keys(['dag_extract_new']) retrieved from /opt/airflow/dags/dag_extract_new.py
[2024-05-28T17:43:43.770+0000] {logging_mixin.py:120} INFO - [2024-05-28T17:43:43.770+0000] {dag.py:2585} INFO - Sync 1 DAGs
[2024-05-28T17:43:43.796+0000] {logging_mixin.py:120} INFO - [2024-05-28T17:43:43.796+0000] {dag.py:3340} INFO - Setting next_dagrun for dag_extract_new to 2024-05-27T19:02:05.366803+00:00, run_after=2024-05-28T19:02:05.366803+00:00
[2024-05-28T17:43:43.817+0000] {processor.py:176} INFO - Processing /opt/airflow/dags/dag_extract_new.py took 0.138 seconds
[2024-05-28T17:44:14.600+0000] {processor.py:154} INFO - Started process (PID=3104) to work on /opt/airflow/dags/dag_extract_new.py
[2024-05-28T17:44:14.601+0000] {processor.py:756} INFO - Processing file /opt/airflow/dags/dag_extract_new.py for tasks to queue
[2024-05-28T17:44:14.602+0000] {logging_mixin.py:120} INFO - [2024-05-28T17:44:14.602+0000] {dagbag.py:537} INFO - Filling up the DagBag from /opt/airflow/dags/dag_extract_new.py
[2024-05-28T17:44:14.640+0000] {processor.py:766} INFO - DAG(s) dict_keys(['dag_extract_new']) retrieved from /opt/airflow/dags/dag_extract_new.py
[2024-05-28T17:44:14.674+0000] {logging_mixin.py:120} INFO - [2024-05-28T17:44:14.674+0000] {dag.py:2585} INFO - Sync 1 DAGs
[2024-05-28T17:44:14.701+0000] {logging_mixin.py:120} INFO - [2024-05-28T17:44:14.700+0000] {dag.py:3340} INFO - Setting next_dagrun for dag_extract_new to 2024-05-27T19:02:05.366803+00:00, run_after=2024-05-28T19:02:05.366803+00:00
[2024-05-28T17:44:14.724+0000] {processor.py:176} INFO - Processing /opt/airflow/dags/dag_extract_new.py took 0.127 seconds
[2024-05-28T17:44:45.339+0000] {processor.py:154} INFO - Started process (PID=3169) to work on /opt/airflow/dags/dag_extract_new.py
[2024-05-28T17:44:45.340+0000] {processor.py:756} INFO - Processing file /opt/airflow/dags/dag_extract_new.py for tasks to queue
[2024-05-28T17:44:45.341+0000] {logging_mixin.py:120} INFO - [2024-05-28T17:44:45.341+0000] {dagbag.py:537} INFO - Filling up the DagBag from /opt/airflow/dags/dag_extract_new.py
[2024-05-28T17:44:45.382+0000] {processor.py:766} INFO - DAG(s) dict_keys(['dag_extract_new']) retrieved from /opt/airflow/dags/dag_extract_new.py
[2024-05-28T17:44:45.417+0000] {logging_mixin.py:120} INFO - [2024-05-28T17:44:45.417+0000] {dag.py:2585} INFO - Sync 1 DAGs
[2024-05-28T17:44:45.443+0000] {logging_mixin.py:120} INFO - [2024-05-28T17:44:45.443+0000] {dag.py:3340} INFO - Setting next_dagrun for dag_extract_new to 2024-05-27T19:02:05.366803+00:00, run_after=2024-05-28T19:02:05.366803+00:00
[2024-05-28T17:44:45.465+0000] {processor.py:176} INFO - Processing /opt/airflow/dags/dag_extract_new.py took 0.129 seconds
[2024-05-28T17:45:16.362+0000] {processor.py:154} INFO - Started process (PID=3225) to work on /opt/airflow/dags/dag_extract_new.py
[2024-05-28T17:45:16.363+0000] {processor.py:756} INFO - Processing file /opt/airflow/dags/dag_extract_new.py for tasks to queue
[2024-05-28T17:45:16.364+0000] {logging_mixin.py:120} INFO - [2024-05-28T17:45:16.364+0000] {dagbag.py:537} INFO - Filling up the DagBag from /opt/airflow/dags/dag_extract_new.py
[2024-05-28T17:45:16.406+0000] {processor.py:766} INFO - DAG(s) dict_keys(['dag_extract_new']) retrieved from /opt/airflow/dags/dag_extract_new.py
[2024-05-28T17:45:16.440+0000] {logging_mixin.py:120} INFO - [2024-05-28T17:45:16.440+0000] {dag.py:2585} INFO - Sync 1 DAGs
[2024-05-28T17:45:16.464+0000] {logging_mixin.py:120} INFO - [2024-05-28T17:45:16.464+0000] {dag.py:3340} INFO - Setting next_dagrun for dag_extract_new to 2024-05-27T19:02:05.366803+00:00, run_after=2024-05-28T19:02:05.366803+00:00
[2024-05-28T17:45:16.483+0000] {processor.py:176} INFO - Processing /opt/airflow/dags/dag_extract_new.py took 0.123 seconds
[2024-05-28T17:45:46.690+0000] {processor.py:154} INFO - Started process (PID=3290) to work on /opt/airflow/dags/dag_extract_new.py
[2024-05-28T17:45:46.691+0000] {processor.py:756} INFO - Processing file /opt/airflow/dags/dag_extract_new.py for tasks to queue
[2024-05-28T17:45:46.692+0000] {logging_mixin.py:120} INFO - [2024-05-28T17:45:46.692+0000] {dagbag.py:537} INFO - Filling up the DagBag from /opt/airflow/dags/dag_extract_new.py
[2024-05-28T17:45:46.730+0000] {processor.py:766} INFO - DAG(s) dict_keys(['dag_extract_new']) retrieved from /opt/airflow/dags/dag_extract_new.py
[2024-05-28T17:45:46.763+0000] {logging_mixin.py:120} INFO - [2024-05-28T17:45:46.763+0000] {dag.py:2585} INFO - Sync 1 DAGs
[2024-05-28T17:45:46.788+0000] {logging_mixin.py:120} INFO - [2024-05-28T17:45:46.788+0000] {dag.py:3340} INFO - Setting next_dagrun for dag_extract_new to 2024-05-27T19:02:05.366803+00:00, run_after=2024-05-28T19:02:05.366803+00:00
[2024-05-28T17:45:46.806+0000] {processor.py:176} INFO - Processing /opt/airflow/dags/dag_extract_new.py took 0.119 seconds
[2024-05-28T17:46:17.705+0000] {processor.py:154} INFO - Started process (PID=3355) to work on /opt/airflow/dags/dag_extract_new.py
[2024-05-28T17:46:17.706+0000] {processor.py:756} INFO - Processing file /opt/airflow/dags/dag_extract_new.py for tasks to queue
[2024-05-28T17:46:17.707+0000] {logging_mixin.py:120} INFO - [2024-05-28T17:46:17.707+0000] {dagbag.py:537} INFO - Filling up the DagBag from /opt/airflow/dags/dag_extract_new.py
[2024-05-28T17:46:17.746+0000] {processor.py:766} INFO - DAG(s) dict_keys(['dag_extract_new']) retrieved from /opt/airflow/dags/dag_extract_new.py
[2024-05-28T17:46:17.780+0000] {logging_mixin.py:120} INFO - [2024-05-28T17:46:17.780+0000] {dag.py:2585} INFO - Sync 1 DAGs
[2024-05-28T17:46:17.805+0000] {logging_mixin.py:120} INFO - [2024-05-28T17:46:17.805+0000] {dag.py:3340} INFO - Setting next_dagrun for dag_extract_new to 2024-05-27T19:02:05.366803+00:00, run_after=2024-05-28T19:02:05.366803+00:00
[2024-05-28T17:46:17.823+0000] {processor.py:176} INFO - Processing /opt/airflow/dags/dag_extract_new.py took 0.120 seconds
[2024-05-28T17:46:47.896+0000] {processor.py:154} INFO - Started process (PID=3420) to work on /opt/airflow/dags/dag_extract_new.py
[2024-05-28T17:46:47.897+0000] {processor.py:756} INFO - Processing file /opt/airflow/dags/dag_extract_new.py for tasks to queue
[2024-05-28T17:46:47.897+0000] {logging_mixin.py:120} INFO - [2024-05-28T17:46:47.897+0000] {dagbag.py:537} INFO - Filling up the DagBag from /opt/airflow/dags/dag_extract_new.py
[2024-05-28T17:46:47.938+0000] {processor.py:766} INFO - DAG(s) dict_keys(['dag_extract_new']) retrieved from /opt/airflow/dags/dag_extract_new.py
[2024-05-28T17:46:47.976+0000] {logging_mixin.py:120} INFO - [2024-05-28T17:46:47.976+0000] {dag.py:2585} INFO - Sync 1 DAGs
[2024-05-28T17:46:48.004+0000] {logging_mixin.py:120} INFO - [2024-05-28T17:46:48.004+0000] {dag.py:3340} INFO - Setting next_dagrun for dag_extract_new to 2024-05-27T19:02:05.366803+00:00, run_after=2024-05-28T19:02:05.366803+00:00
[2024-05-28T17:46:48.027+0000] {processor.py:176} INFO - Processing /opt/airflow/dags/dag_extract_new.py took 0.134 seconds
[2024-05-28T17:47:18.171+0000] {processor.py:154} INFO - Started process (PID=3476) to work on /opt/airflow/dags/dag_extract_new.py
[2024-05-28T17:47:18.172+0000] {processor.py:756} INFO - Processing file /opt/airflow/dags/dag_extract_new.py for tasks to queue
[2024-05-28T17:47:18.173+0000] {logging_mixin.py:120} INFO - [2024-05-28T17:47:18.173+0000] {dagbag.py:537} INFO - Filling up the DagBag from /opt/airflow/dags/dag_extract_new.py
[2024-05-28T17:47:18.212+0000] {processor.py:766} INFO - DAG(s) dict_keys(['dag_extract_new']) retrieved from /opt/airflow/dags/dag_extract_new.py
[2024-05-28T17:47:18.245+0000] {logging_mixin.py:120} INFO - [2024-05-28T17:47:18.245+0000] {dag.py:2585} INFO - Sync 1 DAGs
[2024-05-28T17:47:18.270+0000] {logging_mixin.py:120} INFO - [2024-05-28T17:47:18.270+0000] {dag.py:3340} INFO - Setting next_dagrun for dag_extract_new to 2024-05-27T19:02:05.366803+00:00, run_after=2024-05-28T19:02:05.366803+00:00
[2024-05-28T17:47:18.289+0000] {processor.py:176} INFO - Processing /opt/airflow/dags/dag_extract_new.py took 0.120 seconds
[2024-05-28T17:47:48.423+0000] {processor.py:154} INFO - Started process (PID=3541) to work on /opt/airflow/dags/dag_extract_new.py
[2024-05-28T17:47:48.424+0000] {processor.py:756} INFO - Processing file /opt/airflow/dags/dag_extract_new.py for tasks to queue
[2024-05-28T17:47:48.425+0000] {logging_mixin.py:120} INFO - [2024-05-28T17:47:48.425+0000] {dagbag.py:537} INFO - Filling up the DagBag from /opt/airflow/dags/dag_extract_new.py
[2024-05-28T17:47:48.464+0000] {processor.py:766} INFO - DAG(s) dict_keys(['dag_extract_new']) retrieved from /opt/airflow/dags/dag_extract_new.py
[2024-05-28T17:47:48.497+0000] {logging_mixin.py:120} INFO - [2024-05-28T17:47:48.497+0000] {dag.py:2585} INFO - Sync 1 DAGs
[2024-05-28T17:47:48.523+0000] {logging_mixin.py:120} INFO - [2024-05-28T17:47:48.523+0000] {dag.py:3340} INFO - Setting next_dagrun for dag_extract_new to 2024-05-27T19:02:05.366803+00:00, run_after=2024-05-28T19:02:05.366803+00:00
[2024-05-28T17:47:48.544+0000] {processor.py:176} INFO - Processing /opt/airflow/dags/dag_extract_new.py took 0.124 seconds
[2024-05-28T17:48:19.364+0000] {processor.py:154} INFO - Started process (PID=3606) to work on /opt/airflow/dags/dag_extract_new.py
[2024-05-28T17:48:19.365+0000] {processor.py:756} INFO - Processing file /opt/airflow/dags/dag_extract_new.py for tasks to queue
[2024-05-28T17:48:19.366+0000] {logging_mixin.py:120} INFO - [2024-05-28T17:48:19.366+0000] {dagbag.py:537} INFO - Filling up the DagBag from /opt/airflow/dags/dag_extract_new.py
[2024-05-28T17:48:19.404+0000] {processor.py:766} INFO - DAG(s) dict_keys(['dag_extract_new']) retrieved from /opt/airflow/dags/dag_extract_new.py
[2024-05-28T17:48:19.437+0000] {logging_mixin.py:120} INFO - [2024-05-28T17:48:19.437+0000] {dag.py:2585} INFO - Sync 1 DAGs
[2024-05-28T17:48:19.463+0000] {logging_mixin.py:120} INFO - [2024-05-28T17:48:19.463+0000] {dag.py:3340} INFO - Setting next_dagrun for dag_extract_new to 2024-05-27T19:02:05.366803+00:00, run_after=2024-05-28T19:02:05.366803+00:00
[2024-05-28T17:48:19.482+0000] {processor.py:176} INFO - Processing /opt/airflow/dags/dag_extract_new.py took 0.121 seconds
[2024-05-28T17:48:50.083+0000] {processor.py:154} INFO - Started process (PID=3662) to work on /opt/airflow/dags/dag_extract_new.py
[2024-05-28T17:48:50.084+0000] {processor.py:756} INFO - Processing file /opt/airflow/dags/dag_extract_new.py for tasks to queue
[2024-05-28T17:48:50.085+0000] {logging_mixin.py:120} INFO - [2024-05-28T17:48:50.085+0000] {dagbag.py:537} INFO - Filling up the DagBag from /opt/airflow/dags/dag_extract_new.py
[2024-05-28T17:48:50.124+0000] {processor.py:766} INFO - DAG(s) dict_keys(['dag_extract_new']) retrieved from /opt/airflow/dags/dag_extract_new.py
[2024-05-28T17:48:50.158+0000] {logging_mixin.py:120} INFO - [2024-05-28T17:48:50.158+0000] {dag.py:2585} INFO - Sync 1 DAGs
[2024-05-28T17:48:50.181+0000] {logging_mixin.py:120} INFO - [2024-05-28T17:48:50.181+0000] {dag.py:3340} INFO - Setting next_dagrun for dag_extract_new to 2024-05-27T19:02:05.366803+00:00, run_after=2024-05-28T19:02:05.366803+00:00
[2024-05-28T17:48:50.201+0000] {processor.py:176} INFO - Processing /opt/airflow/dags/dag_extract_new.py took 0.120 seconds
[2024-05-28T17:49:21.000+0000] {processor.py:154} INFO - Started process (PID=3727) to work on /opt/airflow/dags/dag_extract_new.py
[2024-05-28T17:49:21.001+0000] {processor.py:756} INFO - Processing file /opt/airflow/dags/dag_extract_new.py for tasks to queue
[2024-05-28T17:49:21.001+0000] {logging_mixin.py:120} INFO - [2024-05-28T17:49:21.001+0000] {dagbag.py:537} INFO - Filling up the DagBag from /opt/airflow/dags/dag_extract_new.py
[2024-05-28T17:49:21.041+0000] {processor.py:766} INFO - DAG(s) dict_keys(['dag_extract_new']) retrieved from /opt/airflow/dags/dag_extract_new.py
[2024-05-28T17:49:21.073+0000] {logging_mixin.py:120} INFO - [2024-05-28T17:49:21.073+0000] {dag.py:2585} INFO - Sync 1 DAGs
[2024-05-28T17:49:21.097+0000] {logging_mixin.py:120} INFO - [2024-05-28T17:49:21.097+0000] {dag.py:3340} INFO - Setting next_dagrun for dag_extract_new to 2024-05-27T19:02:05.366803+00:00, run_after=2024-05-28T19:02:05.366803+00:00
[2024-05-28T17:49:21.117+0000] {processor.py:176} INFO - Processing /opt/airflow/dags/dag_extract_new.py took 0.120 seconds
[2024-05-28T17:49:51.219+0000] {processor.py:154} INFO - Started process (PID=3792) to work on /opt/airflow/dags/dag_extract_new.py
[2024-05-28T17:49:51.220+0000] {processor.py:756} INFO - Processing file /opt/airflow/dags/dag_extract_new.py for tasks to queue
[2024-05-28T17:49:51.221+0000] {logging_mixin.py:120} INFO - [2024-05-28T17:49:51.221+0000] {dagbag.py:537} INFO - Filling up the DagBag from /opt/airflow/dags/dag_extract_new.py
[2024-05-28T17:49:51.259+0000] {processor.py:766} INFO - DAG(s) dict_keys(['dag_extract_new']) retrieved from /opt/airflow/dags/dag_extract_new.py
[2024-05-28T17:49:51.291+0000] {logging_mixin.py:120} INFO - [2024-05-28T17:49:51.291+0000] {dag.py:2585} INFO - Sync 1 DAGs
[2024-05-28T17:49:51.317+0000] {logging_mixin.py:120} INFO - [2024-05-28T17:49:51.316+0000] {dag.py:3340} INFO - Setting next_dagrun for dag_extract_new to 2024-05-27T19:02:05.366803+00:00, run_after=2024-05-28T19:02:05.366803+00:00
[2024-05-28T17:49:51.337+0000] {processor.py:176} INFO - Processing /opt/airflow/dags/dag_extract_new.py took 0.120 seconds
[2024-05-28T17:50:21.511+0000] {processor.py:154} INFO - Started process (PID=3848) to work on /opt/airflow/dags/dag_extract_new.py
[2024-05-28T17:50:21.512+0000] {processor.py:756} INFO - Processing file /opt/airflow/dags/dag_extract_new.py for tasks to queue
[2024-05-28T17:50:21.513+0000] {logging_mixin.py:120} INFO - [2024-05-28T17:50:21.513+0000] {dagbag.py:537} INFO - Filling up the DagBag from /opt/airflow/dags/dag_extract_new.py
[2024-05-28T17:50:21.552+0000] {processor.py:766} INFO - DAG(s) dict_keys(['dag_extract_new']) retrieved from /opt/airflow/dags/dag_extract_new.py
[2024-05-28T17:50:21.585+0000] {logging_mixin.py:120} INFO - [2024-05-28T17:50:21.585+0000] {dag.py:2585} INFO - Sync 1 DAGs
[2024-05-28T17:50:21.610+0000] {logging_mixin.py:120} INFO - [2024-05-28T17:50:21.610+0000] {dag.py:3340} INFO - Setting next_dagrun for dag_extract_new to 2024-05-27T19:02:05.366803+00:00, run_after=2024-05-28T19:02:05.366803+00:00
[2024-05-28T17:50:21.631+0000] {processor.py:176} INFO - Processing /opt/airflow/dags/dag_extract_new.py took 0.122 seconds
[2024-05-28T17:50:51.709+0000] {processor.py:154} INFO - Started process (PID=3913) to work on /opt/airflow/dags/dag_extract_new.py
[2024-05-28T17:50:51.710+0000] {processor.py:756} INFO - Processing file /opt/airflow/dags/dag_extract_new.py for tasks to queue
[2024-05-28T17:50:51.711+0000] {logging_mixin.py:120} INFO - [2024-05-28T17:50:51.711+0000] {dagbag.py:537} INFO - Filling up the DagBag from /opt/airflow/dags/dag_extract_new.py
[2024-05-28T17:50:51.750+0000] {processor.py:766} INFO - DAG(s) dict_keys(['dag_extract_new']) retrieved from /opt/airflow/dags/dag_extract_new.py
[2024-05-28T17:50:51.785+0000] {logging_mixin.py:120} INFO - [2024-05-28T17:50:51.785+0000] {dag.py:2585} INFO - Sync 1 DAGs
[2024-05-28T17:50:51.809+0000] {logging_mixin.py:120} INFO - [2024-05-28T17:50:51.809+0000] {dag.py:3340} INFO - Setting next_dagrun for dag_extract_new to 2024-05-27T19:02:05.366803+00:00, run_after=2024-05-28T19:02:05.366803+00:00
[2024-05-28T17:50:51.830+0000] {processor.py:176} INFO - Processing /opt/airflow/dags/dag_extract_new.py took 0.124 seconds
[2024-05-28T17:51:21.984+0000] {processor.py:154} INFO - Started process (PID=3978) to work on /opt/airflow/dags/dag_extract_new.py
[2024-05-28T17:51:21.985+0000] {processor.py:756} INFO - Processing file /opt/airflow/dags/dag_extract_new.py for tasks to queue
[2024-05-28T17:51:21.986+0000] {logging_mixin.py:120} INFO - [2024-05-28T17:51:21.986+0000] {dagbag.py:537} INFO - Filling up the DagBag from /opt/airflow/dags/dag_extract_new.py
[2024-05-28T17:51:22.025+0000] {processor.py:766} INFO - DAG(s) dict_keys(['dag_extract_new']) retrieved from /opt/airflow/dags/dag_extract_new.py
[2024-05-28T17:51:22.059+0000] {logging_mixin.py:120} INFO - [2024-05-28T17:51:22.059+0000] {dag.py:2585} INFO - Sync 1 DAGs
[2024-05-28T17:51:22.083+0000] {logging_mixin.py:120} INFO - [2024-05-28T17:51:22.083+0000] {dag.py:3340} INFO - Setting next_dagrun for dag_extract_new to 2024-05-27T19:02:05.366803+00:00, run_after=2024-05-28T19:02:05.366803+00:00
[2024-05-28T17:51:22.103+0000] {processor.py:176} INFO - Processing /opt/airflow/dags/dag_extract_new.py took 0.121 seconds
[2024-05-28T17:51:52.356+0000] {processor.py:154} INFO - Started process (PID=4034) to work on /opt/airflow/dags/dag_extract_new.py
[2024-05-28T17:51:52.357+0000] {processor.py:756} INFO - Processing file /opt/airflow/dags/dag_extract_new.py for tasks to queue
[2024-05-28T17:51:52.358+0000] {logging_mixin.py:120} INFO - [2024-05-28T17:51:52.358+0000] {dagbag.py:537} INFO - Filling up the DagBag from /opt/airflow/dags/dag_extract_new.py
[2024-05-28T17:51:52.397+0000] {processor.py:766} INFO - DAG(s) dict_keys(['dag_extract_new']) retrieved from /opt/airflow/dags/dag_extract_new.py
[2024-05-28T17:51:52.432+0000] {logging_mixin.py:120} INFO - [2024-05-28T17:51:52.431+0000] {dag.py:2585} INFO - Sync 1 DAGs
[2024-05-28T17:51:52.459+0000] {logging_mixin.py:120} INFO - [2024-05-28T17:51:52.458+0000] {dag.py:3340} INFO - Setting next_dagrun for dag_extract_new to 2024-05-27T19:02:05.366803+00:00, run_after=2024-05-28T19:02:05.366803+00:00
[2024-05-28T17:51:52.478+0000] {processor.py:176} INFO - Processing /opt/airflow/dags/dag_extract_new.py took 0.124 seconds
[2024-05-28T17:52:22.921+0000] {processor.py:154} INFO - Started process (PID=4100) to work on /opt/airflow/dags/dag_extract_new.py
[2024-05-28T17:52:22.922+0000] {processor.py:756} INFO - Processing file /opt/airflow/dags/dag_extract_new.py for tasks to queue
[2024-05-28T17:52:22.923+0000] {logging_mixin.py:120} INFO - [2024-05-28T17:52:22.923+0000] {dagbag.py:537} INFO - Filling up the DagBag from /opt/airflow/dags/dag_extract_new.py
[2024-05-28T17:52:22.963+0000] {processor.py:766} INFO - DAG(s) dict_keys(['dag_extract_new']) retrieved from /opt/airflow/dags/dag_extract_new.py
[2024-05-28T17:52:22.997+0000] {logging_mixin.py:120} INFO - [2024-05-28T17:52:22.996+0000] {dag.py:2585} INFO - Sync 1 DAGs
[2024-05-28T17:52:23.021+0000] {logging_mixin.py:120} INFO - [2024-05-28T17:52:23.021+0000] {dag.py:3340} INFO - Setting next_dagrun for dag_extract_new to 2024-05-27T19:02:05.366803+00:00, run_after=2024-05-28T19:02:05.366803+00:00
[2024-05-28T17:52:23.042+0000] {processor.py:176} INFO - Processing /opt/airflow/dags/dag_extract_new.py took 0.123 seconds
[2024-05-28T17:52:53.072+0000] {processor.py:154} INFO - Started process (PID=4165) to work on /opt/airflow/dags/dag_extract_new.py
[2024-05-28T17:52:53.073+0000] {processor.py:756} INFO - Processing file /opt/airflow/dags/dag_extract_new.py for tasks to queue
[2024-05-28T17:52:53.074+0000] {logging_mixin.py:120} INFO - [2024-05-28T17:52:53.074+0000] {dagbag.py:537} INFO - Filling up the DagBag from /opt/airflow/dags/dag_extract_new.py
[2024-05-28T17:52:53.115+0000] {processor.py:766} INFO - DAG(s) dict_keys(['dag_extract_new']) retrieved from /opt/airflow/dags/dag_extract_new.py
[2024-05-28T17:52:53.151+0000] {logging_mixin.py:120} INFO - [2024-05-28T17:52:53.150+0000] {dag.py:2585} INFO - Sync 1 DAGs
[2024-05-28T17:52:53.176+0000] {logging_mixin.py:120} INFO - [2024-05-28T17:52:53.176+0000] {dag.py:3340} INFO - Setting next_dagrun for dag_extract_new to 2024-05-27T19:02:05.366803+00:00, run_after=2024-05-28T19:02:05.366803+00:00
[2024-05-28T17:52:53.196+0000] {processor.py:176} INFO - Processing /opt/airflow/dags/dag_extract_new.py took 0.126 seconds
[2024-05-28T17:53:23.942+0000] {processor.py:154} INFO - Started process (PID=4230) to work on /opt/airflow/dags/dag_extract_new.py
[2024-05-28T17:53:23.943+0000] {processor.py:756} INFO - Processing file /opt/airflow/dags/dag_extract_new.py for tasks to queue
[2024-05-28T17:53:23.945+0000] {logging_mixin.py:120} INFO - [2024-05-28T17:53:23.944+0000] {dagbag.py:537} INFO - Filling up the DagBag from /opt/airflow/dags/dag_extract_new.py
[2024-05-28T17:53:23.984+0000] {processor.py:766} INFO - DAG(s) dict_keys(['dag_extract_new']) retrieved from /opt/airflow/dags/dag_extract_new.py
[2024-05-28T17:53:24.025+0000] {logging_mixin.py:120} INFO - [2024-05-28T17:53:24.025+0000] {dag.py:2585} INFO - Sync 1 DAGs
[2024-05-28T17:53:24.054+0000] {logging_mixin.py:120} INFO - [2024-05-28T17:53:24.053+0000] {dag.py:3340} INFO - Setting next_dagrun for dag_extract_new to 2024-05-27T19:02:05.366803+00:00, run_after=2024-05-28T19:02:05.366803+00:00
[2024-05-28T17:53:24.081+0000] {processor.py:176} INFO - Processing /opt/airflow/dags/dag_extract_new.py took 0.142 seconds
[2024-05-28T17:53:54.747+0000] {processor.py:154} INFO - Started process (PID=4286) to work on /opt/airflow/dags/dag_extract_new.py
[2024-05-28T17:53:54.748+0000] {processor.py:756} INFO - Processing file /opt/airflow/dags/dag_extract_new.py for tasks to queue
[2024-05-28T17:53:54.749+0000] {logging_mixin.py:120} INFO - [2024-05-28T17:53:54.749+0000] {dagbag.py:537} INFO - Filling up the DagBag from /opt/airflow/dags/dag_extract_new.py
[2024-05-28T17:53:54.789+0000] {processor.py:766} INFO - DAG(s) dict_keys(['dag_extract_new']) retrieved from /opt/airflow/dags/dag_extract_new.py
[2024-05-28T17:53:54.823+0000] {logging_mixin.py:120} INFO - [2024-05-28T17:53:54.823+0000] {dag.py:2585} INFO - Sync 1 DAGs
[2024-05-28T17:53:54.850+0000] {logging_mixin.py:120} INFO - [2024-05-28T17:53:54.850+0000] {dag.py:3340} INFO - Setting next_dagrun for dag_extract_new to 2024-05-27T19:02:05.366803+00:00, run_after=2024-05-28T19:02:05.366803+00:00
[2024-05-28T17:53:54.871+0000] {processor.py:176} INFO - Processing /opt/airflow/dags/dag_extract_new.py took 0.127 seconds
[2024-05-28T17:54:25.692+0000] {processor.py:154} INFO - Started process (PID=4352) to work on /opt/airflow/dags/dag_extract_new.py
[2024-05-28T17:54:25.693+0000] {processor.py:756} INFO - Processing file /opt/airflow/dags/dag_extract_new.py for tasks to queue
[2024-05-28T17:54:25.694+0000] {logging_mixin.py:120} INFO - [2024-05-28T17:54:25.694+0000] {dagbag.py:537} INFO - Filling up the DagBag from /opt/airflow/dags/dag_extract_new.py
[2024-05-28T17:54:25.733+0000] {processor.py:766} INFO - DAG(s) dict_keys(['dag_extract_new']) retrieved from /opt/airflow/dags/dag_extract_new.py
[2024-05-28T17:54:25.766+0000] {logging_mixin.py:120} INFO - [2024-05-28T17:54:25.766+0000] {dag.py:2585} INFO - Sync 1 DAGs
[2024-05-28T17:54:25.791+0000] {logging_mixin.py:120} INFO - [2024-05-28T17:54:25.791+0000] {dag.py:3340} INFO - Setting next_dagrun for dag_extract_new to 2024-05-27T19:02:05.366803+00:00, run_after=2024-05-28T19:02:05.366803+00:00
[2024-05-28T17:54:25.810+0000] {processor.py:176} INFO - Processing /opt/airflow/dags/dag_extract_new.py took 0.120 seconds
[2024-05-28T17:54:55.909+0000] {processor.py:154} INFO - Started process (PID=4417) to work on /opt/airflow/dags/dag_extract_new.py
[2024-05-28T17:54:55.910+0000] {processor.py:756} INFO - Processing file /opt/airflow/dags/dag_extract_new.py for tasks to queue
[2024-05-28T17:54:55.910+0000] {logging_mixin.py:120} INFO - [2024-05-28T17:54:55.910+0000] {dagbag.py:537} INFO - Filling up the DagBag from /opt/airflow/dags/dag_extract_new.py
[2024-05-28T17:54:55.952+0000] {processor.py:766} INFO - DAG(s) dict_keys(['dag_extract_new']) retrieved from /opt/airflow/dags/dag_extract_new.py
[2024-05-28T17:54:55.988+0000] {logging_mixin.py:120} INFO - [2024-05-28T17:54:55.988+0000] {dag.py:2585} INFO - Sync 1 DAGs
[2024-05-28T17:54:56.015+0000] {logging_mixin.py:120} INFO - [2024-05-28T17:54:56.014+0000] {dag.py:3340} INFO - Setting next_dagrun for dag_extract_new to 2024-05-27T19:02:05.366803+00:00, run_after=2024-05-28T19:02:05.366803+00:00
[2024-05-28T17:54:56.036+0000] {processor.py:176} INFO - Processing /opt/airflow/dags/dag_extract_new.py took 0.129 seconds
[2024-05-28T17:55:26.208+0000] {processor.py:154} INFO - Started process (PID=4474) to work on /opt/airflow/dags/dag_extract_new.py
[2024-05-28T17:55:26.209+0000] {processor.py:756} INFO - Processing file /opt/airflow/dags/dag_extract_new.py for tasks to queue
[2024-05-28T17:55:26.210+0000] {logging_mixin.py:120} INFO - [2024-05-28T17:55:26.209+0000] {dagbag.py:537} INFO - Filling up the DagBag from /opt/airflow/dags/dag_extract_new.py
[2024-05-28T17:55:26.256+0000] {processor.py:766} INFO - DAG(s) dict_keys(['dag_extract_new']) retrieved from /opt/airflow/dags/dag_extract_new.py
[2024-05-28T17:55:26.293+0000] {logging_mixin.py:120} INFO - [2024-05-28T17:55:26.293+0000] {dag.py:2585} INFO - Sync 1 DAGs
[2024-05-28T17:55:26.319+0000] {logging_mixin.py:120} INFO - [2024-05-28T17:55:26.319+0000] {dag.py:3340} INFO - Setting next_dagrun for dag_extract_new to 2024-05-27T19:02:05.366803+00:00, run_after=2024-05-28T19:02:05.366803+00:00
[2024-05-28T17:55:26.342+0000] {processor.py:176} INFO - Processing /opt/airflow/dags/dag_extract_new.py took 0.137 seconds
[2024-05-28T17:55:56.836+0000] {processor.py:154} INFO - Started process (PID=4539) to work on /opt/airflow/dags/dag_extract_new.py
[2024-05-28T17:55:56.837+0000] {processor.py:756} INFO - Processing file /opt/airflow/dags/dag_extract_new.py for tasks to queue
[2024-05-28T17:55:56.838+0000] {logging_mixin.py:120} INFO - [2024-05-28T17:55:56.838+0000] {dagbag.py:537} INFO - Filling up the DagBag from /opt/airflow/dags/dag_extract_new.py
[2024-05-28T17:55:56.883+0000] {processor.py:766} INFO - DAG(s) dict_keys(['dag_extract_new']) retrieved from /opt/airflow/dags/dag_extract_new.py
[2024-05-28T17:55:56.919+0000] {logging_mixin.py:120} INFO - [2024-05-28T17:55:56.919+0000] {dag.py:2585} INFO - Sync 1 DAGs
[2024-05-28T17:55:56.945+0000] {logging_mixin.py:120} INFO - [2024-05-28T17:55:56.944+0000] {dag.py:3340} INFO - Setting next_dagrun for dag_extract_new to 2024-05-27T19:02:05.366803+00:00, run_after=2024-05-28T19:02:05.366803+00:00
[2024-05-28T17:55:56.966+0000] {processor.py:176} INFO - Processing /opt/airflow/dags/dag_extract_new.py took 0.133 seconds
[2024-05-28T17:56:27.239+0000] {processor.py:154} INFO - Started process (PID=4604) to work on /opt/airflow/dags/dag_extract_new.py
[2024-05-28T17:56:27.240+0000] {processor.py:756} INFO - Processing file /opt/airflow/dags/dag_extract_new.py for tasks to queue
[2024-05-28T17:56:27.241+0000] {logging_mixin.py:120} INFO - [2024-05-28T17:56:27.241+0000] {dagbag.py:537} INFO - Filling up the DagBag from /opt/airflow/dags/dag_extract_new.py
[2024-05-28T17:56:27.280+0000] {processor.py:766} INFO - DAG(s) dict_keys(['dag_extract_new']) retrieved from /opt/airflow/dags/dag_extract_new.py
[2024-05-28T17:56:27.315+0000] {logging_mixin.py:120} INFO - [2024-05-28T17:56:27.315+0000] {dag.py:2585} INFO - Sync 1 DAGs
[2024-05-28T17:56:27.342+0000] {logging_mixin.py:120} INFO - [2024-05-28T17:56:27.342+0000] {dag.py:3340} INFO - Setting next_dagrun for dag_extract_new to 2024-05-27T19:02:05.366803+00:00, run_after=2024-05-28T19:02:05.366803+00:00
[2024-05-28T17:56:27.366+0000] {processor.py:176} INFO - Processing /opt/airflow/dags/dag_extract_new.py took 0.129 seconds
[2024-05-28T17:56:58.162+0000] {processor.py:154} INFO - Started process (PID=4660) to work on /opt/airflow/dags/dag_extract_new.py
[2024-05-28T17:56:58.163+0000] {processor.py:756} INFO - Processing file /opt/airflow/dags/dag_extract_new.py for tasks to queue
[2024-05-28T17:56:58.164+0000] {logging_mixin.py:120} INFO - [2024-05-28T17:56:58.164+0000] {dagbag.py:537} INFO - Filling up the DagBag from /opt/airflow/dags/dag_extract_new.py
[2024-05-28T17:56:58.205+0000] {processor.py:766} INFO - DAG(s) dict_keys(['dag_extract_new']) retrieved from /opt/airflow/dags/dag_extract_new.py
[2024-05-28T17:56:58.239+0000] {logging_mixin.py:120} INFO - [2024-05-28T17:56:58.239+0000] {dag.py:2585} INFO - Sync 1 DAGs
[2024-05-28T17:56:58.263+0000] {logging_mixin.py:120} INFO - [2024-05-28T17:56:58.263+0000] {dag.py:3340} INFO - Setting next_dagrun for dag_extract_new to 2024-05-27T19:02:05.366803+00:00, run_after=2024-05-28T19:02:05.366803+00:00
[2024-05-28T17:56:58.285+0000] {processor.py:176} INFO - Processing /opt/airflow/dags/dag_extract_new.py took 0.126 seconds
[2024-05-28T17:57:29.094+0000] {processor.py:154} INFO - Started process (PID=4726) to work on /opt/airflow/dags/dag_extract_new.py
[2024-05-28T17:57:29.095+0000] {processor.py:756} INFO - Processing file /opt/airflow/dags/dag_extract_new.py for tasks to queue
[2024-05-28T17:57:29.096+0000] {logging_mixin.py:120} INFO - [2024-05-28T17:57:29.096+0000] {dagbag.py:537} INFO - Filling up the DagBag from /opt/airflow/dags/dag_extract_new.py
[2024-05-28T17:57:29.135+0000] {processor.py:766} INFO - DAG(s) dict_keys(['dag_extract_new']) retrieved from /opt/airflow/dags/dag_extract_new.py
[2024-05-28T17:57:29.170+0000] {logging_mixin.py:120} INFO - [2024-05-28T17:57:29.169+0000] {dag.py:2585} INFO - Sync 1 DAGs
[2024-05-28T17:57:29.196+0000] {logging_mixin.py:120} INFO - [2024-05-28T17:57:29.196+0000] {dag.py:3340} INFO - Setting next_dagrun for dag_extract_new to 2024-05-27T19:02:05.366803+00:00, run_after=2024-05-28T19:02:05.366803+00:00
[2024-05-28T17:57:29.215+0000] {processor.py:176} INFO - Processing /opt/airflow/dags/dag_extract_new.py took 0.124 seconds
[2024-05-28T17:57:59.434+0000] {processor.py:154} INFO - Started process (PID=4791) to work on /opt/airflow/dags/dag_extract_new.py
[2024-05-28T17:57:59.435+0000] {processor.py:756} INFO - Processing file /opt/airflow/dags/dag_extract_new.py for tasks to queue
[2024-05-28T17:57:59.436+0000] {logging_mixin.py:120} INFO - [2024-05-28T17:57:59.436+0000] {dagbag.py:537} INFO - Filling up the DagBag from /opt/airflow/dags/dag_extract_new.py
[2024-05-28T17:57:59.474+0000] {processor.py:766} INFO - DAG(s) dict_keys(['dag_extract_new']) retrieved from /opt/airflow/dags/dag_extract_new.py
[2024-05-28T17:57:59.506+0000] {logging_mixin.py:120} INFO - [2024-05-28T17:57:59.506+0000] {dag.py:2585} INFO - Sync 1 DAGs
[2024-05-28T17:57:59.532+0000] {logging_mixin.py:120} INFO - [2024-05-28T17:57:59.532+0000] {dag.py:3340} INFO - Setting next_dagrun for dag_extract_new to 2024-05-27T19:02:05.366803+00:00, run_after=2024-05-28T19:02:05.366803+00:00
[2024-05-28T17:57:59.552+0000] {processor.py:176} INFO - Processing /opt/airflow/dags/dag_extract_new.py took 0.121 seconds
[2024-05-28T17:58:29.786+0000] {processor.py:154} INFO - Started process (PID=4854) to work on /opt/airflow/dags/dag_extract_new.py
[2024-05-28T17:58:29.787+0000] {processor.py:756} INFO - Processing file /opt/airflow/dags/dag_extract_new.py for tasks to queue
[2024-05-28T17:58:29.788+0000] {logging_mixin.py:120} INFO - [2024-05-28T17:58:29.788+0000] {dagbag.py:537} INFO - Filling up the DagBag from /opt/airflow/dags/dag_extract_new.py
[2024-05-28T17:58:29.830+0000] {processor.py:766} INFO - DAG(s) dict_keys(['dag_extract_new']) retrieved from /opt/airflow/dags/dag_extract_new.py
[2024-05-28T17:58:29.864+0000] {logging_mixin.py:120} INFO - [2024-05-28T17:58:29.864+0000] {dag.py:2585} INFO - Sync 1 DAGs
[2024-05-28T17:58:29.891+0000] {logging_mixin.py:120} INFO - [2024-05-28T17:58:29.891+0000] {dag.py:3340} INFO - Setting next_dagrun for dag_extract_new to 2024-05-27T19:02:05.366803+00:00, run_after=2024-05-28T19:02:05.366803+00:00
[2024-05-28T17:58:29.912+0000] {processor.py:176} INFO - Processing /opt/airflow/dags/dag_extract_new.py took 0.129 seconds
[2024-05-28T17:59:00.128+0000] {processor.py:154} INFO - Started process (PID=4912) to work on /opt/airflow/dags/dag_extract_new.py
[2024-05-28T17:59:00.129+0000] {processor.py:756} INFO - Processing file /opt/airflow/dags/dag_extract_new.py for tasks to queue
[2024-05-28T17:59:00.130+0000] {logging_mixin.py:120} INFO - [2024-05-28T17:59:00.130+0000] {dagbag.py:537} INFO - Filling up the DagBag from /opt/airflow/dags/dag_extract_new.py
[2024-05-28T17:59:00.170+0000] {processor.py:766} INFO - DAG(s) dict_keys(['dag_extract_new']) retrieved from /opt/airflow/dags/dag_extract_new.py
[2024-05-28T17:59:00.204+0000] {logging_mixin.py:120} INFO - [2024-05-28T17:59:00.203+0000] {dag.py:2585} INFO - Sync 1 DAGs
[2024-05-28T17:59:00.228+0000] {logging_mixin.py:120} INFO - [2024-05-28T17:59:00.227+0000] {dag.py:3340} INFO - Setting next_dagrun for dag_extract_new to 2024-05-27T19:02:05.366803+00:00, run_after=2024-05-28T19:02:05.366803+00:00
[2024-05-28T17:59:00.248+0000] {processor.py:176} INFO - Processing /opt/airflow/dags/dag_extract_new.py took 0.123 seconds
[2024-05-28T17:59:30.645+0000] {processor.py:154} INFO - Started process (PID=4977) to work on /opt/airflow/dags/dag_extract_new.py
[2024-05-28T17:59:30.646+0000] {processor.py:756} INFO - Processing file /opt/airflow/dags/dag_extract_new.py for tasks to queue
[2024-05-28T17:59:30.647+0000] {logging_mixin.py:120} INFO - [2024-05-28T17:59:30.646+0000] {dagbag.py:537} INFO - Filling up the DagBag from /opt/airflow/dags/dag_extract_new.py
[2024-05-28T17:59:30.686+0000] {processor.py:766} INFO - DAG(s) dict_keys(['dag_extract_new']) retrieved from /opt/airflow/dags/dag_extract_new.py
[2024-05-28T17:59:30.719+0000] {logging_mixin.py:120} INFO - [2024-05-28T17:59:30.719+0000] {dag.py:2585} INFO - Sync 1 DAGs
[2024-05-28T17:59:30.743+0000] {logging_mixin.py:120} INFO - [2024-05-28T17:59:30.742+0000] {dag.py:3340} INFO - Setting next_dagrun for dag_extract_new to 2024-05-27T19:02:05.366803+00:00, run_after=2024-05-28T19:02:05.366803+00:00
[2024-05-28T17:59:30.762+0000] {processor.py:176} INFO - Processing /opt/airflow/dags/dag_extract_new.py took 0.120 seconds
[2024-05-28T18:00:00.912+0000] {processor.py:154} INFO - Started process (PID=5042) to work on /opt/airflow/dags/dag_extract_new.py
[2024-05-28T18:00:00.913+0000] {processor.py:756} INFO - Processing file /opt/airflow/dags/dag_extract_new.py for tasks to queue
[2024-05-28T18:00:00.914+0000] {logging_mixin.py:120} INFO - [2024-05-28T18:00:00.914+0000] {dagbag.py:537} INFO - Filling up the DagBag from /opt/airflow/dags/dag_extract_new.py
[2024-05-28T18:00:00.960+0000] {processor.py:766} INFO - DAG(s) dict_keys(['dag_extract_new']) retrieved from /opt/airflow/dags/dag_extract_new.py
[2024-05-28T18:00:00.996+0000] {logging_mixin.py:120} INFO - [2024-05-28T18:00:00.996+0000] {dag.py:2585} INFO - Sync 1 DAGs
[2024-05-28T18:00:01.024+0000] {logging_mixin.py:120} INFO - [2024-05-28T18:00:01.024+0000] {dag.py:3340} INFO - Setting next_dagrun for dag_extract_new to 2024-05-27T19:02:05.366803+00:00, run_after=2024-05-28T19:02:05.366803+00:00
[2024-05-28T18:00:01.045+0000] {processor.py:176} INFO - Processing /opt/airflow/dags/dag_extract_new.py took 0.135 seconds
[2024-05-28T18:00:31.151+0000] {processor.py:154} INFO - Started process (PID=5099) to work on /opt/airflow/dags/dag_extract_new.py
[2024-05-28T18:00:31.152+0000] {processor.py:756} INFO - Processing file /opt/airflow/dags/dag_extract_new.py for tasks to queue
[2024-05-28T18:00:31.153+0000] {logging_mixin.py:120} INFO - [2024-05-28T18:00:31.153+0000] {dagbag.py:537} INFO - Filling up the DagBag from /opt/airflow/dags/dag_extract_new.py
[2024-05-28T18:00:31.193+0000] {processor.py:766} INFO - DAG(s) dict_keys(['dag_extract_new']) retrieved from /opt/airflow/dags/dag_extract_new.py
[2024-05-28T18:00:31.228+0000] {logging_mixin.py:120} INFO - [2024-05-28T18:00:31.227+0000] {dag.py:2585} INFO - Sync 1 DAGs
[2024-05-28T18:00:31.251+0000] {logging_mixin.py:120} INFO - [2024-05-28T18:00:31.251+0000] {dag.py:3340} INFO - Setting next_dagrun for dag_extract_new to 2024-05-27T19:02:05.366803+00:00, run_after=2024-05-28T19:02:05.366803+00:00
[2024-05-28T18:00:31.270+0000] {processor.py:176} INFO - Processing /opt/airflow/dags/dag_extract_new.py took 0.122 seconds
[2024-05-28T18:01:01.343+0000] {processor.py:154} INFO - Started process (PID=5165) to work on /opt/airflow/dags/dag_extract_new.py
[2024-05-28T18:01:01.344+0000] {processor.py:756} INFO - Processing file /opt/airflow/dags/dag_extract_new.py for tasks to queue
[2024-05-28T18:01:01.345+0000] {logging_mixin.py:120} INFO - [2024-05-28T18:01:01.345+0000] {dagbag.py:537} INFO - Filling up the DagBag from /opt/airflow/dags/dag_extract_new.py
[2024-05-28T18:01:01.384+0000] {processor.py:766} INFO - DAG(s) dict_keys(['dag_extract_new']) retrieved from /opt/airflow/dags/dag_extract_new.py
[2024-05-28T18:01:01.418+0000] {logging_mixin.py:120} INFO - [2024-05-28T18:01:01.418+0000] {dag.py:2585} INFO - Sync 1 DAGs
[2024-05-28T18:01:01.442+0000] {logging_mixin.py:120} INFO - [2024-05-28T18:01:01.442+0000] {dag.py:3340} INFO - Setting next_dagrun for dag_extract_new to 2024-05-27T19:02:05.366803+00:00, run_after=2024-05-28T19:02:05.366803+00:00
[2024-05-28T18:01:01.462+0000] {processor.py:176} INFO - Processing /opt/airflow/dags/dag_extract_new.py took 0.122 seconds
[2024-05-28T18:01:31.502+0000] {processor.py:154} INFO - Started process (PID=5230) to work on /opt/airflow/dags/dag_extract_new.py
[2024-05-28T18:01:31.503+0000] {processor.py:756} INFO - Processing file /opt/airflow/dags/dag_extract_new.py for tasks to queue
[2024-05-28T18:01:31.504+0000] {logging_mixin.py:120} INFO - [2024-05-28T18:01:31.504+0000] {dagbag.py:537} INFO - Filling up the DagBag from /opt/airflow/dags/dag_extract_new.py
[2024-05-28T18:01:31.545+0000] {processor.py:766} INFO - DAG(s) dict_keys(['dag_extract_new']) retrieved from /opt/airflow/dags/dag_extract_new.py
[2024-05-28T18:01:31.582+0000] {logging_mixin.py:120} INFO - [2024-05-28T18:01:31.582+0000] {dag.py:2585} INFO - Sync 1 DAGs
[2024-05-28T18:01:31.607+0000] {logging_mixin.py:120} INFO - [2024-05-28T18:01:31.607+0000] {dag.py:3340} INFO - Setting next_dagrun for dag_extract_new to 2024-05-27T19:02:05.366803+00:00, run_after=2024-05-28T19:02:05.366803+00:00
[2024-05-28T18:01:31.629+0000] {processor.py:176} INFO - Processing /opt/airflow/dags/dag_extract_new.py took 0.130 seconds
[2024-05-28T18:02:02.217+0000] {processor.py:154} INFO - Started process (PID=5286) to work on /opt/airflow/dags/dag_extract_new.py
[2024-05-28T18:02:02.218+0000] {processor.py:756} INFO - Processing file /opt/airflow/dags/dag_extract_new.py for tasks to queue
[2024-05-28T18:02:02.219+0000] {logging_mixin.py:120} INFO - [2024-05-28T18:02:02.219+0000] {dagbag.py:537} INFO - Filling up the DagBag from /opt/airflow/dags/dag_extract_new.py
[2024-05-28T18:02:02.261+0000] {processor.py:766} INFO - DAG(s) dict_keys(['dag_extract_new']) retrieved from /opt/airflow/dags/dag_extract_new.py
[2024-05-28T18:02:02.294+0000] {logging_mixin.py:120} INFO - [2024-05-28T18:02:02.294+0000] {dag.py:2585} INFO - Sync 1 DAGs
[2024-05-28T18:02:02.319+0000] {logging_mixin.py:120} INFO - [2024-05-28T18:02:02.319+0000] {dag.py:3340} INFO - Setting next_dagrun for dag_extract_new to 2024-05-27T19:02:05.366803+00:00, run_after=2024-05-28T19:02:05.366803+00:00
[2024-05-28T18:02:02.340+0000] {processor.py:176} INFO - Processing /opt/airflow/dags/dag_extract_new.py took 0.125 seconds
