[2024-05-28T18:55:16.207+0000] {taskinstance.py:1165} INFO - Dependencies all met for <TaskInstance: dag_extract.extract_sales_task manual__2024-05-28T18:55:15.462327+00:00 [queued]>
[2024-05-28T18:55:16.217+0000] {taskinstance.py:1165} INFO - Dependencies all met for <TaskInstance: dag_extract.extract_sales_task manual__2024-05-28T18:55:15.462327+00:00 [queued]>
[2024-05-28T18:55:16.218+0000] {taskinstance.py:1362} INFO - 
--------------------------------------------------------------------------------
[2024-05-28T18:55:16.219+0000] {taskinstance.py:1363} INFO - Starting attempt 1 of 1
[2024-05-28T18:55:16.219+0000] {taskinstance.py:1364} INFO - 
--------------------------------------------------------------------------------
[2024-05-28T18:55:16.240+0000] {taskinstance.py:1383} INFO - Executing <Task(PythonOperator): extract_sales_task> on 2024-05-28 18:55:15.462327+00:00
[2024-05-28T18:55:16.245+0000] {standard_task_runner.py:55} INFO - Started process 798 to run task
[2024-05-28T18:55:16.247+0000] {standard_task_runner.py:82} INFO - Running: ['***', 'tasks', 'run', 'dag_extract', 'extract_sales_task', 'manual__2024-05-28T18:55:15.462327+00:00', '--job-id', '52', '--raw', '--subdir', 'DAGS_FOLDER/dag_extract.py', '--cfg-path', '/tmp/tmpvk5v517_']
[2024-05-28T18:55:16.248+0000] {standard_task_runner.py:83} INFO - Job 52: Subtask extract_sales_task
[2024-05-28T18:55:16.303+0000] {task_command.py:376} INFO - Running <TaskInstance: dag_extract.extract_sales_task manual__2024-05-28T18:55:15.462327+00:00 [running]> on host 9a04f700e4be
[2024-05-28T18:55:16.371+0000] {taskinstance.py:1592} INFO - Exporting the following env vars:
AIRFLOW_CTX_DAG_OWNER=***
AIRFLOW_CTX_DAG_ID=dag_extract
AIRFLOW_CTX_TASK_ID=extract_sales_task
AIRFLOW_CTX_EXECUTION_DATE=2024-05-28T18:55:15.462327+00:00
AIRFLOW_CTX_TRY_NUMBER=1
AIRFLOW_CTX_DAG_RUN_ID=manual__2024-05-28T18:55:15.462327+00:00
[2024-05-28T18:55:16.495+0000] {logging_mixin.py:120} INFO - closed
[2024-05-28T18:55:16.496+0000] {python.py:177} INFO - Done. Returned value was: None
[2024-05-28T18:55:16.506+0000] {taskinstance.py:1406} INFO - Marking task as SUCCESS. dag_id=dag_extract, task_id=extract_sales_task, execution_date=20240528T185515, start_date=20240528T185516, end_date=20240528T185516
[2024-05-28T18:55:16.539+0000] {local_task_job.py:164} INFO - Task exited with return code 0
[2024-05-28T18:55:16.562+0000] {local_task_job.py:273} INFO - 1 downstream tasks scheduled from follow-on schedule check
