[2024-05-28T19:14:55.680+0000] {taskinstance.py:1165} INFO - Dependencies all met for <TaskInstance: dag_extract.extract_sales_task manual__2024-05-28T19:14:54.980135+00:00 [queued]>
[2024-05-28T19:14:55.692+0000] {taskinstance.py:1165} INFO - Dependencies all met for <TaskInstance: dag_extract.extract_sales_task manual__2024-05-28T19:14:54.980135+00:00 [queued]>
[2024-05-28T19:14:55.692+0000] {taskinstance.py:1362} INFO - 
--------------------------------------------------------------------------------
[2024-05-28T19:14:55.693+0000] {taskinstance.py:1363} INFO - Starting attempt 1 of 1
[2024-05-28T19:14:55.693+0000] {taskinstance.py:1364} INFO - 
--------------------------------------------------------------------------------
[2024-05-28T19:14:55.715+0000] {taskinstance.py:1383} INFO - Executing <Task(PythonOperator): extract_sales_task> on 2024-05-28 19:14:54.980135+00:00
[2024-05-28T19:14:55.766+0000] {standard_task_runner.py:55} INFO - Started process 1772 to run task
[2024-05-28T19:14:55.770+0000] {standard_task_runner.py:82} INFO - Running: ['***', 'tasks', 'run', 'dag_extract', 'extract_sales_task', 'manual__2024-05-28T19:14:54.980135+00:00', '--job-id', '76', '--raw', '--subdir', 'DAGS_FOLDER/dag_extract.py', '--cfg-path', '/tmp/tmpu7r2z6kh']
[2024-05-28T19:14:55.771+0000] {standard_task_runner.py:83} INFO - Job 76: Subtask extract_sales_task
[2024-05-28T19:14:55.840+0000] {task_command.py:376} INFO - Running <TaskInstance: dag_extract.extract_sales_task manual__2024-05-28T19:14:54.980135+00:00 [running]> on host 9a04f700e4be
[2024-05-28T19:14:55.914+0000] {taskinstance.py:1592} INFO - Exporting the following env vars:
AIRFLOW_CTX_DAG_OWNER=***
AIRFLOW_CTX_DAG_ID=dag_extract
AIRFLOW_CTX_TASK_ID=extract_sales_task
AIRFLOW_CTX_EXECUTION_DATE=2024-05-28T19:14:54.980135+00:00
AIRFLOW_CTX_TRY_NUMBER=1
AIRFLOW_CTX_DAG_RUN_ID=manual__2024-05-28T19:14:54.980135+00:00
[2024-05-28T19:14:56.051+0000] {logging_mixin.py:120} INFO - closed
[2024-05-28T19:14:56.052+0000] {python.py:177} INFO - Done. Returned value was: None
[2024-05-28T19:14:56.062+0000] {taskinstance.py:1406} INFO - Marking task as SUCCESS. dag_id=dag_extract, task_id=extract_sales_task, execution_date=20240528T191454, start_date=20240528T191455, end_date=20240528T191456
[2024-05-28T19:14:56.102+0000] {local_task_job.py:164} INFO - Task exited with return code 0
[2024-05-28T19:14:56.137+0000] {local_task_job.py:273} INFO - 1 downstream tasks scheduled from follow-on schedule check
