[2024-05-28T19:07:34.991+0000] {taskinstance.py:1165} INFO - Dependencies all met for <TaskInstance: dag_extract.extract_orders_task manual__2024-05-28T19:07:34.242865+00:00 [queued]>
[2024-05-28T19:07:35.003+0000] {taskinstance.py:1165} INFO - Dependencies all met for <TaskInstance: dag_extract.extract_orders_task manual__2024-05-28T19:07:34.242865+00:00 [queued]>
[2024-05-28T19:07:35.003+0000] {taskinstance.py:1362} INFO - 
--------------------------------------------------------------------------------
[2024-05-28T19:07:35.004+0000] {taskinstance.py:1363} INFO - Starting attempt 1 of 1
[2024-05-28T19:07:35.005+0000] {taskinstance.py:1364} INFO - 
--------------------------------------------------------------------------------
[2024-05-28T19:07:35.022+0000] {taskinstance.py:1383} INFO - Executing <Task(PythonOperator): extract_orders_task> on 2024-05-28 19:07:34.242865+00:00
[2024-05-28T19:07:35.026+0000] {standard_task_runner.py:55} INFO - Started process 1407 to run task
[2024-05-28T19:07:35.029+0000] {standard_task_runner.py:82} INFO - Running: ['***', 'tasks', 'run', 'dag_extract', 'extract_orders_task', 'manual__2024-05-28T19:07:34.242865+00:00', '--job-id', '64', '--raw', '--subdir', 'DAGS_FOLDER/dag_extract.py', '--cfg-path', '/tmp/tmpruvv2fkk']
[2024-05-28T19:07:35.030+0000] {standard_task_runner.py:83} INFO - Job 64: Subtask extract_orders_task
[2024-05-28T19:07:35.090+0000] {task_command.py:376} INFO - Running <TaskInstance: dag_extract.extract_orders_task manual__2024-05-28T19:07:34.242865+00:00 [running]> on host 9a04f700e4be
[2024-05-28T19:07:35.163+0000] {taskinstance.py:1592} INFO - Exporting the following env vars:
AIRFLOW_CTX_DAG_OWNER=***
AIRFLOW_CTX_DAG_ID=dag_extract
AIRFLOW_CTX_TASK_ID=extract_orders_task
AIRFLOW_CTX_EXECUTION_DATE=2024-05-28T19:07:34.242865+00:00
AIRFLOW_CTX_TRY_NUMBER=1
AIRFLOW_CTX_DAG_RUN_ID=manual__2024-05-28T19:07:34.242865+00:00
[2024-05-28T19:07:35.308+0000] {logging_mixin.py:120} INFO - closed
[2024-05-28T19:07:35.309+0000] {python.py:177} INFO - Done. Returned value was: None
[2024-05-28T19:07:35.319+0000] {taskinstance.py:1406} INFO - Marking task as SUCCESS. dag_id=dag_extract, task_id=extract_orders_task, execution_date=20240528T190734, start_date=20240528T190734, end_date=20240528T190735
[2024-05-28T19:07:35.362+0000] {local_task_job.py:164} INFO - Task exited with return code 0
[2024-05-28T19:07:35.385+0000] {local_task_job.py:273} INFO - 1 downstream tasks scheduled from follow-on schedule check
