[2024-05-28T18:00:00.603+0000] {taskinstance.py:1165} INFO - Dependencies all met for <TaskInstance: dag_extract.extract_orders_task scheduled__2024-05-28T17:00:00+00:00 [queued]>
[2024-05-28T18:00:00.613+0000] {taskinstance.py:1165} INFO - Dependencies all met for <TaskInstance: dag_extract.extract_orders_task scheduled__2024-05-28T17:00:00+00:00 [queued]>
[2024-05-28T18:00:00.613+0000] {taskinstance.py:1362} INFO - 
--------------------------------------------------------------------------------
[2024-05-28T18:00:00.614+0000] {taskinstance.py:1363} INFO - Starting attempt 1 of 1
[2024-05-28T18:00:00.614+0000] {taskinstance.py:1364} INFO - 
--------------------------------------------------------------------------------
[2024-05-28T18:00:00.630+0000] {taskinstance.py:1383} INFO - Executing <Task(PythonOperator): extract_orders_task> on 2024-05-28 17:00:00+00:00
[2024-05-28T18:00:00.634+0000] {standard_task_runner.py:55} INFO - Started process 560 to run task
[2024-05-28T18:00:00.636+0000] {standard_task_runner.py:82} INFO - Running: ['***', 'tasks', 'run', 'dag_extract', 'extract_orders_task', 'scheduled__2024-05-28T17:00:00+00:00', '--job-id', '29', '--raw', '--subdir', 'DAGS_FOLDER/dag_extract.py', '--cfg-path', '/tmp/tmpzow6ndy1']
[2024-05-28T18:00:00.637+0000] {standard_task_runner.py:83} INFO - Job 29: Subtask extract_orders_task
[2024-05-28T18:00:00.694+0000] {task_command.py:376} INFO - Running <TaskInstance: dag_extract.extract_orders_task scheduled__2024-05-28T17:00:00+00:00 [running]> on host 9a04f700e4be
[2024-05-28T18:00:00.770+0000] {taskinstance.py:1592} INFO - Exporting the following env vars:
AIRFLOW_CTX_DAG_OWNER=***
AIRFLOW_CTX_DAG_ID=dag_extract
AIRFLOW_CTX_TASK_ID=extract_orders_task
AIRFLOW_CTX_EXECUTION_DATE=2024-05-28T17:00:00+00:00
AIRFLOW_CTX_TRY_NUMBER=1
AIRFLOW_CTX_DAG_RUN_ID=scheduled__2024-05-28T17:00:00+00:00
[2024-05-28T18:00:00.915+0000] {logging_mixin.py:120} INFO - closed
[2024-05-28T18:00:00.916+0000] {python.py:177} INFO - Done. Returned value was: None
[2024-05-28T18:00:00.928+0000] {taskinstance.py:1406} INFO - Marking task as SUCCESS. dag_id=dag_extract, task_id=extract_orders_task, execution_date=20240528T170000, start_date=20240528T180000, end_date=20240528T180000
[2024-05-28T18:00:00.969+0000] {local_task_job.py:164} INFO - Task exited with return code 0
[2024-05-28T18:00:00.992+0000] {local_task_job.py:273} INFO - 1 downstream tasks scheduled from follow-on schedule check
