[2024-05-27T19:02:05.109+0000] {processor.py:154} INFO - Started process (PID=6117) to work on /opt/airflow/dags/dag_extract_new.py
[2024-05-27T19:02:05.110+0000] {processor.py:756} INFO - Processing file /opt/airflow/dags/dag_extract_new.py for tasks to queue
[2024-05-27T19:02:05.111+0000] {logging_mixin.py:120} INFO - [2024-05-27T19:02:05.111+0000] {dagbag.py:537} INFO - Filling up the DagBag from /opt/airflow/dags/dag_extract_new.py
[2024-05-27T19:02:05.173+0000] {processor.py:766} INFO - DAG(s) dict_keys(['dag_extract_new']) retrieved from /opt/airflow/dags/dag_extract_new.py
[2024-05-27T19:02:05.325+0000] {logging_mixin.py:120} INFO - [2024-05-27T19:02:05.325+0000] {manager.py:507} INFO - Created Permission View: can delete on DAG:dag_extract_new
[2024-05-27T19:02:05.335+0000] {logging_mixin.py:120} INFO - [2024-05-27T19:02:05.334+0000] {manager.py:507} INFO - Created Permission View: can edit on DAG:dag_extract_new
[2024-05-27T19:02:05.342+0000] {logging_mixin.py:120} INFO - [2024-05-27T19:02:05.341+0000] {manager.py:507} INFO - Created Permission View: can read on DAG:dag_extract_new
[2024-05-27T19:02:05.342+0000] {logging_mixin.py:120} INFO - [2024-05-27T19:02:05.342+0000] {dag.py:2585} INFO - Sync 1 DAGs
[2024-05-27T19:02:05.355+0000] {logging_mixin.py:120} INFO - [2024-05-27T19:02:05.355+0000] {dag.py:2606} INFO - Creating ORM DAG for dag_extract_new
[2024-05-27T19:02:05.367+0000] {logging_mixin.py:120} INFO - [2024-05-27T19:02:05.367+0000] {dag.py:3340} INFO - Setting next_dagrun for dag_extract_new to 2024-05-26T19:02:05.366803+00:00, run_after=2024-05-27T19:02:05.366803+00:00
[2024-05-27T19:02:05.391+0000] {processor.py:176} INFO - Processing /opt/airflow/dags/dag_extract_new.py took 0.284 seconds
[2024-05-27T19:02:35.512+0000] {processor.py:154} INFO - Started process (PID=6182) to work on /opt/airflow/dags/dag_extract_new.py
[2024-05-27T19:02:35.513+0000] {processor.py:756} INFO - Processing file /opt/airflow/dags/dag_extract_new.py for tasks to queue
[2024-05-27T19:02:35.514+0000] {logging_mixin.py:120} INFO - [2024-05-27T19:02:35.514+0000] {dagbag.py:537} INFO - Filling up the DagBag from /opt/airflow/dags/dag_extract_new.py
[2024-05-27T19:02:35.558+0000] {processor.py:766} INFO - DAG(s) dict_keys(['dag_extract_new']) retrieved from /opt/airflow/dags/dag_extract_new.py
[2024-05-27T19:02:35.594+0000] {logging_mixin.py:120} INFO - [2024-05-27T19:02:35.594+0000] {dag.py:2585} INFO - Sync 1 DAGs
[2024-05-27T19:02:35.618+0000] {logging_mixin.py:120} INFO - [2024-05-27T19:02:35.618+0000] {dag.py:3340} INFO - Setting next_dagrun for dag_extract_new to 2024-05-27T19:02:05.366803+00:00, run_after=2024-05-28T19:02:05.366803+00:00
[2024-05-27T19:02:35.638+0000] {processor.py:176} INFO - Processing /opt/airflow/dags/dag_extract_new.py took 0.129 seconds
[2024-05-27T19:03:06.257+0000] {processor.py:154} INFO - Started process (PID=6244) to work on /opt/airflow/dags/dag_extract_new.py
[2024-05-27T19:03:06.258+0000] {processor.py:756} INFO - Processing file /opt/airflow/dags/dag_extract_new.py for tasks to queue
[2024-05-27T19:03:06.259+0000] {logging_mixin.py:120} INFO - [2024-05-27T19:03:06.259+0000] {dagbag.py:537} INFO - Filling up the DagBag from /opt/airflow/dags/dag_extract_new.py
[2024-05-27T19:03:06.309+0000] {processor.py:766} INFO - DAG(s) dict_keys(['dag_extract_new']) retrieved from /opt/airflow/dags/dag_extract_new.py
[2024-05-27T19:03:06.348+0000] {logging_mixin.py:120} INFO - [2024-05-27T19:03:06.347+0000] {dag.py:2585} INFO - Sync 1 DAGs
[2024-05-27T19:03:06.373+0000] {logging_mixin.py:120} INFO - [2024-05-27T19:03:06.373+0000] {dag.py:3340} INFO - Setting next_dagrun for dag_extract_new to 2024-05-27T19:02:05.366803+00:00, run_after=2024-05-28T19:02:05.366803+00:00
[2024-05-27T19:03:06.397+0000] {processor.py:176} INFO - Processing /opt/airflow/dags/dag_extract_new.py took 0.142 seconds
[2024-05-27T19:03:36.638+0000] {processor.py:154} INFO - Started process (PID=6303) to work on /opt/airflow/dags/dag_extract_new.py
[2024-05-27T19:03:36.639+0000] {processor.py:756} INFO - Processing file /opt/airflow/dags/dag_extract_new.py for tasks to queue
[2024-05-27T19:03:36.640+0000] {logging_mixin.py:120} INFO - [2024-05-27T19:03:36.640+0000] {dagbag.py:537} INFO - Filling up the DagBag from /opt/airflow/dags/dag_extract_new.py
[2024-05-27T19:03:36.686+0000] {processor.py:766} INFO - DAG(s) dict_keys(['dag_extract_new']) retrieved from /opt/airflow/dags/dag_extract_new.py
[2024-05-27T19:03:36.722+0000] {logging_mixin.py:120} INFO - [2024-05-27T19:03:36.721+0000] {dag.py:2585} INFO - Sync 1 DAGs
[2024-05-27T19:03:36.748+0000] {logging_mixin.py:120} INFO - [2024-05-27T19:03:36.748+0000] {dag.py:3340} INFO - Setting next_dagrun for dag_extract_new to 2024-05-27T19:02:05.366803+00:00, run_after=2024-05-28T19:02:05.366803+00:00
[2024-05-27T19:03:36.779+0000] {processor.py:176} INFO - Processing /opt/airflow/dags/dag_extract_new.py took 0.144 seconds
[2024-05-27T19:04:06.865+0000] {processor.py:154} INFO - Started process (PID=6368) to work on /opt/airflow/dags/dag_extract_new.py
[2024-05-27T19:04:06.866+0000] {processor.py:756} INFO - Processing file /opt/airflow/dags/dag_extract_new.py for tasks to queue
[2024-05-27T19:04:06.867+0000] {logging_mixin.py:120} INFO - [2024-05-27T19:04:06.867+0000] {dagbag.py:537} INFO - Filling up the DagBag from /opt/airflow/dags/dag_extract_new.py
[2024-05-27T19:04:06.912+0000] {processor.py:766} INFO - DAG(s) dict_keys(['dag_extract_new']) retrieved from /opt/airflow/dags/dag_extract_new.py
[2024-05-27T19:04:06.948+0000] {logging_mixin.py:120} INFO - [2024-05-27T19:04:06.948+0000] {dag.py:2585} INFO - Sync 1 DAGs
[2024-05-27T19:04:06.973+0000] {logging_mixin.py:120} INFO - [2024-05-27T19:04:06.973+0000] {dag.py:3340} INFO - Setting next_dagrun for dag_extract_new to 2024-05-27T19:02:05.366803+00:00, run_after=2024-05-28T19:02:05.366803+00:00
[2024-05-27T19:04:06.994+0000] {processor.py:176} INFO - Processing /opt/airflow/dags/dag_extract_new.py took 0.132 seconds
[2024-05-27T19:04:37.236+0000] {processor.py:154} INFO - Started process (PID=6424) to work on /opt/airflow/dags/dag_extract_new.py
[2024-05-27T19:04:37.237+0000] {processor.py:756} INFO - Processing file /opt/airflow/dags/dag_extract_new.py for tasks to queue
[2024-05-27T19:04:37.238+0000] {logging_mixin.py:120} INFO - [2024-05-27T19:04:37.238+0000] {dagbag.py:537} INFO - Filling up the DagBag from /opt/airflow/dags/dag_extract_new.py
[2024-05-27T19:04:37.292+0000] {processor.py:766} INFO - DAG(s) dict_keys(['dag_extract_new']) retrieved from /opt/airflow/dags/dag_extract_new.py
[2024-05-27T19:04:37.331+0000] {logging_mixin.py:120} INFO - [2024-05-27T19:04:37.331+0000] {dag.py:2585} INFO - Sync 1 DAGs
[2024-05-27T19:04:37.359+0000] {logging_mixin.py:120} INFO - [2024-05-27T19:04:37.359+0000] {dag.py:3340} INFO - Setting next_dagrun for dag_extract_new to 2024-05-27T19:02:05.366803+00:00, run_after=2024-05-28T19:02:05.366803+00:00
[2024-05-27T19:04:37.381+0000] {processor.py:176} INFO - Processing /opt/airflow/dags/dag_extract_new.py took 0.148 seconds
[2024-05-27T19:05:07.432+0000] {processor.py:154} INFO - Started process (PID=6490) to work on /opt/airflow/dags/dag_extract_new.py
[2024-05-27T19:05:07.433+0000] {processor.py:756} INFO - Processing file /opt/airflow/dags/dag_extract_new.py for tasks to queue
[2024-05-27T19:05:07.433+0000] {logging_mixin.py:120} INFO - [2024-05-27T19:05:07.433+0000] {dagbag.py:537} INFO - Filling up the DagBag from /opt/airflow/dags/dag_extract_new.py
[2024-05-27T19:05:07.475+0000] {processor.py:766} INFO - DAG(s) dict_keys(['dag_extract_new']) retrieved from /opt/airflow/dags/dag_extract_new.py
[2024-05-27T19:05:07.510+0000] {logging_mixin.py:120} INFO - [2024-05-27T19:05:07.510+0000] {dag.py:2585} INFO - Sync 1 DAGs
[2024-05-27T19:05:07.535+0000] {logging_mixin.py:120} INFO - [2024-05-27T19:05:07.535+0000] {dag.py:3340} INFO - Setting next_dagrun for dag_extract_new to 2024-05-27T19:02:05.366803+00:00, run_after=2024-05-28T19:02:05.366803+00:00
[2024-05-27T19:05:07.555+0000] {processor.py:176} INFO - Processing /opt/airflow/dags/dag_extract_new.py took 0.127 seconds
[2024-05-27T19:05:37.699+0000] {processor.py:154} INFO - Started process (PID=6555) to work on /opt/airflow/dags/dag_extract_new.py
[2024-05-27T19:05:37.700+0000] {processor.py:756} INFO - Processing file /opt/airflow/dags/dag_extract_new.py for tasks to queue
[2024-05-27T19:05:37.701+0000] {logging_mixin.py:120} INFO - [2024-05-27T19:05:37.700+0000] {dagbag.py:537} INFO - Filling up the DagBag from /opt/airflow/dags/dag_extract_new.py
[2024-05-27T19:05:37.743+0000] {processor.py:766} INFO - DAG(s) dict_keys(['dag_extract_new']) retrieved from /opt/airflow/dags/dag_extract_new.py
[2024-05-27T19:05:37.779+0000] {logging_mixin.py:120} INFO - [2024-05-27T19:05:37.779+0000] {dag.py:2585} INFO - Sync 1 DAGs
[2024-05-27T19:05:37.806+0000] {logging_mixin.py:120} INFO - [2024-05-27T19:05:37.806+0000] {dag.py:3340} INFO - Setting next_dagrun for dag_extract_new to 2024-05-27T19:02:05.366803+00:00, run_after=2024-05-28T19:02:05.366803+00:00
[2024-05-27T19:05:37.828+0000] {processor.py:176} INFO - Processing /opt/airflow/dags/dag_extract_new.py took 0.133 seconds
[2024-05-27T19:06:08.012+0000] {processor.py:154} INFO - Started process (PID=6611) to work on /opt/airflow/dags/dag_extract_new.py
[2024-05-27T19:06:08.013+0000] {processor.py:756} INFO - Processing file /opt/airflow/dags/dag_extract_new.py for tasks to queue
[2024-05-27T19:06:08.014+0000] {logging_mixin.py:120} INFO - [2024-05-27T19:06:08.014+0000] {dagbag.py:537} INFO - Filling up the DagBag from /opt/airflow/dags/dag_extract_new.py
[2024-05-27T19:06:08.057+0000] {processor.py:766} INFO - DAG(s) dict_keys(['dag_extract_new']) retrieved from /opt/airflow/dags/dag_extract_new.py
[2024-05-27T19:06:08.093+0000] {logging_mixin.py:120} INFO - [2024-05-27T19:06:08.092+0000] {dag.py:2585} INFO - Sync 1 DAGs
[2024-05-27T19:06:08.117+0000] {logging_mixin.py:120} INFO - [2024-05-27T19:06:08.117+0000] {dag.py:3340} INFO - Setting next_dagrun for dag_extract_new to 2024-05-27T19:02:05.366803+00:00, run_after=2024-05-28T19:02:05.366803+00:00
[2024-05-27T19:06:08.137+0000] {processor.py:176} INFO - Processing /opt/airflow/dags/dag_extract_new.py took 0.128 seconds
[2024-05-27T19:06:38.527+0000] {processor.py:154} INFO - Started process (PID=6677) to work on /opt/airflow/dags/dag_extract_new.py
[2024-05-27T19:06:38.528+0000] {processor.py:756} INFO - Processing file /opt/airflow/dags/dag_extract_new.py for tasks to queue
[2024-05-27T19:06:38.529+0000] {logging_mixin.py:120} INFO - [2024-05-27T19:06:38.529+0000] {dagbag.py:537} INFO - Filling up the DagBag from /opt/airflow/dags/dag_extract_new.py
[2024-05-27T19:06:38.592+0000] {processor.py:766} INFO - DAG(s) dict_keys(['dag_extract_new']) retrieved from /opt/airflow/dags/dag_extract_new.py
[2024-05-27T19:06:38.630+0000] {logging_mixin.py:120} INFO - [2024-05-27T19:06:38.629+0000] {dag.py:2585} INFO - Sync 1 DAGs
[2024-05-27T19:06:38.656+0000] {logging_mixin.py:120} INFO - [2024-05-27T19:06:38.656+0000] {dag.py:3340} INFO - Setting next_dagrun for dag_extract_new to 2024-05-27T19:02:05.366803+00:00, run_after=2024-05-28T19:02:05.366803+00:00
[2024-05-27T19:06:38.678+0000] {processor.py:176} INFO - Processing /opt/airflow/dags/dag_extract_new.py took 0.155 seconds
[2024-05-27T19:07:08.912+0000] {processor.py:154} INFO - Started process (PID=6742) to work on /opt/airflow/dags/dag_extract_new.py
[2024-05-27T19:07:08.913+0000] {processor.py:756} INFO - Processing file /opt/airflow/dags/dag_extract_new.py for tasks to queue
[2024-05-27T19:07:08.914+0000] {logging_mixin.py:120} INFO - [2024-05-27T19:07:08.914+0000] {dagbag.py:537} INFO - Filling up the DagBag from /opt/airflow/dags/dag_extract_new.py
[2024-05-27T19:07:08.961+0000] {processor.py:766} INFO - DAG(s) dict_keys(['dag_extract_new']) retrieved from /opt/airflow/dags/dag_extract_new.py
[2024-05-27T19:07:09.007+0000] {logging_mixin.py:120} INFO - [2024-05-27T19:07:09.007+0000] {dag.py:2585} INFO - Sync 1 DAGs
[2024-05-27T19:07:09.035+0000] {logging_mixin.py:120} INFO - [2024-05-27T19:07:09.035+0000] {dag.py:3340} INFO - Setting next_dagrun for dag_extract_new to 2024-05-27T19:02:05.366803+00:00, run_after=2024-05-28T19:02:05.366803+00:00
[2024-05-27T19:07:09.057+0000] {processor.py:176} INFO - Processing /opt/airflow/dags/dag_extract_new.py took 0.147 seconds
[2024-05-27T19:07:39.290+0000] {processor.py:154} INFO - Started process (PID=6798) to work on /opt/airflow/dags/dag_extract_new.py
[2024-05-27T19:07:39.291+0000] {processor.py:756} INFO - Processing file /opt/airflow/dags/dag_extract_new.py for tasks to queue
[2024-05-27T19:07:39.292+0000] {logging_mixin.py:120} INFO - [2024-05-27T19:07:39.292+0000] {dagbag.py:537} INFO - Filling up the DagBag from /opt/airflow/dags/dag_extract_new.py
[2024-05-27T19:07:39.335+0000] {processor.py:766} INFO - DAG(s) dict_keys(['dag_extract_new']) retrieved from /opt/airflow/dags/dag_extract_new.py
[2024-05-27T19:07:39.372+0000] {logging_mixin.py:120} INFO - [2024-05-27T19:07:39.372+0000] {dag.py:2585} INFO - Sync 1 DAGs
[2024-05-27T19:07:39.398+0000] {logging_mixin.py:120} INFO - [2024-05-27T19:07:39.398+0000] {dag.py:3340} INFO - Setting next_dagrun for dag_extract_new to 2024-05-27T19:02:05.366803+00:00, run_after=2024-05-28T19:02:05.366803+00:00
[2024-05-27T19:07:39.420+0000] {processor.py:176} INFO - Processing /opt/airflow/dags/dag_extract_new.py took 0.132 seconds
[2024-05-27T19:08:09.545+0000] {processor.py:154} INFO - Started process (PID=6863) to work on /opt/airflow/dags/dag_extract_new.py
[2024-05-27T19:08:09.546+0000] {processor.py:756} INFO - Processing file /opt/airflow/dags/dag_extract_new.py for tasks to queue
[2024-05-27T19:08:09.547+0000] {logging_mixin.py:120} INFO - [2024-05-27T19:08:09.547+0000] {dagbag.py:537} INFO - Filling up the DagBag from /opt/airflow/dags/dag_extract_new.py
[2024-05-27T19:08:09.592+0000] {processor.py:766} INFO - DAG(s) dict_keys(['dag_extract_new']) retrieved from /opt/airflow/dags/dag_extract_new.py
[2024-05-27T19:08:09.629+0000] {logging_mixin.py:120} INFO - [2024-05-27T19:08:09.628+0000] {dag.py:2585} INFO - Sync 1 DAGs
[2024-05-27T19:08:09.654+0000] {logging_mixin.py:120} INFO - [2024-05-27T19:08:09.654+0000] {dag.py:3340} INFO - Setting next_dagrun for dag_extract_new to 2024-05-27T19:02:05.366803+00:00, run_after=2024-05-28T19:02:05.366803+00:00
[2024-05-27T19:08:09.675+0000] {processor.py:176} INFO - Processing /opt/airflow/dags/dag_extract_new.py took 0.133 seconds
[2024-05-27T19:08:40.230+0000] {processor.py:154} INFO - Started process (PID=6928) to work on /opt/airflow/dags/dag_extract_new.py
[2024-05-27T19:08:40.231+0000] {processor.py:756} INFO - Processing file /opt/airflow/dags/dag_extract_new.py for tasks to queue
[2024-05-27T19:08:40.232+0000] {logging_mixin.py:120} INFO - [2024-05-27T19:08:40.232+0000] {dagbag.py:537} INFO - Filling up the DagBag from /opt/airflow/dags/dag_extract_new.py
[2024-05-27T19:08:40.275+0000] {processor.py:766} INFO - DAG(s) dict_keys(['dag_extract_new']) retrieved from /opt/airflow/dags/dag_extract_new.py
[2024-05-27T19:08:40.309+0000] {logging_mixin.py:120} INFO - [2024-05-27T19:08:40.309+0000] {dag.py:2585} INFO - Sync 1 DAGs
[2024-05-27T19:08:40.333+0000] {logging_mixin.py:120} INFO - [2024-05-27T19:08:40.332+0000] {dag.py:3340} INFO - Setting next_dagrun for dag_extract_new to 2024-05-27T19:02:05.366803+00:00, run_after=2024-05-28T19:02:05.366803+00:00
[2024-05-27T19:08:40.352+0000] {processor.py:176} INFO - Processing /opt/airflow/dags/dag_extract_new.py took 0.124 seconds
[2024-05-27T19:09:10.424+0000] {processor.py:154} INFO - Started process (PID=6984) to work on /opt/airflow/dags/dag_extract_new.py
[2024-05-27T19:09:10.425+0000] {processor.py:756} INFO - Processing file /opt/airflow/dags/dag_extract_new.py for tasks to queue
[2024-05-27T19:09:10.426+0000] {logging_mixin.py:120} INFO - [2024-05-27T19:09:10.426+0000] {dagbag.py:537} INFO - Filling up the DagBag from /opt/airflow/dags/dag_extract_new.py
[2024-05-27T19:09:10.469+0000] {processor.py:766} INFO - DAG(s) dict_keys(['dag_extract_new']) retrieved from /opt/airflow/dags/dag_extract_new.py
[2024-05-27T19:09:10.504+0000] {logging_mixin.py:120} INFO - [2024-05-27T19:09:10.503+0000] {dag.py:2585} INFO - Sync 1 DAGs
[2024-05-27T19:09:10.529+0000] {logging_mixin.py:120} INFO - [2024-05-27T19:09:10.529+0000] {dag.py:3340} INFO - Setting next_dagrun for dag_extract_new to 2024-05-27T19:02:05.366803+00:00, run_after=2024-05-28T19:02:05.366803+00:00
[2024-05-27T19:09:10.552+0000] {processor.py:176} INFO - Processing /opt/airflow/dags/dag_extract_new.py took 0.130 seconds
[2024-05-27T19:09:40.939+0000] {processor.py:154} INFO - Started process (PID=7049) to work on /opt/airflow/dags/dag_extract_new.py
[2024-05-27T19:09:40.940+0000] {processor.py:756} INFO - Processing file /opt/airflow/dags/dag_extract_new.py for tasks to queue
[2024-05-27T19:09:40.941+0000] {logging_mixin.py:120} INFO - [2024-05-27T19:09:40.941+0000] {dagbag.py:537} INFO - Filling up the DagBag from /opt/airflow/dags/dag_extract_new.py
[2024-05-27T19:09:40.987+0000] {processor.py:766} INFO - DAG(s) dict_keys(['dag_extract_new']) retrieved from /opt/airflow/dags/dag_extract_new.py
[2024-05-27T19:09:41.025+0000] {logging_mixin.py:120} INFO - [2024-05-27T19:09:41.025+0000] {dag.py:2585} INFO - Sync 1 DAGs
[2024-05-27T19:09:41.053+0000] {logging_mixin.py:120} INFO - [2024-05-27T19:09:41.053+0000] {dag.py:3340} INFO - Setting next_dagrun for dag_extract_new to 2024-05-27T19:02:05.366803+00:00, run_after=2024-05-28T19:02:05.366803+00:00
[2024-05-27T19:09:41.078+0000] {processor.py:176} INFO - Processing /opt/airflow/dags/dag_extract_new.py took 0.143 seconds
[2024-05-27T19:10:11.639+0000] {processor.py:154} INFO - Started process (PID=7114) to work on /opt/airflow/dags/dag_extract_new.py
[2024-05-27T19:10:11.640+0000] {processor.py:756} INFO - Processing file /opt/airflow/dags/dag_extract_new.py for tasks to queue
[2024-05-27T19:10:11.641+0000] {logging_mixin.py:120} INFO - [2024-05-27T19:10:11.641+0000] {dagbag.py:537} INFO - Filling up the DagBag from /opt/airflow/dags/dag_extract_new.py
[2024-05-27T19:10:11.685+0000] {processor.py:766} INFO - DAG(s) dict_keys(['dag_extract_new']) retrieved from /opt/airflow/dags/dag_extract_new.py
[2024-05-27T19:10:11.721+0000] {logging_mixin.py:120} INFO - [2024-05-27T19:10:11.721+0000] {dag.py:2585} INFO - Sync 1 DAGs
[2024-05-27T19:10:11.746+0000] {logging_mixin.py:120} INFO - [2024-05-27T19:10:11.745+0000] {dag.py:3340} INFO - Setting next_dagrun for dag_extract_new to 2024-05-27T19:02:05.366803+00:00, run_after=2024-05-28T19:02:05.366803+00:00
[2024-05-27T19:10:11.767+0000] {processor.py:176} INFO - Processing /opt/airflow/dags/dag_extract_new.py took 0.131 seconds
[2024-05-27T19:10:41.951+0000] {processor.py:154} INFO - Started process (PID=7171) to work on /opt/airflow/dags/dag_extract_new.py
[2024-05-27T19:10:41.953+0000] {processor.py:756} INFO - Processing file /opt/airflow/dags/dag_extract_new.py for tasks to queue
[2024-05-27T19:10:41.954+0000] {logging_mixin.py:120} INFO - [2024-05-27T19:10:41.954+0000] {dagbag.py:537} INFO - Filling up the DagBag from /opt/airflow/dags/dag_extract_new.py
[2024-05-27T19:10:42.009+0000] {processor.py:766} INFO - DAG(s) dict_keys(['dag_extract_new']) retrieved from /opt/airflow/dags/dag_extract_new.py
[2024-05-27T19:10:42.047+0000] {logging_mixin.py:120} INFO - [2024-05-27T19:10:42.047+0000] {dag.py:2585} INFO - Sync 1 DAGs
[2024-05-27T19:10:42.071+0000] {logging_mixin.py:120} INFO - [2024-05-27T19:10:42.071+0000] {dag.py:3340} INFO - Setting next_dagrun for dag_extract_new to 2024-05-27T19:02:05.366803+00:00, run_after=2024-05-28T19:02:05.366803+00:00
[2024-05-27T19:10:42.091+0000] {processor.py:176} INFO - Processing /opt/airflow/dags/dag_extract_new.py took 0.143 seconds
[2024-05-27T19:11:12.222+0000] {processor.py:154} INFO - Started process (PID=7236) to work on /opt/airflow/dags/dag_extract_new.py
[2024-05-27T19:11:12.223+0000] {processor.py:756} INFO - Processing file /opt/airflow/dags/dag_extract_new.py for tasks to queue
[2024-05-27T19:11:12.224+0000] {logging_mixin.py:120} INFO - [2024-05-27T19:11:12.224+0000] {dagbag.py:537} INFO - Filling up the DagBag from /opt/airflow/dags/dag_extract_new.py
[2024-05-27T19:11:12.266+0000] {processor.py:766} INFO - DAG(s) dict_keys(['dag_extract_new']) retrieved from /opt/airflow/dags/dag_extract_new.py
[2024-05-27T19:11:12.304+0000] {logging_mixin.py:120} INFO - [2024-05-27T19:11:12.304+0000] {dag.py:2585} INFO - Sync 1 DAGs
[2024-05-27T19:11:12.333+0000] {logging_mixin.py:120} INFO - [2024-05-27T19:11:12.333+0000] {dag.py:3340} INFO - Setting next_dagrun for dag_extract_new to 2024-05-27T19:02:05.366803+00:00, run_after=2024-05-28T19:02:05.366803+00:00
[2024-05-27T19:11:12.353+0000] {processor.py:176} INFO - Processing /opt/airflow/dags/dag_extract_new.py took 0.133 seconds
[2024-05-27T19:11:42.691+0000] {processor.py:154} INFO - Started process (PID=7304) to work on /opt/airflow/dags/dag_extract_new.py
[2024-05-27T19:11:42.692+0000] {processor.py:756} INFO - Processing file /opt/airflow/dags/dag_extract_new.py for tasks to queue
[2024-05-27T19:11:42.693+0000] {logging_mixin.py:120} INFO - [2024-05-27T19:11:42.692+0000] {dagbag.py:537} INFO - Filling up the DagBag from /opt/airflow/dags/dag_extract_new.py
[2024-05-27T19:11:42.742+0000] {processor.py:766} INFO - DAG(s) dict_keys(['dag_extract_new']) retrieved from /opt/airflow/dags/dag_extract_new.py
[2024-05-27T19:11:42.776+0000] {logging_mixin.py:120} INFO - [2024-05-27T19:11:42.776+0000] {dag.py:2585} INFO - Sync 1 DAGs
[2024-05-27T19:11:42.801+0000] {logging_mixin.py:120} INFO - [2024-05-27T19:11:42.801+0000] {dag.py:3340} INFO - Setting next_dagrun for dag_extract_new to 2024-05-27T19:02:05.366803+00:00, run_after=2024-05-28T19:02:05.366803+00:00
[2024-05-27T19:11:42.821+0000] {processor.py:176} INFO - Processing /opt/airflow/dags/dag_extract_new.py took 0.133 seconds
[2024-05-27T19:12:13.187+0000] {processor.py:154} INFO - Started process (PID=7361) to work on /opt/airflow/dags/dag_extract_new.py
[2024-05-27T19:12:13.188+0000] {processor.py:756} INFO - Processing file /opt/airflow/dags/dag_extract_new.py for tasks to queue
[2024-05-27T19:12:13.189+0000] {logging_mixin.py:120} INFO - [2024-05-27T19:12:13.189+0000] {dagbag.py:537} INFO - Filling up the DagBag from /opt/airflow/dags/dag_extract_new.py
[2024-05-27T19:12:13.236+0000] {processor.py:766} INFO - DAG(s) dict_keys(['dag_extract_new']) retrieved from /opt/airflow/dags/dag_extract_new.py
[2024-05-27T19:12:13.273+0000] {logging_mixin.py:120} INFO - [2024-05-27T19:12:13.273+0000] {dag.py:2585} INFO - Sync 1 DAGs
[2024-05-27T19:12:13.300+0000] {logging_mixin.py:120} INFO - [2024-05-27T19:12:13.300+0000] {dag.py:3340} INFO - Setting next_dagrun for dag_extract_new to 2024-05-27T19:02:05.366803+00:00, run_after=2024-05-28T19:02:05.366803+00:00
[2024-05-27T19:12:13.323+0000] {processor.py:176} INFO - Processing /opt/airflow/dags/dag_extract_new.py took 0.139 seconds
[2024-05-27T19:12:44.118+0000] {processor.py:154} INFO - Started process (PID=7426) to work on /opt/airflow/dags/dag_extract_new.py
[2024-05-27T19:12:44.119+0000] {processor.py:756} INFO - Processing file /opt/airflow/dags/dag_extract_new.py for tasks to queue
[2024-05-27T19:12:44.120+0000] {logging_mixin.py:120} INFO - [2024-05-27T19:12:44.120+0000] {dagbag.py:537} INFO - Filling up the DagBag from /opt/airflow/dags/dag_extract_new.py
[2024-05-27T19:12:44.166+0000] {processor.py:766} INFO - DAG(s) dict_keys(['dag_extract_new']) retrieved from /opt/airflow/dags/dag_extract_new.py
[2024-05-27T19:12:44.203+0000] {logging_mixin.py:120} INFO - [2024-05-27T19:12:44.203+0000] {dag.py:2585} INFO - Sync 1 DAGs
[2024-05-27T19:12:44.228+0000] {logging_mixin.py:120} INFO - [2024-05-27T19:12:44.228+0000] {dag.py:3340} INFO - Setting next_dagrun for dag_extract_new to 2024-05-27T19:02:05.366803+00:00, run_after=2024-05-28T19:02:05.366803+00:00
[2024-05-27T19:12:44.247+0000] {processor.py:176} INFO - Processing /opt/airflow/dags/dag_extract_new.py took 0.132 seconds
[2024-05-27T19:13:14.736+0000] {processor.py:154} INFO - Started process (PID=7491) to work on /opt/airflow/dags/dag_extract_new.py
[2024-05-27T19:13:14.737+0000] {processor.py:756} INFO - Processing file /opt/airflow/dags/dag_extract_new.py for tasks to queue
[2024-05-27T19:13:14.738+0000] {logging_mixin.py:120} INFO - [2024-05-27T19:13:14.738+0000] {dagbag.py:537} INFO - Filling up the DagBag from /opt/airflow/dags/dag_extract_new.py
[2024-05-27T19:13:14.806+0000] {logging_mixin.py:120} INFO - [2024-05-27T19:13:14.797+0000] {dagbag.py:342} ERROR - Failed to import: /opt/airflow/dags/dag_extract_new.py
Traceback (most recent call last):
  File "/home/airflow/.local/lib/python3.7/site-packages/airflow/models/dagbag.py", line 338, in parse
    loader.exec_module(new_module)
  File "<frozen importlib._bootstrap_external>", line 728, in exec_module
  File "<frozen importlib._bootstrap>", line 219, in _call_with_frames_removed
  File "/opt/airflow/dags/dag_extract_new.py", line 5, in <module>
    from transform_sales_orders import main
  File "/opt/airflow/dags/transform_sales_orders.py", line 2, in <module>
    from connect_pg import host, user, db_name, password, port
ImportError: cannot import name 'host' from 'connect_pg' (/opt/airflow/dags/connect_pg.py)
[2024-05-27T19:13:14.809+0000] {processor.py:768} WARNING - No viable dags retrieved from /opt/airflow/dags/dag_extract_new.py
[2024-05-27T19:13:14.828+0000] {processor.py:176} INFO - Processing /opt/airflow/dags/dag_extract_new.py took 0.095 seconds
[2024-05-27T19:13:45.068+0000] {processor.py:154} INFO - Started process (PID=7547) to work on /opt/airflow/dags/dag_extract_new.py
[2024-05-27T19:13:45.070+0000] {processor.py:756} INFO - Processing file /opt/airflow/dags/dag_extract_new.py for tasks to queue
[2024-05-27T19:13:45.071+0000] {logging_mixin.py:120} INFO - [2024-05-27T19:13:45.070+0000] {dagbag.py:537} INFO - Filling up the DagBag from /opt/airflow/dags/dag_extract_new.py
[2024-05-27T19:13:45.115+0000] {processor.py:766} INFO - DAG(s) dict_keys(['dag_extract_new']) retrieved from /opt/airflow/dags/dag_extract_new.py
[2024-05-27T19:13:45.150+0000] {logging_mixin.py:120} INFO - [2024-05-27T19:13:45.150+0000] {dag.py:2585} INFO - Sync 1 DAGs
[2024-05-27T19:13:45.176+0000] {logging_mixin.py:120} INFO - [2024-05-27T19:13:45.176+0000] {dag.py:3340} INFO - Setting next_dagrun for dag_extract_new to 2024-05-27T19:02:05.366803+00:00, run_after=2024-05-28T19:02:05.366803+00:00
[2024-05-27T19:13:45.198+0000] {processor.py:176} INFO - Processing /opt/airflow/dags/dag_extract_new.py took 0.133 seconds
[2024-05-27T19:14:15.696+0000] {processor.py:154} INFO - Started process (PID=7612) to work on /opt/airflow/dags/dag_extract_new.py
[2024-05-27T19:14:15.697+0000] {processor.py:756} INFO - Processing file /opt/airflow/dags/dag_extract_new.py for tasks to queue
[2024-05-27T19:14:15.698+0000] {logging_mixin.py:120} INFO - [2024-05-27T19:14:15.698+0000] {dagbag.py:537} INFO - Filling up the DagBag from /opt/airflow/dags/dag_extract_new.py
[2024-05-27T19:14:15.740+0000] {processor.py:766} INFO - DAG(s) dict_keys(['dag_extract_new']) retrieved from /opt/airflow/dags/dag_extract_new.py
[2024-05-27T19:14:15.777+0000] {logging_mixin.py:120} INFO - [2024-05-27T19:14:15.777+0000] {dag.py:2585} INFO - Sync 1 DAGs
[2024-05-27T19:14:15.804+0000] {logging_mixin.py:120} INFO - [2024-05-27T19:14:15.804+0000] {dag.py:3340} INFO - Setting next_dagrun for dag_extract_new to 2024-05-27T19:02:05.366803+00:00, run_after=2024-05-28T19:02:05.366803+00:00
[2024-05-27T19:14:15.826+0000] {processor.py:176} INFO - Processing /opt/airflow/dags/dag_extract_new.py took 0.132 seconds
[2024-05-27T19:14:46.100+0000] {processor.py:154} INFO - Started process (PID=7677) to work on /opt/airflow/dags/dag_extract_new.py
[2024-05-27T19:14:46.101+0000] {processor.py:756} INFO - Processing file /opt/airflow/dags/dag_extract_new.py for tasks to queue
[2024-05-27T19:14:46.102+0000] {logging_mixin.py:120} INFO - [2024-05-27T19:14:46.102+0000] {dagbag.py:537} INFO - Filling up the DagBag from /opt/airflow/dags/dag_extract_new.py
[2024-05-27T19:14:46.144+0000] {processor.py:766} INFO - DAG(s) dict_keys(['dag_extract_new']) retrieved from /opt/airflow/dags/dag_extract_new.py
[2024-05-27T19:14:46.187+0000] {logging_mixin.py:120} INFO - [2024-05-27T19:14:46.187+0000] {dag.py:2585} INFO - Sync 1 DAGs
[2024-05-27T19:14:46.216+0000] {logging_mixin.py:120} INFO - [2024-05-27T19:14:46.216+0000] {dag.py:3340} INFO - Setting next_dagrun for dag_extract_new to 2024-05-27T19:02:05.366803+00:00, run_after=2024-05-28T19:02:05.366803+00:00
[2024-05-27T19:14:46.244+0000] {processor.py:176} INFO - Processing /opt/airflow/dags/dag_extract_new.py took 0.147 seconds
[2024-05-27T19:15:17.014+0000] {processor.py:154} INFO - Started process (PID=7733) to work on /opt/airflow/dags/dag_extract_new.py
[2024-05-27T19:15:17.015+0000] {processor.py:756} INFO - Processing file /opt/airflow/dags/dag_extract_new.py for tasks to queue
[2024-05-27T19:15:17.017+0000] {logging_mixin.py:120} INFO - [2024-05-27T19:15:17.016+0000] {dagbag.py:537} INFO - Filling up the DagBag from /opt/airflow/dags/dag_extract_new.py
[2024-05-27T19:15:17.065+0000] {processor.py:766} INFO - DAG(s) dict_keys(['dag_extract_new']) retrieved from /opt/airflow/dags/dag_extract_new.py
[2024-05-27T19:15:17.104+0000] {logging_mixin.py:120} INFO - [2024-05-27T19:15:17.104+0000] {dag.py:2585} INFO - Sync 1 DAGs
[2024-05-27T19:15:17.132+0000] {logging_mixin.py:120} INFO - [2024-05-27T19:15:17.132+0000] {dag.py:3340} INFO - Setting next_dagrun for dag_extract_new to 2024-05-27T19:02:05.366803+00:00, run_after=2024-05-28T19:02:05.366803+00:00
[2024-05-27T19:15:17.155+0000] {processor.py:176} INFO - Processing /opt/airflow/dags/dag_extract_new.py took 0.145 seconds
[2024-05-27T19:15:47.618+0000] {processor.py:154} INFO - Started process (PID=7798) to work on /opt/airflow/dags/dag_extract_new.py
[2024-05-27T19:15:47.619+0000] {processor.py:756} INFO - Processing file /opt/airflow/dags/dag_extract_new.py for tasks to queue
[2024-05-27T19:15:47.620+0000] {logging_mixin.py:120} INFO - [2024-05-27T19:15:47.620+0000] {dagbag.py:537} INFO - Filling up the DagBag from /opt/airflow/dags/dag_extract_new.py
[2024-05-27T19:15:47.663+0000] {processor.py:766} INFO - DAG(s) dict_keys(['dag_extract_new']) retrieved from /opt/airflow/dags/dag_extract_new.py
[2024-05-27T19:15:47.700+0000] {logging_mixin.py:120} INFO - [2024-05-27T19:15:47.700+0000] {dag.py:2585} INFO - Sync 1 DAGs
[2024-05-27T19:15:47.726+0000] {logging_mixin.py:120} INFO - [2024-05-27T19:15:47.726+0000] {dag.py:3340} INFO - Setting next_dagrun for dag_extract_new to 2024-05-27T19:02:05.366803+00:00, run_after=2024-05-28T19:02:05.366803+00:00
[2024-05-27T19:15:47.747+0000] {processor.py:176} INFO - Processing /opt/airflow/dags/dag_extract_new.py took 0.133 seconds
[2024-05-27T19:16:17.957+0000] {processor.py:154} INFO - Started process (PID=7863) to work on /opt/airflow/dags/dag_extract_new.py
[2024-05-27T19:16:17.959+0000] {processor.py:756} INFO - Processing file /opt/airflow/dags/dag_extract_new.py for tasks to queue
[2024-05-27T19:16:17.960+0000] {logging_mixin.py:120} INFO - [2024-05-27T19:16:17.960+0000] {dagbag.py:537} INFO - Filling up the DagBag from /opt/airflow/dags/dag_extract_new.py
[2024-05-27T19:16:18.008+0000] {processor.py:766} INFO - DAG(s) dict_keys(['dag_extract_new']) retrieved from /opt/airflow/dags/dag_extract_new.py
[2024-05-27T19:16:18.048+0000] {logging_mixin.py:120} INFO - [2024-05-27T19:16:18.048+0000] {dag.py:2585} INFO - Sync 1 DAGs
[2024-05-27T19:16:18.075+0000] {logging_mixin.py:120} INFO - [2024-05-27T19:16:18.075+0000] {dag.py:3340} INFO - Setting next_dagrun for dag_extract_new to 2024-05-27T19:02:05.366803+00:00, run_after=2024-05-28T19:02:05.366803+00:00
[2024-05-27T19:16:18.101+0000] {processor.py:176} INFO - Processing /opt/airflow/dags/dag_extract_new.py took 0.148 seconds
[2024-05-27T19:16:48.470+0000] {processor.py:154} INFO - Started process (PID=7918) to work on /opt/airflow/dags/dag_extract_new.py
[2024-05-27T19:16:48.471+0000] {processor.py:756} INFO - Processing file /opt/airflow/dags/dag_extract_new.py for tasks to queue
[2024-05-27T19:16:48.472+0000] {logging_mixin.py:120} INFO - [2024-05-27T19:16:48.472+0000] {dagbag.py:537} INFO - Filling up the DagBag from /opt/airflow/dags/dag_extract_new.py
[2024-05-27T19:16:48.514+0000] {processor.py:766} INFO - DAG(s) dict_keys(['dag_extract_new']) retrieved from /opt/airflow/dags/dag_extract_new.py
[2024-05-27T19:16:48.550+0000] {logging_mixin.py:120} INFO - [2024-05-27T19:16:48.550+0000] {dag.py:2585} INFO - Sync 1 DAGs
[2024-05-27T19:16:48.579+0000] {logging_mixin.py:120} INFO - [2024-05-27T19:16:48.579+0000] {dag.py:3340} INFO - Setting next_dagrun for dag_extract_new to 2024-05-27T19:02:05.366803+00:00, run_after=2024-05-28T19:02:05.366803+00:00
[2024-05-27T19:16:48.603+0000] {processor.py:176} INFO - Processing /opt/airflow/dags/dag_extract_new.py took 0.137 seconds
[2024-05-27T19:17:19.284+0000] {processor.py:154} INFO - Started process (PID=7983) to work on /opt/airflow/dags/dag_extract_new.py
[2024-05-27T19:17:19.285+0000] {processor.py:756} INFO - Processing file /opt/airflow/dags/dag_extract_new.py for tasks to queue
[2024-05-27T19:17:19.286+0000] {logging_mixin.py:120} INFO - [2024-05-27T19:17:19.286+0000] {dagbag.py:537} INFO - Filling up the DagBag from /opt/airflow/dags/dag_extract_new.py
[2024-05-27T19:17:19.329+0000] {processor.py:766} INFO - DAG(s) dict_keys(['dag_extract_new']) retrieved from /opt/airflow/dags/dag_extract_new.py
[2024-05-27T19:17:19.364+0000] {logging_mixin.py:120} INFO - [2024-05-27T19:17:19.363+0000] {dag.py:2585} INFO - Sync 1 DAGs
[2024-05-27T19:17:19.389+0000] {logging_mixin.py:120} INFO - [2024-05-27T19:17:19.389+0000] {dag.py:3340} INFO - Setting next_dagrun for dag_extract_new to 2024-05-27T19:02:05.366803+00:00, run_after=2024-05-28T19:02:05.366803+00:00
[2024-05-27T19:17:19.409+0000] {processor.py:176} INFO - Processing /opt/airflow/dags/dag_extract_new.py took 0.127 seconds
[2024-05-27T19:17:49.709+0000] {processor.py:154} INFO - Started process (PID=8048) to work on /opt/airflow/dags/dag_extract_new.py
[2024-05-27T19:17:49.710+0000] {processor.py:756} INFO - Processing file /opt/airflow/dags/dag_extract_new.py for tasks to queue
[2024-05-27T19:17:49.711+0000] {logging_mixin.py:120} INFO - [2024-05-27T19:17:49.711+0000] {dagbag.py:537} INFO - Filling up the DagBag from /opt/airflow/dags/dag_extract_new.py
[2024-05-27T19:17:49.760+0000] {processor.py:766} INFO - DAG(s) dict_keys(['dag_extract_new']) retrieved from /opt/airflow/dags/dag_extract_new.py
[2024-05-27T19:17:49.796+0000] {logging_mixin.py:120} INFO - [2024-05-27T19:17:49.796+0000] {dag.py:2585} INFO - Sync 1 DAGs
[2024-05-27T19:17:49.822+0000] {logging_mixin.py:120} INFO - [2024-05-27T19:17:49.822+0000] {dag.py:3340} INFO - Setting next_dagrun for dag_extract_new to 2024-05-27T19:02:05.366803+00:00, run_after=2024-05-28T19:02:05.366803+00:00
[2024-05-27T19:17:49.842+0000] {processor.py:176} INFO - Processing /opt/airflow/dags/dag_extract_new.py took 0.136 seconds
[2024-05-27T19:18:19.886+0000] {processor.py:154} INFO - Started process (PID=8104) to work on /opt/airflow/dags/dag_extract_new.py
[2024-05-27T19:18:19.887+0000] {processor.py:756} INFO - Processing file /opt/airflow/dags/dag_extract_new.py for tasks to queue
[2024-05-27T19:18:19.888+0000] {logging_mixin.py:120} INFO - [2024-05-27T19:18:19.888+0000] {dagbag.py:537} INFO - Filling up the DagBag from /opt/airflow/dags/dag_extract_new.py
[2024-05-27T19:18:19.935+0000] {processor.py:766} INFO - DAG(s) dict_keys(['dag_extract_new']) retrieved from /opt/airflow/dags/dag_extract_new.py
[2024-05-27T19:18:19.976+0000] {logging_mixin.py:120} INFO - [2024-05-27T19:18:19.976+0000] {dag.py:2585} INFO - Sync 1 DAGs
[2024-05-27T19:18:20.001+0000] {logging_mixin.py:120} INFO - [2024-05-27T19:18:20.000+0000] {dag.py:3340} INFO - Setting next_dagrun for dag_extract_new to 2024-05-27T19:02:05.366803+00:00, run_after=2024-05-28T19:02:05.366803+00:00
[2024-05-27T19:18:20.019+0000] {processor.py:176} INFO - Processing /opt/airflow/dags/dag_extract_new.py took 0.135 seconds
[2024-05-27T19:20:14.741+0000] {processor.py:154} INFO - Started process (PID=46) to work on /opt/airflow/dags/dag_extract_new.py
[2024-05-27T19:20:14.742+0000] {processor.py:756} INFO - Processing file /opt/airflow/dags/dag_extract_new.py for tasks to queue
[2024-05-27T19:20:14.743+0000] {logging_mixin.py:120} INFO - [2024-05-27T19:20:14.743+0000] {dagbag.py:537} INFO - Filling up the DagBag from /opt/airflow/dags/dag_extract_new.py
[2024-05-27T19:20:14.787+0000] {processor.py:766} INFO - DAG(s) dict_keys(['dag_extract_new']) retrieved from /opt/airflow/dags/dag_extract_new.py
[2024-05-27T19:20:14.868+0000] {logging_mixin.py:120} INFO - [2024-05-27T19:20:14.867+0000] {dag.py:2585} INFO - Sync 1 DAGs
[2024-05-27T19:20:14.888+0000] {logging_mixin.py:120} INFO - [2024-05-27T19:20:14.888+0000] {dag.py:3340} INFO - Setting next_dagrun for dag_extract_new to 2024-05-27T19:02:05.366803+00:00, run_after=2024-05-28T19:02:05.366803+00:00
[2024-05-27T19:20:14.903+0000] {processor.py:176} INFO - Processing /opt/airflow/dags/dag_extract_new.py took 0.165 seconds
[2024-05-27T19:20:45.826+0000] {processor.py:154} INFO - Started process (PID=111) to work on /opt/airflow/dags/dag_extract_new.py
[2024-05-27T19:20:45.827+0000] {processor.py:756} INFO - Processing file /opt/airflow/dags/dag_extract_new.py for tasks to queue
[2024-05-27T19:20:45.828+0000] {logging_mixin.py:120} INFO - [2024-05-27T19:20:45.828+0000] {dagbag.py:537} INFO - Filling up the DagBag from /opt/airflow/dags/dag_extract_new.py
[2024-05-27T19:20:45.882+0000] {processor.py:766} INFO - DAG(s) dict_keys(['dag_extract_new']) retrieved from /opt/airflow/dags/dag_extract_new.py
[2024-05-27T19:20:45.916+0000] {logging_mixin.py:120} INFO - [2024-05-27T19:20:45.916+0000] {dag.py:2585} INFO - Sync 1 DAGs
[2024-05-27T19:20:45.943+0000] {logging_mixin.py:120} INFO - [2024-05-27T19:20:45.943+0000] {dag.py:3340} INFO - Setting next_dagrun for dag_extract_new to 2024-05-27T19:02:05.366803+00:00, run_after=2024-05-28T19:02:05.366803+00:00
[2024-05-27T19:20:45.966+0000] {processor.py:176} INFO - Processing /opt/airflow/dags/dag_extract_new.py took 0.142 seconds
[2024-05-27T19:21:16.093+0000] {processor.py:154} INFO - Started process (PID=177) to work on /opt/airflow/dags/dag_extract_new.py
[2024-05-27T19:21:16.094+0000] {processor.py:756} INFO - Processing file /opt/airflow/dags/dag_extract_new.py for tasks to queue
[2024-05-27T19:21:16.095+0000] {logging_mixin.py:120} INFO - [2024-05-27T19:21:16.095+0000] {dagbag.py:537} INFO - Filling up the DagBag from /opt/airflow/dags/dag_extract_new.py
[2024-05-27T19:21:16.137+0000] {processor.py:766} INFO - DAG(s) dict_keys(['dag_extract_new']) retrieved from /opt/airflow/dags/dag_extract_new.py
[2024-05-27T19:21:16.173+0000] {logging_mixin.py:120} INFO - [2024-05-27T19:21:16.173+0000] {dag.py:2585} INFO - Sync 1 DAGs
[2024-05-27T19:21:16.198+0000] {logging_mixin.py:120} INFO - [2024-05-27T19:21:16.198+0000] {dag.py:3340} INFO - Setting next_dagrun for dag_extract_new to 2024-05-27T19:02:05.366803+00:00, run_after=2024-05-28T19:02:05.366803+00:00
[2024-05-27T19:21:16.219+0000] {processor.py:176} INFO - Processing /opt/airflow/dags/dag_extract_new.py took 0.128 seconds
[2024-05-27T19:21:47.003+0000] {processor.py:154} INFO - Started process (PID=233) to work on /opt/airflow/dags/dag_extract_new.py
[2024-05-27T19:21:47.004+0000] {processor.py:756} INFO - Processing file /opt/airflow/dags/dag_extract_new.py for tasks to queue
[2024-05-27T19:21:47.005+0000] {logging_mixin.py:120} INFO - [2024-05-27T19:21:47.005+0000] {dagbag.py:537} INFO - Filling up the DagBag from /opt/airflow/dags/dag_extract_new.py
[2024-05-27T19:21:47.046+0000] {processor.py:766} INFO - DAG(s) dict_keys(['dag_extract_new']) retrieved from /opt/airflow/dags/dag_extract_new.py
[2024-05-27T19:21:47.080+0000] {logging_mixin.py:120} INFO - [2024-05-27T19:21:47.080+0000] {dag.py:2585} INFO - Sync 1 DAGs
[2024-05-27T19:21:47.103+0000] {logging_mixin.py:120} INFO - [2024-05-27T19:21:47.103+0000] {dag.py:3340} INFO - Setting next_dagrun for dag_extract_new to 2024-05-27T19:02:05.366803+00:00, run_after=2024-05-28T19:02:05.366803+00:00
[2024-05-27T19:21:47.123+0000] {processor.py:176} INFO - Processing /opt/airflow/dags/dag_extract_new.py took 0.121 seconds
[2024-05-27T19:22:17.377+0000] {processor.py:154} INFO - Started process (PID=298) to work on /opt/airflow/dags/dag_extract_new.py
[2024-05-27T19:22:17.378+0000] {processor.py:756} INFO - Processing file /opt/airflow/dags/dag_extract_new.py for tasks to queue
[2024-05-27T19:22:17.380+0000] {logging_mixin.py:120} INFO - [2024-05-27T19:22:17.380+0000] {dagbag.py:537} INFO - Filling up the DagBag from /opt/airflow/dags/dag_extract_new.py
[2024-05-27T19:22:17.426+0000] {processor.py:766} INFO - DAG(s) dict_keys(['dag_extract_new']) retrieved from /opt/airflow/dags/dag_extract_new.py
[2024-05-27T19:22:17.461+0000] {logging_mixin.py:120} INFO - [2024-05-27T19:22:17.461+0000] {dag.py:2585} INFO - Sync 1 DAGs
[2024-05-27T19:22:17.491+0000] {logging_mixin.py:120} INFO - [2024-05-27T19:22:17.491+0000] {dag.py:3340} INFO - Setting next_dagrun for dag_extract_new to 2024-05-27T19:02:05.366803+00:00, run_after=2024-05-28T19:02:05.366803+00:00
[2024-05-27T19:22:17.517+0000] {processor.py:176} INFO - Processing /opt/airflow/dags/dag_extract_new.py took 0.143 seconds
[2024-05-27T19:22:47.624+0000] {processor.py:154} INFO - Started process (PID=363) to work on /opt/airflow/dags/dag_extract_new.py
[2024-05-27T19:22:47.625+0000] {processor.py:756} INFO - Processing file /opt/airflow/dags/dag_extract_new.py for tasks to queue
[2024-05-27T19:22:47.625+0000] {logging_mixin.py:120} INFO - [2024-05-27T19:22:47.625+0000] {dagbag.py:537} INFO - Filling up the DagBag from /opt/airflow/dags/dag_extract_new.py
[2024-05-27T19:22:47.667+0000] {processor.py:766} INFO - DAG(s) dict_keys(['dag_extract_new']) retrieved from /opt/airflow/dags/dag_extract_new.py
[2024-05-27T19:22:47.701+0000] {logging_mixin.py:120} INFO - [2024-05-27T19:22:47.701+0000] {dag.py:2585} INFO - Sync 1 DAGs
[2024-05-27T19:22:47.725+0000] {logging_mixin.py:120} INFO - [2024-05-27T19:22:47.725+0000] {dag.py:3340} INFO - Setting next_dagrun for dag_extract_new to 2024-05-27T19:02:05.366803+00:00, run_after=2024-05-28T19:02:05.366803+00:00
[2024-05-27T19:22:47.743+0000] {processor.py:176} INFO - Processing /opt/airflow/dags/dag_extract_new.py took 0.122 seconds
[2024-05-27T19:23:18.276+0000] {processor.py:154} INFO - Started process (PID=420) to work on /opt/airflow/dags/dag_extract_new.py
[2024-05-27T19:23:18.277+0000] {processor.py:756} INFO - Processing file /opt/airflow/dags/dag_extract_new.py for tasks to queue
[2024-05-27T19:23:18.278+0000] {logging_mixin.py:120} INFO - [2024-05-27T19:23:18.278+0000] {dagbag.py:537} INFO - Filling up the DagBag from /opt/airflow/dags/dag_extract_new.py
[2024-05-27T19:23:18.325+0000] {processor.py:766} INFO - DAG(s) dict_keys(['dag_extract_new']) retrieved from /opt/airflow/dags/dag_extract_new.py
[2024-05-27T19:23:18.389+0000] {logging_mixin.py:120} INFO - [2024-05-27T19:23:18.389+0000] {dag.py:2585} INFO - Sync 1 DAGs
[2024-05-27T19:23:18.421+0000] {logging_mixin.py:120} INFO - [2024-05-27T19:23:18.421+0000] {dag.py:3340} INFO - Setting next_dagrun for dag_extract_new to 2024-05-27T19:02:05.366803+00:00, run_after=2024-05-28T19:02:05.366803+00:00
[2024-05-27T19:23:18.447+0000] {processor.py:176} INFO - Processing /opt/airflow/dags/dag_extract_new.py took 0.172 seconds
[2024-05-27T19:23:48.829+0000] {processor.py:154} INFO - Started process (PID=485) to work on /opt/airflow/dags/dag_extract_new.py
[2024-05-27T19:23:48.830+0000] {processor.py:756} INFO - Processing file /opt/airflow/dags/dag_extract_new.py for tasks to queue
[2024-05-27T19:23:48.831+0000] {logging_mixin.py:120} INFO - [2024-05-27T19:23:48.831+0000] {dagbag.py:537} INFO - Filling up the DagBag from /opt/airflow/dags/dag_extract_new.py
[2024-05-27T19:23:48.876+0000] {processor.py:766} INFO - DAG(s) dict_keys(['dag_extract_new']) retrieved from /opt/airflow/dags/dag_extract_new.py
[2024-05-27T19:23:48.910+0000] {logging_mixin.py:120} INFO - [2024-05-27T19:23:48.910+0000] {dag.py:2585} INFO - Sync 1 DAGs
[2024-05-27T19:23:48.936+0000] {logging_mixin.py:120} INFO - [2024-05-27T19:23:48.936+0000] {dag.py:3340} INFO - Setting next_dagrun for dag_extract_new to 2024-05-27T19:02:05.366803+00:00, run_after=2024-05-28T19:02:05.366803+00:00
[2024-05-27T19:23:48.955+0000] {processor.py:176} INFO - Processing /opt/airflow/dags/dag_extract_new.py took 0.128 seconds
[2024-05-27T19:24:19.895+0000] {processor.py:154} INFO - Started process (PID=550) to work on /opt/airflow/dags/dag_extract_new.py
[2024-05-27T19:24:19.896+0000] {processor.py:756} INFO - Processing file /opt/airflow/dags/dag_extract_new.py for tasks to queue
[2024-05-27T19:24:19.897+0000] {logging_mixin.py:120} INFO - [2024-05-27T19:24:19.897+0000] {dagbag.py:537} INFO - Filling up the DagBag from /opt/airflow/dags/dag_extract_new.py
[2024-05-27T19:24:19.939+0000] {processor.py:766} INFO - DAG(s) dict_keys(['dag_extract_new']) retrieved from /opt/airflow/dags/dag_extract_new.py
[2024-05-27T19:24:19.971+0000] {logging_mixin.py:120} INFO - [2024-05-27T19:24:19.970+0000] {dag.py:2585} INFO - Sync 1 DAGs
[2024-05-27T19:24:19.994+0000] {logging_mixin.py:120} INFO - [2024-05-27T19:24:19.994+0000] {dag.py:3340} INFO - Setting next_dagrun for dag_extract_new to 2024-05-27T19:02:05.366803+00:00, run_after=2024-05-28T19:02:05.366803+00:00
[2024-05-27T19:24:20.018+0000] {processor.py:176} INFO - Processing /opt/airflow/dags/dag_extract_new.py took 0.125 seconds
[2024-05-27T19:24:50.729+0000] {processor.py:154} INFO - Started process (PID=613) to work on /opt/airflow/dags/dag_extract_new.py
[2024-05-27T19:24:50.730+0000] {processor.py:756} INFO - Processing file /opt/airflow/dags/dag_extract_new.py for tasks to queue
[2024-05-27T19:24:50.731+0000] {logging_mixin.py:120} INFO - [2024-05-27T19:24:50.731+0000] {dagbag.py:537} INFO - Filling up the DagBag from /opt/airflow/dags/dag_extract_new.py
[2024-05-27T19:24:50.781+0000] {processor.py:766} INFO - DAG(s) dict_keys(['dag_extract_new']) retrieved from /opt/airflow/dags/dag_extract_new.py
[2024-05-27T19:24:50.824+0000] {logging_mixin.py:120} INFO - [2024-05-27T19:24:50.824+0000] {dag.py:2585} INFO - Sync 1 DAGs
[2024-05-27T19:24:50.853+0000] {logging_mixin.py:120} INFO - [2024-05-27T19:24:50.853+0000] {dag.py:3340} INFO - Setting next_dagrun for dag_extract_new to 2024-05-27T19:02:05.366803+00:00, run_after=2024-05-28T19:02:05.366803+00:00
[2024-05-27T19:24:50.875+0000] {processor.py:176} INFO - Processing /opt/airflow/dags/dag_extract_new.py took 0.149 seconds
[2024-05-27T19:25:21.604+0000] {processor.py:154} INFO - Started process (PID=670) to work on /opt/airflow/dags/dag_extract_new.py
[2024-05-27T19:25:21.605+0000] {processor.py:756} INFO - Processing file /opt/airflow/dags/dag_extract_new.py for tasks to queue
[2024-05-27T19:25:21.606+0000] {logging_mixin.py:120} INFO - [2024-05-27T19:25:21.606+0000] {dagbag.py:537} INFO - Filling up the DagBag from /opt/airflow/dags/dag_extract_new.py
[2024-05-27T19:25:21.647+0000] {processor.py:766} INFO - DAG(s) dict_keys(['dag_extract_new']) retrieved from /opt/airflow/dags/dag_extract_new.py
[2024-05-27T19:25:21.682+0000] {logging_mixin.py:120} INFO - [2024-05-27T19:25:21.681+0000] {dag.py:2585} INFO - Sync 1 DAGs
[2024-05-27T19:25:21.707+0000] {logging_mixin.py:120} INFO - [2024-05-27T19:25:21.707+0000] {dag.py:3340} INFO - Setting next_dagrun for dag_extract_new to 2024-05-27T19:02:05.366803+00:00, run_after=2024-05-28T19:02:05.366803+00:00
[2024-05-27T19:25:21.728+0000] {processor.py:176} INFO - Processing /opt/airflow/dags/dag_extract_new.py took 0.126 seconds
[2024-05-27T19:25:52.519+0000] {processor.py:154} INFO - Started process (PID=736) to work on /opt/airflow/dags/dag_extract_new.py
[2024-05-27T19:25:52.520+0000] {processor.py:756} INFO - Processing file /opt/airflow/dags/dag_extract_new.py for tasks to queue
[2024-05-27T19:25:52.520+0000] {logging_mixin.py:120} INFO - [2024-05-27T19:25:52.520+0000] {dagbag.py:537} INFO - Filling up the DagBag from /opt/airflow/dags/dag_extract_new.py
[2024-05-27T19:25:52.560+0000] {processor.py:766} INFO - DAG(s) dict_keys(['dag_extract_new']) retrieved from /opt/airflow/dags/dag_extract_new.py
[2024-05-27T19:25:52.593+0000] {logging_mixin.py:120} INFO - [2024-05-27T19:25:52.593+0000] {dag.py:2585} INFO - Sync 1 DAGs
[2024-05-27T19:25:52.616+0000] {logging_mixin.py:120} INFO - [2024-05-27T19:25:52.616+0000] {dag.py:3340} INFO - Setting next_dagrun for dag_extract_new to 2024-05-27T19:02:05.366803+00:00, run_after=2024-05-28T19:02:05.366803+00:00
[2024-05-27T19:25:52.635+0000] {processor.py:176} INFO - Processing /opt/airflow/dags/dag_extract_new.py took 0.118 seconds
[2024-05-27T19:26:23.087+0000] {processor.py:154} INFO - Started process (PID=801) to work on /opt/airflow/dags/dag_extract_new.py
[2024-05-27T19:26:23.088+0000] {processor.py:756} INFO - Processing file /opt/airflow/dags/dag_extract_new.py for tasks to queue
[2024-05-27T19:26:23.089+0000] {logging_mixin.py:120} INFO - [2024-05-27T19:26:23.089+0000] {dagbag.py:537} INFO - Filling up the DagBag from /opt/airflow/dags/dag_extract_new.py
[2024-05-27T19:26:23.138+0000] {processor.py:766} INFO - DAG(s) dict_keys(['dag_extract_new']) retrieved from /opt/airflow/dags/dag_extract_new.py
[2024-05-27T19:26:23.177+0000] {logging_mixin.py:120} INFO - [2024-05-27T19:26:23.177+0000] {dag.py:2585} INFO - Sync 1 DAGs
[2024-05-27T19:26:23.204+0000] {logging_mixin.py:120} INFO - [2024-05-27T19:26:23.204+0000] {dag.py:3340} INFO - Setting next_dagrun for dag_extract_new to 2024-05-27T19:02:05.366803+00:00, run_after=2024-05-28T19:02:05.366803+00:00
[2024-05-27T19:26:23.230+0000] {processor.py:176} INFO - Processing /opt/airflow/dags/dag_extract_new.py took 0.145 seconds
[2024-05-27T19:26:54.008+0000] {processor.py:154} INFO - Started process (PID=857) to work on /opt/airflow/dags/dag_extract_new.py
[2024-05-27T19:26:54.009+0000] {processor.py:756} INFO - Processing file /opt/airflow/dags/dag_extract_new.py for tasks to queue
[2024-05-27T19:26:54.010+0000] {logging_mixin.py:120} INFO - [2024-05-27T19:26:54.010+0000] {dagbag.py:537} INFO - Filling up the DagBag from /opt/airflow/dags/dag_extract_new.py
[2024-05-27T19:26:54.053+0000] {processor.py:766} INFO - DAG(s) dict_keys(['dag_extract_new']) retrieved from /opt/airflow/dags/dag_extract_new.py
[2024-05-27T19:26:54.115+0000] {logging_mixin.py:120} INFO - [2024-05-27T19:26:54.114+0000] {dag.py:2585} INFO - Sync 1 DAGs
[2024-05-27T19:26:54.141+0000] {logging_mixin.py:120} INFO - [2024-05-27T19:26:54.141+0000] {dag.py:3340} INFO - Setting next_dagrun for dag_extract_new to 2024-05-27T19:02:05.366803+00:00, run_after=2024-05-28T19:02:05.366803+00:00
[2024-05-27T19:26:54.163+0000] {processor.py:176} INFO - Processing /opt/airflow/dags/dag_extract_new.py took 0.157 seconds
[2024-05-27T19:27:24.859+0000] {processor.py:154} INFO - Started process (PID=922) to work on /opt/airflow/dags/dag_extract_new.py
[2024-05-27T19:27:24.860+0000] {processor.py:756} INFO - Processing file /opt/airflow/dags/dag_extract_new.py for tasks to queue
[2024-05-27T19:27:24.861+0000] {logging_mixin.py:120} INFO - [2024-05-27T19:27:24.861+0000] {dagbag.py:537} INFO - Filling up the DagBag from /opt/airflow/dags/dag_extract_new.py
[2024-05-27T19:27:24.904+0000] {processor.py:766} INFO - DAG(s) dict_keys(['dag_extract_new']) retrieved from /opt/airflow/dags/dag_extract_new.py
[2024-05-27T19:27:24.941+0000] {logging_mixin.py:120} INFO - [2024-05-27T19:27:24.941+0000] {dag.py:2585} INFO - Sync 1 DAGs
[2024-05-27T19:27:24.965+0000] {logging_mixin.py:120} INFO - [2024-05-27T19:27:24.965+0000] {dag.py:3340} INFO - Setting next_dagrun for dag_extract_new to 2024-05-27T19:02:05.366803+00:00, run_after=2024-05-28T19:02:05.366803+00:00
[2024-05-27T19:27:24.987+0000] {processor.py:176} INFO - Processing /opt/airflow/dags/dag_extract_new.py took 0.130 seconds
