[2024-05-28T18:05:50.975+0000] {taskinstance.py:1165} INFO - Dependencies all met for <TaskInstance: dag_extract.extract_sales_task manual__2024-05-28T18:05:50.325504+00:00 [queued]>
[2024-05-28T18:05:50.986+0000] {taskinstance.py:1165} INFO - Dependencies all met for <TaskInstance: dag_extract.extract_sales_task manual__2024-05-28T18:05:50.325504+00:00 [queued]>
[2024-05-28T18:05:50.987+0000] {taskinstance.py:1362} INFO - 
--------------------------------------------------------------------------------
[2024-05-28T18:05:50.987+0000] {taskinstance.py:1363} INFO - Starting attempt 1 of 1
[2024-05-28T18:05:50.988+0000] {taskinstance.py:1364} INFO - 
--------------------------------------------------------------------------------
[2024-05-28T18:05:51.002+0000] {taskinstance.py:1383} INFO - Executing <Task(PythonOperator): extract_sales_task> on 2024-05-28 18:05:50.325504+00:00
[2024-05-28T18:05:51.007+0000] {standard_task_runner.py:55} INFO - Started process 855 to run task
[2024-05-28T18:05:51.010+0000] {standard_task_runner.py:82} INFO - Running: ['***', 'tasks', 'run', 'dag_extract', 'extract_sales_task', 'manual__2024-05-28T18:05:50.325504+00:00', '--job-id', '35', '--raw', '--subdir', 'DAGS_FOLDER/dag_extract.py', '--cfg-path', '/tmp/tmpeu8xu56l']
[2024-05-28T18:05:51.011+0000] {standard_task_runner.py:83} INFO - Job 35: Subtask extract_sales_task
[2024-05-28T18:05:51.067+0000] {task_command.py:376} INFO - Running <TaskInstance: dag_extract.extract_sales_task manual__2024-05-28T18:05:50.325504+00:00 [running]> on host 9a04f700e4be
[2024-05-28T18:05:51.137+0000] {taskinstance.py:1592} INFO - Exporting the following env vars:
AIRFLOW_CTX_DAG_OWNER=***
AIRFLOW_CTX_DAG_ID=dag_extract
AIRFLOW_CTX_TASK_ID=extract_sales_task
AIRFLOW_CTX_EXECUTION_DATE=2024-05-28T18:05:50.325504+00:00
AIRFLOW_CTX_TRY_NUMBER=1
AIRFLOW_CTX_DAG_RUN_ID=manual__2024-05-28T18:05:50.325504+00:00
[2024-05-28T18:05:51.290+0000] {logging_mixin.py:120} INFO - closed
[2024-05-28T18:05:51.291+0000] {python.py:177} INFO - Done. Returned value was: None
[2024-05-28T18:05:51.303+0000] {taskinstance.py:1406} INFO - Marking task as SUCCESS. dag_id=dag_extract, task_id=extract_sales_task, execution_date=20240528T180550, start_date=20240528T180550, end_date=20240528T180551
[2024-05-28T18:05:51.343+0000] {local_task_job.py:164} INFO - Task exited with return code 0
[2024-05-28T18:05:51.378+0000] {local_task_job.py:273} INFO - 0 downstream tasks scheduled from follow-on schedule check
