[2024-05-28T18:41:22.269+0000] {taskinstance.py:1165} INFO - Dependencies all met for <TaskInstance: dag_extract.transform_sales_orders_task manual__2024-05-28T18:41:19.562596+00:00 [queued]>
[2024-05-28T18:41:22.281+0000] {taskinstance.py:1165} INFO - Dependencies all met for <TaskInstance: dag_extract.transform_sales_orders_task manual__2024-05-28T18:41:19.562596+00:00 [queued]>
[2024-05-28T18:41:22.282+0000] {taskinstance.py:1362} INFO - 
--------------------------------------------------------------------------------
[2024-05-28T18:41:22.282+0000] {taskinstance.py:1363} INFO - Starting attempt 1 of 1
[2024-05-28T18:41:22.283+0000] {taskinstance.py:1364} INFO - 
--------------------------------------------------------------------------------
[2024-05-28T18:41:22.299+0000] {taskinstance.py:1383} INFO - Executing <Task(PythonOperator): transform_sales_orders_task> on 2024-05-28 18:41:19.562596+00:00
[2024-05-28T18:41:22.303+0000] {standard_task_runner.py:55} INFO - Started process 131 to run task
[2024-05-28T18:41:22.305+0000] {standard_task_runner.py:82} INFO - Running: ['***', 'tasks', 'run', 'dag_extract', 'transform_sales_orders_task', 'manual__2024-05-28T18:41:19.562596+00:00', '--job-id', '45', '--raw', '--subdir', 'DAGS_FOLDER/dag_extract.py', '--cfg-path', '/tmp/tmpu1eegpuc']
[2024-05-28T18:41:22.306+0000] {standard_task_runner.py:83} INFO - Job 45: Subtask transform_sales_orders_task
[2024-05-28T18:41:22.360+0000] {task_command.py:376} INFO - Running <TaskInstance: dag_extract.transform_sales_orders_task manual__2024-05-28T18:41:19.562596+00:00 [running]> on host 9a04f700e4be
[2024-05-28T18:41:22.426+0000] {taskinstance.py:1592} INFO - Exporting the following env vars:
AIRFLOW_CTX_DAG_OWNER=***
AIRFLOW_CTX_DAG_ID=dag_extract
AIRFLOW_CTX_TASK_ID=transform_sales_orders_task
AIRFLOW_CTX_EXECUTION_DATE=2024-05-28T18:41:19.562596+00:00
AIRFLOW_CTX_TRY_NUMBER=1
AIRFLOW_CTX_DAG_RUN_ID=manual__2024-05-28T18:41:19.562596+00:00
[2024-05-28T18:41:22.433+0000] {logging_mixin.py:120} INFO - closed
[2024-05-28T18:41:22.434+0000] {python.py:177} INFO - Done. Returned value was: None
[2024-05-28T18:41:22.444+0000] {taskinstance.py:1406} INFO - Marking task as SUCCESS. dag_id=dag_extract, task_id=transform_sales_orders_task, execution_date=20240528T184119, start_date=20240528T184122, end_date=20240528T184122
[2024-05-28T18:41:22.478+0000] {local_task_job.py:164} INFO - Task exited with return code 0
[2024-05-28T18:41:22.496+0000] {local_task_job.py:273} INFO - 0 downstream tasks scheduled from follow-on schedule check
