[2024-05-28T19:10:38.877+0000] {taskinstance.py:1165} INFO - Dependencies all met for <TaskInstance: dag_extract.extract_orders_task manual__2024-05-28T19:10:37.645321+00:00 [queued]>
[2024-05-28T19:10:38.888+0000] {taskinstance.py:1165} INFO - Dependencies all met for <TaskInstance: dag_extract.extract_orders_task manual__2024-05-28T19:10:37.645321+00:00 [queued]>
[2024-05-28T19:10:38.889+0000] {taskinstance.py:1362} INFO - 
--------------------------------------------------------------------------------
[2024-05-28T19:10:38.889+0000] {taskinstance.py:1363} INFO - Starting attempt 1 of 1
[2024-05-28T19:10:38.890+0000] {taskinstance.py:1364} INFO - 
--------------------------------------------------------------------------------
[2024-05-28T19:10:38.911+0000] {taskinstance.py:1383} INFO - Executing <Task(PythonOperator): extract_orders_task> on 2024-05-28 19:10:37.645321+00:00
[2024-05-28T19:10:38.916+0000] {standard_task_runner.py:55} INFO - Started process 1558 to run task
[2024-05-28T19:10:38.918+0000] {standard_task_runner.py:82} INFO - Running: ['***', 'tasks', 'run', 'dag_extract', 'extract_orders_task', 'manual__2024-05-28T19:10:37.645321+00:00', '--job-id', '68', '--raw', '--subdir', 'DAGS_FOLDER/dag_extract.py', '--cfg-path', '/tmp/tmplrw0pfgr']
[2024-05-28T19:10:38.919+0000] {standard_task_runner.py:83} INFO - Job 68: Subtask extract_orders_task
[2024-05-28T19:10:38.977+0000] {task_command.py:376} INFO - Running <TaskInstance: dag_extract.extract_orders_task manual__2024-05-28T19:10:37.645321+00:00 [running]> on host 9a04f700e4be
[2024-05-28T19:10:39.050+0000] {taskinstance.py:1592} INFO - Exporting the following env vars:
AIRFLOW_CTX_DAG_OWNER=***
AIRFLOW_CTX_DAG_ID=dag_extract
AIRFLOW_CTX_TASK_ID=extract_orders_task
AIRFLOW_CTX_EXECUTION_DATE=2024-05-28T19:10:37.645321+00:00
AIRFLOW_CTX_TRY_NUMBER=1
AIRFLOW_CTX_DAG_RUN_ID=manual__2024-05-28T19:10:37.645321+00:00
[2024-05-28T19:10:39.186+0000] {logging_mixin.py:120} INFO - closed
[2024-05-28T19:10:39.187+0000] {python.py:177} INFO - Done. Returned value was: None
[2024-05-28T19:10:39.199+0000] {taskinstance.py:1406} INFO - Marking task as SUCCESS. dag_id=dag_extract, task_id=extract_orders_task, execution_date=20240528T191037, start_date=20240528T191038, end_date=20240528T191039
[2024-05-28T19:10:39.251+0000] {local_task_job.py:164} INFO - Task exited with return code 0
[2024-05-28T19:10:39.280+0000] {local_task_job.py:273} INFO - 0 downstream tasks scheduled from follow-on schedule check
